-- Found ament_cmake: 2.0.4 (/opt/ros/iron/share/ament_cmake/cmake)
-- Found rosidl_default_generators: 1.5.0 (/opt/ros/iron/share/rosidl_default_generators/cmake)
-- Using all available rosidl_typesupport_c: rosidl_typesupport_fastrtps_c;rosidl_typesupport_introspection_c
-- Using all available rosidl_typesupport_cpp: rosidl_typesupport_fastrtps_cpp;rosidl_typesupport_introspection_cpp
-- Found rosidl_adapter: 4.0.1 (/opt/ros/iron/share/rosidl_adapter/cmake)
-- Using protobuf 25.1.0
-- Using gRPC 1.62.0
-- Found ament_cmake_ros: 0.11.2 (/opt/ros/iron/share/ament_cmake_ros/cmake)
-- Using all available rosidl_typesupport_c: rosidl_typesupport_fastrtps_c;rosidl_typesupport_introspection_c
-- Using all available rosidl_typesupport_cpp: rosidl_typesupport_fastrtps_cpp;rosidl_typesupport_introspection_cpp
-- Found python_cmake_module: 0.10.2 (/opt/ros/iron/share/python_cmake_module/cmake)
-- Using PYTHON_EXECUTABLE: /usr/bin/python3
-- Using PYTHON_INCLUDE_DIRS: /usr/include/python3.10
-- Using PYTHON_LIBRARIES: /usr/lib/x86_64-linux-gnu/libpython3.10.so
-- Configuring done
-- Generating done
-- Build files have been written to: /home/mbsaloka/Desktop/Ichiro/shisen_app/shisen_interfaces/build/shisen_interfaces
[35m[1mConsolidate compiler generated dependencies of target shisen_proto[0m
[  1%] [34m[1mGenerating type hashes for ROS interfaces[0m
[  2%] Built target ament_cmake_python_copy_shisen_interfaces
[  6%] Built target shisen_proto
running egg_info
writing shisen_interfaces.egg-info/PKG-INFO
writing dependency_links to shisen_interfaces.egg-info/dependency_links.txt
writing top-level names to shisen_interfaces.egg-info/top_level.txt
reading manifest file 'shisen_interfaces.egg-info/SOURCES.txt'
writing manifest file 'shisen_interfaces.egg-info/SOURCES.txt'
[  6%] Built target ament_cmake_python_build_shisen_interfaces_egg
[  6%] Built target shisen_interfaces__rosidl_generator_type_description
[  7%] [34m[1mGenerating C code for ROS interfaces[0m
[  8%] [34m[1mGenerating C++ code for ROS interfaces[0m
[  8%] Built target shisen_interfaces__cpp
[35m[1mConsolidate compiler generated dependencies of target shisen_interfaces__rosidl_generator_c[0m
[ 11%] [32mBuilding C object CMakeFiles/shisen_interfaces__rosidl_generator_c.dir/rosidl_generator_c/shisen_interfaces/msg/detail/camera_config__functions.c.o[0m
[ 11%] [32mBuilding C object CMakeFiles/shisen_interfaces__rosidl_generator_c.dir/rosidl_generator_c/shisen_interfaces/msg/detail/camera_config__description.c.o[0m
[ 12%] [32mBuilding C object CMakeFiles/shisen_interfaces__rosidl_generator_c.dir/rosidl_generator_c/shisen_interfaces/msg/detail/camera_config__type_support.c.o[0m
[ 14%] [32mBuilding C object CMakeFiles/shisen_interfaces__rosidl_generator_c.dir/rosidl_generator_c/shisen_interfaces/msg/detail/capture_setting__description.c.o[0m
[ 16%] [32mBuilding C object CMakeFiles/shisen_interfaces__rosidl_generator_c.dir/rosidl_generator_c/shisen_interfaces/msg/detail/capture_setting__functions.c.o[0m
[ 16%] [32mBuilding C object CMakeFiles/shisen_interfaces__rosidl_generator_c.dir/rosidl_generator_c/shisen_interfaces/msg/detail/capture_setting__type_support.c.o[0m
[ 19%] [32mBuilding C object CMakeFiles/shisen_interfaces__rosidl_generator_c.dir/rosidl_generator_c/shisen_interfaces/msg/detail/image__type_support.c.o[0m
[ 19%] [32mBuilding C object CMakeFiles/shisen_interfaces__rosidl_generator_c.dir/rosidl_generator_c/shisen_interfaces/msg/detail/image__functions.c.o[0m
[ 20%] [32mBuilding C object CMakeFiles/shisen_interfaces__rosidl_generator_c.dir/rosidl_generator_c/shisen_interfaces/msg/detail/image__description.c.o[0m
[ 21%] [32mBuilding C object CMakeFiles/shisen_interfaces__rosidl_generator_c.dir/rosidl_generator_c/shisen_interfaces/msg/detail/set_capture__description.c.o[0m
[ 23%] [32mBuilding C object CMakeFiles/shisen_interfaces__rosidl_generator_c.dir/rosidl_generator_c/shisen_interfaces/srv/detail/configure_capture_setting__description.c.o[0m
[ 24%] [32mBuilding C object CMakeFiles/shisen_interfaces__rosidl_generator_c.dir/rosidl_generator_c/shisen_interfaces/msg/detail/set_capture__functions.c.o[0m
[ 25%] [32mBuilding C object CMakeFiles/shisen_interfaces__rosidl_generator_c.dir/rosidl_generator_c/shisen_interfaces/msg/detail/set_capture__type_support.c.o[0m
[ 26%] [32mBuilding C object CMakeFiles/shisen_interfaces__rosidl_generator_c.dir/rosidl_generator_c/shisen_interfaces/srv/detail/configure_capture_setting__functions.c.o[0m
[ 28%] [32mBuilding C object CMakeFiles/shisen_interfaces__rosidl_generator_c.dir/rosidl_generator_c/shisen_interfaces/srv/detail/configure_capture_setting__type_support.c.o[0m
[ 29%] [32m[1mLinking C shared library libshisen_interfaces__rosidl_generator_c.so[0m
[ 29%] Built target shisen_interfaces__rosidl_generator_c
[ 30%] [34m[1mGenerating C++ type support dispatch for ROS interfaces[0m
[ 32%] [34m[1mGenerating C type support for eProsima Fast-RTPS[0m
[ 34%] [34m[1mGenerating C introspection for ROS interfaces[0m
[ 34%] [34m[1mGenerating C type support dispatch for ROS interfaces[0m
[ 35%] [34m[1mGenerating C++ type support for eProsima Fast-RTPS[0m
[ 37%] [34m[1mGenerating C++ introspection for ROS interfaces[0m
[35m[1mConsolidate compiler generated dependencies of target shisen_interfaces__rosidl_typesupport_c[0m
[35m[1mConsolidate compiler generated dependencies of target shisen_interfaces__rosidl_typesupport_cpp[0m
[ 38%] [32mBuilding CXX object CMakeFiles/shisen_interfaces__rosidl_typesupport_c.dir/rosidl_typesupport_c/shisen_interfaces/msg/capture_setting__type_support.cpp.o[0m
[ 39%] [32mBuilding CXX object CMakeFiles/shisen_interfaces__rosidl_typesupport_c.dir/rosidl_typesupport_c/shisen_interfaces/msg/camera_config__type_support.cpp.o[0m
[ 41%] [32mBuilding CXX object CMakeFiles/shisen_interfaces__rosidl_typesupport_c.dir/rosidl_typesupport_c/shisen_interfaces/msg/set_capture__type_support.cpp.o[0m
[ 42%] [32mBuilding CXX object CMakeFiles/shisen_interfaces__rosidl_typesupport_c.dir/rosidl_typesupport_c/shisen_interfaces/msg/image__type_support.cpp.o[0m
[ 43%] [32mBuilding CXX object CMakeFiles/shisen_interfaces__rosidl_typesupport_c.dir/rosidl_typesupport_c/shisen_interfaces/srv/configure_capture_setting__type_support.cpp.o[0m
[ 44%] [32mBuilding CXX object CMakeFiles/shisen_interfaces__rosidl_typesupport_cpp.dir/rosidl_typesupport_cpp/shisen_interfaces/msg/capture_setting__type_support.cpp.o[0m
[ 46%] [32mBuilding CXX object CMakeFiles/shisen_interfaces__rosidl_typesupport_cpp.dir/rosidl_typesupport_cpp/shisen_interfaces/msg/image__type_support.cpp.o[0m
[ 47%] [32mBuilding CXX object CMakeFiles/shisen_interfaces__rosidl_typesupport_cpp.dir/rosidl_typesupport_cpp/shisen_interfaces/msg/set_capture__type_support.cpp.o[0m
[ 48%] [32mBuilding CXX object CMakeFiles/shisen_interfaces__rosidl_typesupport_cpp.dir/rosidl_typesupport_cpp/shisen_interfaces/srv/configure_capture_setting__type_support.cpp.o[0m
[ 50%] [32mBuilding CXX object CMakeFiles/shisen_interfaces__rosidl_typesupport_cpp.dir/rosidl_typesupport_cpp/shisen_interfaces/msg/camera_config__type_support.cpp.o[0m
[ 51%] [32m[1mLinking CXX shared library libshisen_interfaces__rosidl_typesupport_c.so[0m
[35m[1mConsolidate compiler generated dependencies of target shisen_interfaces__rosidl_typesupport_introspection_c[0m
[35m[1mConsolidate compiler generated dependencies of target shisen_interfaces__rosidl_typesupport_fastrtps_c[0m
[ 52%] [32mBuilding C object CMakeFiles/shisen_interfaces__rosidl_typesupport_introspection_c.dir/rosidl_typesupport_introspection_c/shisen_interfaces/msg/detail/camera_config__type_support.c.o[0m
[ 51%] Built target shisen_interfaces__rosidl_typesupport_c
[ 53%] [32mBuilding C object CMakeFiles/shisen_interfaces__rosidl_typesupport_introspection_c.dir/rosidl_typesupport_introspection_c/shisen_interfaces/msg/detail/capture_setting__type_support.c.o[0m
[ 56%] [32mBuilding C object CMakeFiles/shisen_interfaces__rosidl_typesupport_introspection_c.dir/rosidl_typesupport_introspection_c/shisen_interfaces/msg/detail/image__type_support.c.o[0m
[ 56%] [32mBuilding C object CMakeFiles/shisen_interfaces__rosidl_typesupport_introspection_c.dir/rosidl_typesupport_introspection_c/shisen_interfaces/msg/detail/set_capture__type_support.c.o[0m
[ 57%] [32mBuilding C object CMakeFiles/shisen_interfaces__rosidl_typesupport_introspection_c.dir/rosidl_typesupport_introspection_c/shisen_interfaces/srv/detail/configure_capture_setting__type_support.c.o[0m
[ 58%] [32mBuilding CXX object CMakeFiles/shisen_interfaces__rosidl_typesupport_fastrtps_c.dir/rosidl_typesupport_fastrtps_c/shisen_interfaces/msg/detail/camera_config__type_support_c.cpp.o[0m
[ 60%] [32mBuilding CXX object CMakeFiles/shisen_interfaces__rosidl_typesupport_fastrtps_c.dir/rosidl_typesupport_fastrtps_c/shisen_interfaces/msg/detail/capture_setting__type_support_c.cpp.o[0m
[ 61%] [32mBuilding CXX object CMakeFiles/shisen_interfaces__rosidl_typesupport_fastrtps_c.dir/rosidl_typesupport_fastrtps_c/shisen_interfaces/msg/detail/image__type_support_c.cpp.o[0m
[35m[1mConsolidate compiler generated dependencies of target shisen_interfaces__rosidl_typesupport_fastrtps_cpp[0m
[ 62%] [32mBuilding CXX object CMakeFiles/shisen_interfaces__rosidl_typesupport_fastrtps_c.dir/rosidl_typesupport_fastrtps_c/shisen_interfaces/msg/detail/set_capture__type_support_c.cpp.o[0m
[ 64%] [32mBuilding CXX object CMakeFiles/shisen_interfaces__rosidl_typesupport_fastrtps_c.dir/rosidl_typesupport_fastrtps_c/shisen_interfaces/srv/detail/configure_capture_setting__type_support_c.cpp.o[0m
[ 65%] [32mBuilding CXX object CMakeFiles/shisen_interfaces__rosidl_typesupport_fastrtps_cpp.dir/rosidl_typesupport_fastrtps_cpp/shisen_interfaces/msg/detail/dds_fastrtps/set_capture__type_support.cpp.o[0m
[ 66%] [32mBuilding CXX object CMakeFiles/shisen_interfaces__rosidl_typesupport_fastrtps_cpp.dir/rosidl_typesupport_fastrtps_cpp/shisen_interfaces/msg/detail/dds_fastrtps/image__type_support.cpp.o[0m
[35m[1mConsolidate compiler generated dependencies of target shisen_interfaces__rosidl_typesupport_introspection_cpp[0m
[ 67%] [32mBuilding CXX object CMakeFiles/shisen_interfaces__rosidl_typesupport_fastrtps_cpp.dir/rosidl_typesupport_fastrtps_cpp/shisen_interfaces/msg/detail/dds_fastrtps/capture_setting__type_support.cpp.o[0m
[ 70%] [32mBuilding CXX object CMakeFiles/shisen_interfaces__rosidl_typesupport_introspection_cpp.dir/rosidl_typesupport_introspection_cpp/shisen_interfaces/msg/detail/camera_config__type_support.cpp.o[0m
[ 70%] [32mBuilding CXX object CMakeFiles/shisen_interfaces__rosidl_typesupport_fastrtps_cpp.dir/rosidl_typesupport_fastrtps_cpp/shisen_interfaces/msg/detail/dds_fastrtps/camera_config__type_support.cpp.o[0m
[ 71%] [32m[1mLinking C shared library libshisen_interfaces__rosidl_typesupport_introspection_c.so[0m
[ 71%] Built target shisen_interfaces__rosidl_typesupport_introspection_c
[ 73%] [32mBuilding CXX object CMakeFiles/shisen_interfaces__rosidl_typesupport_introspection_cpp.dir/rosidl_typesupport_introspection_cpp/shisen_interfaces/msg/detail/capture_setting__type_support.cpp.o[0m
[ 74%] [32mBuilding CXX object CMakeFiles/shisen_interfaces__rosidl_typesupport_fastrtps_cpp.dir/rosidl_typesupport_fastrtps_cpp/shisen_interfaces/srv/detail/dds_fastrtps/configure_capture_setting__type_support.cpp.o[0m
[ 75%] [32mBuilding CXX object CMakeFiles/shisen_interfaces__rosidl_typesupport_introspection_cpp.dir/rosidl_typesupport_introspection_cpp/shisen_interfaces/msg/detail/set_capture__type_support.cpp.o[0m
[ 76%] [32mBuilding CXX object CMakeFiles/shisen_interfaces__rosidl_typesupport_introspection_cpp.dir/rosidl_typesupport_introspection_cpp/shisen_interfaces/msg/detail/image__type_support.cpp.o[0m
[ 78%] [32mBuilding CXX object CMakeFiles/shisen_interfaces__rosidl_typesupport_introspection_cpp.dir/rosidl_typesupport_introspection_cpp/shisen_interfaces/srv/detail/configure_capture_setting__type_support.cpp.o[0m
[ 79%] [32m[1mLinking CXX shared library libshisen_interfaces__rosidl_typesupport_fastrtps_c.so[0m
[ 80%] [32m[1mLinking CXX shared library libshisen_interfaces__rosidl_typesupport_cpp.so[0m
[ 80%] Built target shisen_interfaces__rosidl_typesupport_fastrtps_c
[ 80%] Built target shisen_interfaces__rosidl_typesupport_cpp
[ 82%] [32m[1mLinking CXX shared library libshisen_interfaces__rosidl_typesupport_introspection_cpp.so[0m
[ 82%] Built target shisen_interfaces__rosidl_typesupport_introspection_cpp
[ 83%] [32m[1mLinking CXX shared library libshisen_interfaces__rosidl_typesupport_fastrtps_cpp.so[0m
[ 83%] Built target shisen_interfaces__rosidl_typesupport_fastrtps_cpp
[ 83%] Built target shisen_interfaces
[ 84%] [34m[1mGenerating Python code for ROS interfaces[0m
[ 84%] Built target shisen_interfaces__py
[35m[1mConsolidate compiler generated dependencies of target shisen_interfaces__rosidl_generator_py[0m
[ 85%] [32mBuilding C object CMakeFiles/shisen_interfaces__rosidl_generator_py.dir/rosidl_generator_py/shisen_interfaces/msg/_camera_config_s.c.o[0m
[ 87%] [32mBuilding C object CMakeFiles/shisen_interfaces__rosidl_generator_py.dir/rosidl_generator_py/shisen_interfaces/msg/_image_s.c.o[0m
[ 88%] [32mBuilding C object CMakeFiles/shisen_interfaces__rosidl_generator_py.dir/rosidl_generator_py/shisen_interfaces/msg/_capture_setting_s.c.o[0m
[ 89%] [32mBuilding C object CMakeFiles/shisen_interfaces__rosidl_generator_py.dir/rosidl_generator_py/shisen_interfaces/msg/_set_capture_s.c.o[0m
[ 91%] [32mBuilding C object CMakeFiles/shisen_interfaces__rosidl_generator_py.dir/rosidl_generator_py/shisen_interfaces/srv/_configure_capture_setting_s.c.o[0m
[ 92%] [32m[1mLinking C shared library rosidl_generator_py/shisen_interfaces/libshisen_interfaces__rosidl_generator_py.so[0m
[ 92%] Built target shisen_interfaces__rosidl_generator_py
[35m[1mConsolidate compiler generated dependencies of target shisen_interfaces__rosidl_typesupport_c__pyext[0m
[35m[1mConsolidate compiler generated dependencies of target shisen_interfaces__rosidl_typesupport_introspection_c__pyext[0m
[35m[1mConsolidate compiler generated dependencies of target shisen_interfaces__rosidl_typesupport_fastrtps_c__pyext[0m
[ 93%] [32mBuilding C object CMakeFiles/shisen_interfaces__rosidl_typesupport_c__pyext.dir/rosidl_generator_py/shisen_interfaces/_shisen_interfaces_s.ep.rosidl_typesupport_c.c.o[0m
[ 94%] [32mBuilding C object CMakeFiles/shisen_interfaces__rosidl_typesupport_introspection_c__pyext.dir/rosidl_generator_py/shisen_interfaces/_shisen_interfaces_s.ep.rosidl_typesupport_introspection_c.c.o[0m
[ 96%] [32mBuilding C object CMakeFiles/shisen_interfaces__rosidl_typesupport_fastrtps_c__pyext.dir/rosidl_generator_py/shisen_interfaces/_shisen_interfaces_s.ep.rosidl_typesupport_fastrtps_c.c.o[0m
[ 97%] [32m[1mLinking C shared library rosidl_generator_py/shisen_interfaces/shisen_interfaces_s__rosidl_typesupport_c.cpython-310-x86_64-linux-gnu.so[0m
[ 98%] [32m[1mLinking C shared library rosidl_generator_py/shisen_interfaces/shisen_interfaces_s__rosidl_typesupport_fastrtps_c.cpython-310-x86_64-linux-gnu.so[0m
[100%] [32m[1mLinking C shared library rosidl_generator_py/shisen_interfaces/shisen_interfaces_s__rosidl_typesupport_introspection_c.cpython-310-x86_64-linux-gnu.so[0m
[100%] Built target shisen_interfaces__rosidl_typesupport_c__pyext
[100%] Built target shisen_interfaces__rosidl_typesupport_fastrtps_c__pyext
[100%] Built target shisen_interfaces__rosidl_typesupport_introspection_c__pyext
-- Install configuration: ""
-- Installing: /home/mbsaloka/Desktop/Ichiro/shisen_app/shisen_interfaces/install/shisen_interfaces/share/ament_index/resource_index/rosidl_interfaces/shisen_interfaces
-- Installing: /home/mbsaloka/Desktop/Ichiro/shisen_app/shisen_interfaces/install/shisen_interfaces/share/shisen_interfaces/msg/CameraConfig.json
-- Installing: /home/mbsaloka/Desktop/Ichiro/shisen_app/shisen_interfaces/install/shisen_interfaces/share/shisen_interfaces/msg/CaptureSetting.json
-- Installing: /home/mbsaloka/Desktop/Ichiro/shisen_app/shisen_interfaces/install/shisen_interfaces/share/shisen_interfaces/msg/Image.json
-- Installing: /home/mbsaloka/Desktop/Ichiro/shisen_app/shisen_interfaces/install/shisen_interfaces/share/shisen_interfaces/msg/SetCapture.json
-- Installing: /home/mbsaloka/Desktop/Ichiro/shisen_app/shisen_interfaces/install/shisen_interfaces/share/shisen_interfaces/srv/ConfigureCaptureSetting.json
-- Up-to-date: /home/mbsaloka/Desktop/Ichiro/shisen_app/shisen_interfaces/install/shisen_interfaces/include/shisen_interfaces/shisen_interfaces
-- Up-to-date: /home/mbsaloka/Desktop/Ichiro/shisen_app/shisen_interfaces/install/shisen_interfaces/include/shisen_interfaces/shisen_interfaces/srv
-- Installing: /home/mbsaloka/Desktop/Ichiro/shisen_app/shisen_interfaces/install/shisen_interfaces/include/shisen_interfaces/shisen_interfaces/srv/configure_capture_setting.h
-- Up-to-date: /home/mbsaloka/Desktop/Ichiro/shisen_app/shisen_interfaces/install/shisen_interfaces/include/shisen_interfaces/shisen_interfaces/srv/detail
-- Installing: /home/mbsaloka/Desktop/Ichiro/shisen_app/shisen_interfaces/install/shisen_interfaces/include/shisen_interfaces/shisen_interfaces/srv/detail/configure_capture_setting__functions.c
-- Installing: /home/mbsaloka/Desktop/Ichiro/shisen_app/shisen_interfaces/install/shisen_interfaces/include/shisen_interfaces/shisen_interfaces/srv/detail/configure_capture_setting__type_support.h
-- Installing: /home/mbsaloka/Desktop/Ichiro/shisen_app/shisen_interfaces/install/shisen_interfaces/include/shisen_interfaces/shisen_interfaces/srv/detail/configure_capture_setting__functions.h
-- Installing: /home/mbsaloka/Desktop/Ichiro/shisen_app/shisen_interfaces/install/shisen_interfaces/include/shisen_interfaces/shisen_interfaces/srv/detail/configure_capture_setting__description.c
-- Installing: /home/mbsaloka/Desktop/Ichiro/shisen_app/shisen_interfaces/install/shisen_interfaces/include/shisen_interfaces/shisen_interfaces/srv/detail/configure_capture_setting__struct.h
-- Installing: /home/mbsaloka/Desktop/Ichiro/shisen_app/shisen_interfaces/install/shisen_interfaces/include/shisen_interfaces/shisen_interfaces/srv/detail/configure_capture_setting__type_support.c
-- Up-to-date: /home/mbsaloka/Desktop/Ichiro/shisen_app/shisen_interfaces/install/shisen_interfaces/include/shisen_interfaces/shisen_interfaces/msg
-- Installing: /home/mbsaloka/Desktop/Ichiro/shisen_app/shisen_interfaces/install/shisen_interfaces/include/shisen_interfaces/shisen_interfaces/msg/capture_setting.h
-- Installing: /home/mbsaloka/Desktop/Ichiro/shisen_app/shisen_interfaces/install/shisen_interfaces/include/shisen_interfaces/shisen_interfaces/msg/set_capture.h
-- Installing: /home/mbsaloka/Desktop/Ichiro/shisen_app/shisen_interfaces/install/shisen_interfaces/include/shisen_interfaces/shisen_interfaces/msg/image.h
-- Up-to-date: /home/mbsaloka/Desktop/Ichiro/shisen_app/shisen_interfaces/install/shisen_interfaces/include/shisen_interfaces/shisen_interfaces/msg/rosidl_generator_c__visibility_control.h
-- Installing: /home/mbsaloka/Desktop/Ichiro/shisen_app/shisen_interfaces/install/shisen_interfaces/include/shisen_interfaces/shisen_interfaces/msg/camera_config.h
-- Up-to-date: /home/mbsaloka/Desktop/Ichiro/shisen_app/shisen_interfaces/install/shisen_interfaces/include/shisen_interfaces/shisen_interfaces/msg/detail
-- Installing: /home/mbsaloka/Desktop/Ichiro/shisen_app/shisen_interfaces/install/shisen_interfaces/include/shisen_interfaces/shisen_interfaces/msg/detail/set_capture__functions.h
-- Installing: /home/mbsaloka/Desktop/Ichiro/shisen_app/shisen_interfaces/install/shisen_interfaces/include/shisen_interfaces/shisen_interfaces/msg/detail/capture_setting__functions.h
-- Installing: /home/mbsaloka/Desktop/Ichiro/shisen_app/shisen_interfaces/install/shisen_interfaces/include/shisen_interfaces/shisen_interfaces/msg/detail/camera_config__functions.c
-- Installing: /home/mbsaloka/Desktop/Ichiro/shisen_app/shisen_interfaces/install/shisen_interfaces/include/shisen_interfaces/shisen_interfaces/msg/detail/capture_setting__struct.h
-- Installing: /home/mbsaloka/Desktop/Ichiro/shisen_app/shisen_interfaces/install/shisen_interfaces/include/shisen_interfaces/shisen_interfaces/msg/detail/capture_setting__type_support.c
-- Installing: /home/mbsaloka/Desktop/Ichiro/shisen_app/shisen_interfaces/install/shisen_interfaces/include/shisen_interfaces/shisen_interfaces/msg/detail/set_capture__struct.h
-- Installing: /home/mbsaloka/Desktop/Ichiro/shisen_app/shisen_interfaces/install/shisen_interfaces/include/shisen_interfaces/shisen_interfaces/msg/detail/camera_config__type_support.c
-- Installing: /home/mbsaloka/Desktop/Ichiro/shisen_app/shisen_interfaces/install/shisen_interfaces/include/shisen_interfaces/shisen_interfaces/msg/detail/set_capture__type_support.c
-- Installing: /home/mbsaloka/Desktop/Ichiro/shisen_app/shisen_interfaces/install/shisen_interfaces/include/shisen_interfaces/shisen_interfaces/msg/detail/image__struct.h
-- Installing: /home/mbsaloka/Desktop/Ichiro/shisen_app/shisen_interfaces/install/shisen_interfaces/include/shisen_interfaces/shisen_interfaces/msg/detail/set_capture__functions.c
-- Installing: /home/mbsaloka/Desktop/Ichiro/shisen_app/shisen_interfaces/install/shisen_interfaces/include/shisen_interfaces/shisen_interfaces/msg/detail/camera_config__functions.h
-- Installing: /home/mbsaloka/Desktop/Ichiro/shisen_app/shisen_interfaces/install/shisen_interfaces/include/shisen_interfaces/shisen_interfaces/msg/detail/capture_setting__functions.c
-- Installing: /home/mbsaloka/Desktop/Ichiro/shisen_app/shisen_interfaces/install/shisen_interfaces/include/shisen_interfaces/shisen_interfaces/msg/detail/camera_config__description.c
-- Installing: /home/mbsaloka/Desktop/Ichiro/shisen_app/shisen_interfaces/install/shisen_interfaces/include/shisen_interfaces/shisen_interfaces/msg/detail/image__functions.h
-- Installing: /home/mbsaloka/Desktop/Ichiro/shisen_app/shisen_interfaces/install/shisen_interfaces/include/shisen_interfaces/shisen_interfaces/msg/detail/camera_config__struct.h
-- Installing: /home/mbsaloka/Desktop/Ichiro/shisen_app/shisen_interfaces/install/shisen_interfaces/include/shisen_interfaces/shisen_interfaces/msg/detail/capture_setting__description.c
-- Installing: /home/mbsaloka/Desktop/Ichiro/shisen_app/shisen_interfaces/install/shisen_interfaces/include/shisen_interfaces/shisen_interfaces/msg/detail/image__functions.c
-- Installing: /home/mbsaloka/Desktop/Ichiro/shisen_app/shisen_interfaces/install/shisen_interfaces/include/shisen_interfaces/shisen_interfaces/msg/detail/capture_setting__type_support.h
-- Installing: /home/mbsaloka/Desktop/Ichiro/shisen_app/shisen_interfaces/install/shisen_interfaces/include/shisen_interfaces/shisen_interfaces/msg/detail/image__type_support.h
-- Installing: /home/mbsaloka/Desktop/Ichiro/shisen_app/shisen_interfaces/install/shisen_interfaces/include/shisen_interfaces/shisen_interfaces/msg/detail/set_capture__description.c
-- Installing: /home/mbsaloka/Desktop/Ichiro/shisen_app/shisen_interfaces/install/shisen_interfaces/include/shisen_interfaces/shisen_interfaces/msg/detail/image__type_support.c
-- Installing: /home/mbsaloka/Desktop/Ichiro/shisen_app/shisen_interfaces/install/shisen_interfaces/include/shisen_interfaces/shisen_interfaces/msg/detail/set_capture__type_support.h
-- Installing: /home/mbsaloka/Desktop/Ichiro/shisen_app/shisen_interfaces/install/shisen_interfaces/include/shisen_interfaces/shisen_interfaces/msg/detail/image__description.c
-- Installing: /home/mbsaloka/Desktop/Ichiro/shisen_app/shisen_interfaces/install/shisen_interfaces/include/shisen_interfaces/shisen_interfaces/msg/detail/camera_config__type_support.h
-- Up-to-date: /home/mbsaloka/Desktop/Ichiro/shisen_app/shisen_interfaces/install/shisen_interfaces/share/shisen_interfaces/environment/library_path.sh
-- Up-to-date: /home/mbsaloka/Desktop/Ichiro/shisen_app/shisen_interfaces/install/shisen_interfaces/share/shisen_interfaces/environment/library_path.dsv
-- Installing: /home/mbsaloka/Desktop/Ichiro/shisen_app/shisen_interfaces/install/shisen_interfaces/lib/libshisen_interfaces__rosidl_generator_c.so
-- Set runtime path of "/home/mbsaloka/Desktop/Ichiro/shisen_app/shisen_interfaces/install/shisen_interfaces/lib/libshisen_interfaces__rosidl_generator_c.so" to ""
-- Up-to-date: /home/mbsaloka/Desktop/Ichiro/shisen_app/shisen_interfaces/install/shisen_interfaces/include/shisen_interfaces/shisen_interfaces
-- Up-to-date: /home/mbsaloka/Desktop/Ichiro/shisen_app/shisen_interfaces/install/shisen_interfaces/include/shisen_interfaces/shisen_interfaces/srv
-- Up-to-date: /home/mbsaloka/Desktop/Ichiro/shisen_app/shisen_interfaces/install/shisen_interfaces/include/shisen_interfaces/shisen_interfaces/srv/detail
-- Installing: /home/mbsaloka/Desktop/Ichiro/shisen_app/shisen_interfaces/install/shisen_interfaces/include/shisen_interfaces/shisen_interfaces/srv/detail/configure_capture_setting__rosidl_typesupport_fastrtps_c.h
-- Up-to-date: /home/mbsaloka/Desktop/Ichiro/shisen_app/shisen_interfaces/install/shisen_interfaces/include/shisen_interfaces/shisen_interfaces/msg
-- Up-to-date: /home/mbsaloka/Desktop/Ichiro/shisen_app/shisen_interfaces/install/shisen_interfaces/include/shisen_interfaces/shisen_interfaces/msg/rosidl_typesupport_fastrtps_c__visibility_control.h
-- Up-to-date: /home/mbsaloka/Desktop/Ichiro/shisen_app/shisen_interfaces/install/shisen_interfaces/include/shisen_interfaces/shisen_interfaces/msg/detail
-- Installing: /home/mbsaloka/Desktop/Ichiro/shisen_app/shisen_interfaces/install/shisen_interfaces/include/shisen_interfaces/shisen_interfaces/msg/detail/image__rosidl_typesupport_fastrtps_c.h
-- Installing: /home/mbsaloka/Desktop/Ichiro/shisen_app/shisen_interfaces/install/shisen_interfaces/include/shisen_interfaces/shisen_interfaces/msg/detail/camera_config__rosidl_typesupport_fastrtps_c.h
-- Installing: /home/mbsaloka/Desktop/Ichiro/shisen_app/shisen_interfaces/install/shisen_interfaces/include/shisen_interfaces/shisen_interfaces/msg/detail/capture_setting__rosidl_typesupport_fastrtps_c.h
-- Installing: /home/mbsaloka/Desktop/Ichiro/shisen_app/shisen_interfaces/install/shisen_interfaces/include/shisen_interfaces/shisen_interfaces/msg/detail/set_capture__rosidl_typesupport_fastrtps_c.h
-- Installing: /home/mbsaloka/Desktop/Ichiro/shisen_app/shisen_interfaces/install/shisen_interfaces/lib/libshisen_interfaces__rosidl_typesupport_fastrtps_c.so
-- Set runtime path of "/home/mbsaloka/Desktop/Ichiro/shisen_app/shisen_interfaces/install/shisen_interfaces/lib/libshisen_interfaces__rosidl_typesupport_fastrtps_c.so" to ""
-- Up-to-date: /home/mbsaloka/Desktop/Ichiro/shisen_app/shisen_interfaces/install/shisen_interfaces/include/shisen_interfaces/shisen_interfaces
-- Up-to-date: /home/mbsaloka/Desktop/Ichiro/shisen_app/shisen_interfaces/install/shisen_interfaces/include/shisen_interfaces/shisen_interfaces/srv
-- Up-to-date: /home/mbsaloka/Desktop/Ichiro/shisen_app/shisen_interfaces/install/shisen_interfaces/include/shisen_interfaces/shisen_interfaces/srv/detail
-- Installing: /home/mbsaloka/Desktop/Ichiro/shisen_app/shisen_interfaces/install/shisen_interfaces/include/shisen_interfaces/shisen_interfaces/srv/detail/configure_capture_setting__rosidl_typesupport_introspection_c.h
-- Installing: /home/mbsaloka/Desktop/Ichiro/shisen_app/shisen_interfaces/install/shisen_interfaces/include/shisen_interfaces/shisen_interfaces/srv/detail/configure_capture_setting__type_support.c
-- Up-to-date: /home/mbsaloka/Desktop/Ichiro/shisen_app/shisen_interfaces/install/shisen_interfaces/include/shisen_interfaces/shisen_interfaces/msg
-- Up-to-date: /home/mbsaloka/Desktop/Ichiro/shisen_app/shisen_interfaces/install/shisen_interfaces/include/shisen_interfaces/shisen_interfaces/msg/rosidl_typesupport_introspection_c__visibility_control.h
-- Up-to-date: /home/mbsaloka/Desktop/Ichiro/shisen_app/shisen_interfaces/install/shisen_interfaces/include/shisen_interfaces/shisen_interfaces/msg/detail
-- Installing: /home/mbsaloka/Desktop/Ichiro/shisen_app/shisen_interfaces/install/shisen_interfaces/include/shisen_interfaces/shisen_interfaces/msg/detail/capture_setting__rosidl_typesupport_introspection_c.h
-- Installing: /home/mbsaloka/Desktop/Ichiro/shisen_app/shisen_interfaces/install/shisen_interfaces/include/shisen_interfaces/shisen_interfaces/msg/detail/capture_setting__type_support.c
-- Installing: /home/mbsaloka/Desktop/Ichiro/shisen_app/shisen_interfaces/install/shisen_interfaces/include/shisen_interfaces/shisen_interfaces/msg/detail/set_capture__rosidl_typesupport_introspection_c.h
-- Installing: /home/mbsaloka/Desktop/Ichiro/shisen_app/shisen_interfaces/install/shisen_interfaces/include/shisen_interfaces/shisen_interfaces/msg/detail/camera_config__type_support.c
-- Installing: /home/mbsaloka/Desktop/Ichiro/shisen_app/shisen_interfaces/install/shisen_interfaces/include/shisen_interfaces/shisen_interfaces/msg/detail/set_capture__type_support.c
-- Installing: /home/mbsaloka/Desktop/Ichiro/shisen_app/shisen_interfaces/install/shisen_interfaces/include/shisen_interfaces/shisen_interfaces/msg/detail/camera_config__rosidl_typesupport_introspection_c.h
-- Installing: /home/mbsaloka/Desktop/Ichiro/shisen_app/shisen_interfaces/install/shisen_interfaces/include/shisen_interfaces/shisen_interfaces/msg/detail/image__rosidl_typesupport_introspection_c.h
-- Installing: /home/mbsaloka/Desktop/Ichiro/shisen_app/shisen_interfaces/install/shisen_interfaces/include/shisen_interfaces/shisen_interfaces/msg/detail/image__type_support.c
-- Installing: /home/mbsaloka/Desktop/Ichiro/shisen_app/shisen_interfaces/install/shisen_interfaces/lib/libshisen_interfaces__rosidl_typesupport_introspection_c.so
-- Set runtime path of "/home/mbsaloka/Desktop/Ichiro/shisen_app/shisen_interfaces/install/shisen_interfaces/lib/libshisen_interfaces__rosidl_typesupport_introspection_c.so" to ""
-- Installing: /home/mbsaloka/Desktop/Ichiro/shisen_app/shisen_interfaces/install/shisen_interfaces/lib/libshisen_interfaces__rosidl_typesupport_c.so
-- Set runtime path of "/home/mbsaloka/Desktop/Ichiro/shisen_app/shisen_interfaces/install/shisen_interfaces/lib/libshisen_interfaces__rosidl_typesupport_c.so" to ""
-- Up-to-date: /home/mbsaloka/Desktop/Ichiro/shisen_app/shisen_interfaces/install/shisen_interfaces/include/shisen_interfaces/shisen_interfaces
-- Up-to-date: /home/mbsaloka/Desktop/Ichiro/shisen_app/shisen_interfaces/install/shisen_interfaces/include/shisen_interfaces/shisen_interfaces/srv
-- Installing: /home/mbsaloka/Desktop/Ichiro/shisen_app/shisen_interfaces/install/shisen_interfaces/include/shisen_interfaces/shisen_interfaces/srv/configure_capture_setting.hpp
-- Up-to-date: /home/mbsaloka/Desktop/Ichiro/shisen_app/shisen_interfaces/install/shisen_interfaces/include/shisen_interfaces/shisen_interfaces/srv/detail
-- Installing: /home/mbsaloka/Desktop/Ichiro/shisen_app/shisen_interfaces/install/shisen_interfaces/include/shisen_interfaces/shisen_interfaces/srv/detail/configure_capture_setting__struct.hpp
-- Installing: /home/mbsaloka/Desktop/Ichiro/shisen_app/shisen_interfaces/install/shisen_interfaces/include/shisen_interfaces/shisen_interfaces/srv/detail/configure_capture_setting__builder.hpp
-- Installing: /home/mbsaloka/Desktop/Ichiro/shisen_app/shisen_interfaces/install/shisen_interfaces/include/shisen_interfaces/shisen_interfaces/srv/detail/configure_capture_setting__traits.hpp
-- Up-to-date: /home/mbsaloka/Desktop/Ichiro/shisen_app/shisen_interfaces/install/shisen_interfaces/include/shisen_interfaces/shisen_interfaces/msg
-- Installing: /home/mbsaloka/Desktop/Ichiro/shisen_app/shisen_interfaces/install/shisen_interfaces/include/shisen_interfaces/shisen_interfaces/msg/image.hpp
-- Installing: /home/mbsaloka/Desktop/Ichiro/shisen_app/shisen_interfaces/install/shisen_interfaces/include/shisen_interfaces/shisen_interfaces/msg/camera_config.hpp
-- Installing: /home/mbsaloka/Desktop/Ichiro/shisen_app/shisen_interfaces/install/shisen_interfaces/include/shisen_interfaces/shisen_interfaces/msg/capture_setting.hpp
-- Installing: /home/mbsaloka/Desktop/Ichiro/shisen_app/shisen_interfaces/install/shisen_interfaces/include/shisen_interfaces/shisen_interfaces/msg/set_capture.hpp
-- Up-to-date: /home/mbsaloka/Desktop/Ichiro/shisen_app/shisen_interfaces/install/shisen_interfaces/include/shisen_interfaces/shisen_interfaces/msg/detail
-- Installing: /home/mbsaloka/Desktop/Ichiro/shisen_app/shisen_interfaces/install/shisen_interfaces/include/shisen_interfaces/shisen_interfaces/msg/detail/image__builder.hpp
-- Installing: /home/mbsaloka/Desktop/Ichiro/shisen_app/shisen_interfaces/install/shisen_interfaces/include/shisen_interfaces/shisen_interfaces/msg/detail/camera_config__traits.hpp
-- Installing: /home/mbsaloka/Desktop/Ichiro/shisen_app/shisen_interfaces/install/shisen_interfaces/include/shisen_interfaces/shisen_interfaces/msg/detail/set_capture__builder.hpp
-- Installing: /home/mbsaloka/Desktop/Ichiro/shisen_app/shisen_interfaces/install/shisen_interfaces/include/shisen_interfaces/shisen_interfaces/msg/detail/capture_setting__traits.hpp
-- Installing: /home/mbsaloka/Desktop/Ichiro/shisen_app/shisen_interfaces/install/shisen_interfaces/include/shisen_interfaces/shisen_interfaces/msg/detail/capture_setting__builder.hpp
-- Installing: /home/mbsaloka/Desktop/Ichiro/shisen_app/shisen_interfaces/install/shisen_interfaces/include/shisen_interfaces/shisen_interfaces/msg/detail/camera_config__builder.hpp
-- Installing: /home/mbsaloka/Desktop/Ichiro/shisen_app/shisen_interfaces/install/shisen_interfaces/include/shisen_interfaces/shisen_interfaces/msg/detail/set_capture__traits.hpp
-- Installing: /home/mbsaloka/Desktop/Ichiro/shisen_app/shisen_interfaces/install/shisen_interfaces/include/shisen_interfaces/shisen_interfaces/msg/detail/set_capture__struct.hpp
-- Installing: /home/mbsaloka/Desktop/Ichiro/shisen_app/shisen_interfaces/install/shisen_interfaces/include/shisen_interfaces/shisen_interfaces/msg/detail/image__traits.hpp
-- Installing: /home/mbsaloka/Desktop/Ichiro/shisen_app/shisen_interfaces/install/shisen_interfaces/include/shisen_interfaces/shisen_interfaces/msg/detail/camera_config__struct.hpp
-- Installing: /home/mbsaloka/Desktop/Ichiro/shisen_app/shisen_interfaces/install/shisen_interfaces/include/shisen_interfaces/shisen_interfaces/msg/detail/image__struct.hpp
-- Installing: /home/mbsaloka/Desktop/Ichiro/shisen_app/shisen_interfaces/install/shisen_interfaces/include/shisen_interfaces/shisen_interfaces/msg/detail/capture_setting__struct.hpp
-- Up-to-date: /home/mbsaloka/Desktop/Ichiro/shisen_app/shisen_interfaces/install/shisen_interfaces/include/shisen_interfaces/shisen_interfaces
-- Up-to-date: /home/mbsaloka/Desktop/Ichiro/shisen_app/shisen_interfaces/install/shisen_interfaces/include/shisen_interfaces/shisen_interfaces/srv
-- Up-to-date: /home/mbsaloka/Desktop/Ichiro/shisen_app/shisen_interfaces/install/shisen_interfaces/include/shisen_interfaces/shisen_interfaces/srv/detail
-- Up-to-date: /home/mbsaloka/Desktop/Ichiro/shisen_app/shisen_interfaces/install/shisen_interfaces/include/shisen_interfaces/shisen_interfaces/srv/detail/dds_fastrtps
-- Installing: /home/mbsaloka/Desktop/Ichiro/shisen_app/shisen_interfaces/install/shisen_interfaces/include/shisen_interfaces/shisen_interfaces/srv/detail/configure_capture_setting__rosidl_typesupport_fastrtps_cpp.hpp
-- Up-to-date: /home/mbsaloka/Desktop/Ichiro/shisen_app/shisen_interfaces/install/shisen_interfaces/include/shisen_interfaces/shisen_interfaces/msg
-- Up-to-date: /home/mbsaloka/Desktop/Ichiro/shisen_app/shisen_interfaces/install/shisen_interfaces/include/shisen_interfaces/shisen_interfaces/msg/rosidl_typesupport_fastrtps_cpp__visibility_control.h
-- Up-to-date: /home/mbsaloka/Desktop/Ichiro/shisen_app/shisen_interfaces/install/shisen_interfaces/include/shisen_interfaces/shisen_interfaces/msg/detail
-- Up-to-date: /home/mbsaloka/Desktop/Ichiro/shisen_app/shisen_interfaces/install/shisen_interfaces/include/shisen_interfaces/shisen_interfaces/msg/detail/dds_fastrtps
-- Installing: /home/mbsaloka/Desktop/Ichiro/shisen_app/shisen_interfaces/install/shisen_interfaces/include/shisen_interfaces/shisen_interfaces/msg/detail/image__rosidl_typesupport_fastrtps_cpp.hpp
-- Installing: /home/mbsaloka/Desktop/Ichiro/shisen_app/shisen_interfaces/install/shisen_interfaces/include/shisen_interfaces/shisen_interfaces/msg/detail/camera_config__rosidl_typesupport_fastrtps_cpp.hpp
-- Installing: /home/mbsaloka/Desktop/Ichiro/shisen_app/shisen_interfaces/install/shisen_interfaces/include/shisen_interfaces/shisen_interfaces/msg/detail/set_capture__rosidl_typesupport_fastrtps_cpp.hpp
-- Installing: /home/mbsaloka/Desktop/Ichiro/shisen_app/shisen_interfaces/install/shisen_interfaces/include/shisen_interfaces/shisen_interfaces/msg/detail/capture_setting__rosidl_typesupport_fastrtps_cpp.hpp
-- Installing: /home/mbsaloka/Desktop/Ichiro/shisen_app/shisen_interfaces/install/shisen_interfaces/lib/libshisen_interfaces__rosidl_typesupport_fastrtps_cpp.so
-- Set runtime path of "/home/mbsaloka/Desktop/Ichiro/shisen_app/shisen_interfaces/install/shisen_interfaces/lib/libshisen_interfaces__rosidl_typesupport_fastrtps_cpp.so" to ""
-- Up-to-date: /home/mbsaloka/Desktop/Ichiro/shisen_app/shisen_interfaces/install/shisen_interfaces/include/shisen_interfaces/shisen_interfaces
-- Up-to-date: /home/mbsaloka/Desktop/Ichiro/shisen_app/shisen_interfaces/install/shisen_interfaces/include/shisen_interfaces/shisen_interfaces/srv
-- Up-to-date: /home/mbsaloka/Desktop/Ichiro/shisen_app/shisen_interfaces/install/shisen_interfaces/include/shisen_interfaces/shisen_interfaces/srv/detail
-- Installing: /home/mbsaloka/Desktop/Ichiro/shisen_app/shisen_interfaces/install/shisen_interfaces/include/shisen_interfaces/shisen_interfaces/srv/detail/configure_capture_setting__type_support.cpp
-- Installing: /home/mbsaloka/Desktop/Ichiro/shisen_app/shisen_interfaces/install/shisen_interfaces/include/shisen_interfaces/shisen_interfaces/srv/detail/configure_capture_setting__rosidl_typesupport_introspection_cpp.hpp
-- Up-to-date: /home/mbsaloka/Desktop/Ichiro/shisen_app/shisen_interfaces/install/shisen_interfaces/include/shisen_interfaces/shisen_interfaces/msg
-- Up-to-date: /home/mbsaloka/Desktop/Ichiro/shisen_app/shisen_interfaces/install/shisen_interfaces/include/shisen_interfaces/shisen_interfaces/msg/detail
-- Installing: /home/mbsaloka/Desktop/Ichiro/shisen_app/shisen_interfaces/install/shisen_interfaces/include/shisen_interfaces/shisen_interfaces/msg/detail/capture_setting__rosidl_typesupport_introspection_cpp.hpp
-- Installing: /home/mbsaloka/Desktop/Ichiro/shisen_app/shisen_interfaces/install/shisen_interfaces/include/shisen_interfaces/shisen_interfaces/msg/detail/image__type_support.cpp
-- Installing: /home/mbsaloka/Desktop/Ichiro/shisen_app/shisen_interfaces/install/shisen_interfaces/include/shisen_interfaces/shisen_interfaces/msg/detail/camera_config__type_support.cpp
-- Installing: /home/mbsaloka/Desktop/Ichiro/shisen_app/shisen_interfaces/install/shisen_interfaces/include/shisen_interfaces/shisen_interfaces/msg/detail/camera_config__rosidl_typesupport_introspection_cpp.hpp
-- Installing: /home/mbsaloka/Desktop/Ichiro/shisen_app/shisen_interfaces/install/shisen_interfaces/include/shisen_interfaces/shisen_interfaces/msg/detail/image__rosidl_typesupport_introspection_cpp.hpp
-- Installing: /home/mbsaloka/Desktop/Ichiro/shisen_app/shisen_interfaces/install/shisen_interfaces/include/shisen_interfaces/shisen_interfaces/msg/detail/set_capture__type_support.cpp
-- Installing: /home/mbsaloka/Desktop/Ichiro/shisen_app/shisen_interfaces/install/shisen_interfaces/include/shisen_interfaces/shisen_interfaces/msg/detail/set_capture__rosidl_typesupport_introspection_cpp.hpp
-- Installing: /home/mbsaloka/Desktop/Ichiro/shisen_app/shisen_interfaces/install/shisen_interfaces/include/shisen_interfaces/shisen_interfaces/msg/detail/capture_setting__type_support.cpp
-- Installing: /home/mbsaloka/Desktop/Ichiro/shisen_app/shisen_interfaces/install/shisen_interfaces/lib/libshisen_interfaces__rosidl_typesupport_introspection_cpp.so
-- Set runtime path of "/home/mbsaloka/Desktop/Ichiro/shisen_app/shisen_interfaces/install/shisen_interfaces/lib/libshisen_interfaces__rosidl_typesupport_introspection_cpp.so" to ""
-- Installing: /home/mbsaloka/Desktop/Ichiro/shisen_app/shisen_interfaces/install/shisen_interfaces/lib/libshisen_interfaces__rosidl_typesupport_cpp.so
-- Set runtime path of "/home/mbsaloka/Desktop/Ichiro/shisen_app/shisen_interfaces/install/shisen_interfaces/lib/libshisen_interfaces__rosidl_typesupport_cpp.so" to ""
-- Up-to-date: /home/mbsaloka/Desktop/Ichiro/shisen_app/shisen_interfaces/install/shisen_interfaces/share/shisen_interfaces/environment/pythonpath.sh
-- Up-to-date: /home/mbsaloka/Desktop/Ichiro/shisen_app/shisen_interfaces/install/shisen_interfaces/share/shisen_interfaces/environment/pythonpath.dsv
-- Up-to-date: /home/mbsaloka/Desktop/Ichiro/shisen_app/shisen_interfaces/install/shisen_interfaces/lib/python3.10/site-packages/shisen_interfaces-0.2.0-py3.10.egg-info
-- Installing: /home/mbsaloka/Desktop/Ichiro/shisen_app/shisen_interfaces/install/shisen_interfaces/lib/python3.10/site-packages/shisen_interfaces-0.2.0-py3.10.egg-info/top_level.txt
-- Installing: /home/mbsaloka/Desktop/Ichiro/shisen_app/shisen_interfaces/install/shisen_interfaces/lib/python3.10/site-packages/shisen_interfaces-0.2.0-py3.10.egg-info/PKG-INFO
-- Installing: /home/mbsaloka/Desktop/Ichiro/shisen_app/shisen_interfaces/install/shisen_interfaces/lib/python3.10/site-packages/shisen_interfaces-0.2.0-py3.10.egg-info/dependency_links.txt
-- Installing: /home/mbsaloka/Desktop/Ichiro/shisen_app/shisen_interfaces/install/shisen_interfaces/lib/python3.10/site-packages/shisen_interfaces-0.2.0-py3.10.egg-info/SOURCES.txt
-- Up-to-date: /home/mbsaloka/Desktop/Ichiro/shisen_app/shisen_interfaces/install/shisen_interfaces/lib/python3.10/site-packages/shisen_interfaces
-- Installing: /home/mbsaloka/Desktop/Ichiro/shisen_app/shisen_interfaces/install/shisen_interfaces/lib/python3.10/site-packages/shisen_interfaces/shisen_interfaces_s__rosidl_typesupport_fastrtps_c.cpython-310-x86_64-linux-gnu.so
-- Installing: /home/mbsaloka/Desktop/Ichiro/shisen_app/shisen_interfaces/install/shisen_interfaces/lib/python3.10/site-packages/shisen_interfaces/shisen_interfaces_s__rosidl_typesupport_c.cpython-310-x86_64-linux-gnu.so
-- Installing: /home/mbsaloka/Desktop/Ichiro/shisen_app/shisen_interfaces/install/shisen_interfaces/lib/python3.10/site-packages/shisen_interfaces/_shisen_interfaces_s.ep.rosidl_typesupport_fastrtps_c.c
-- Installing: /home/mbsaloka/Desktop/Ichiro/shisen_app/shisen_interfaces/install/shisen_interfaces/lib/python3.10/site-packages/shisen_interfaces/_shisen_interfaces_s.ep.rosidl_typesupport_introspection_c.c
-- Installing: /home/mbsaloka/Desktop/Ichiro/shisen_app/shisen_interfaces/install/shisen_interfaces/lib/python3.10/site-packages/shisen_interfaces/_shisen_interfaces_s.ep.rosidl_typesupport_c.c
-- Installing: /home/mbsaloka/Desktop/Ichiro/shisen_app/shisen_interfaces/install/shisen_interfaces/lib/python3.10/site-packages/shisen_interfaces/libshisen_interfaces__rosidl_generator_py.so
-- Up-to-date: /home/mbsaloka/Desktop/Ichiro/shisen_app/shisen_interfaces/install/shisen_interfaces/lib/python3.10/site-packages/shisen_interfaces/srv
-- Installing: /home/mbsaloka/Desktop/Ichiro/shisen_app/shisen_interfaces/install/shisen_interfaces/lib/python3.10/site-packages/shisen_interfaces/srv/_configure_capture_setting.py
-- Installing: /home/mbsaloka/Desktop/Ichiro/shisen_app/shisen_interfaces/install/shisen_interfaces/lib/python3.10/site-packages/shisen_interfaces/srv/_configure_capture_setting_s.c
-- Installing: /home/mbsaloka/Desktop/Ichiro/shisen_app/shisen_interfaces/install/shisen_interfaces/lib/python3.10/site-packages/shisen_interfaces/srv/__init__.py
-- Installing: /home/mbsaloka/Desktop/Ichiro/shisen_app/shisen_interfaces/install/shisen_interfaces/lib/python3.10/site-packages/shisen_interfaces/__init__.py
-- Up-to-date: /home/mbsaloka/Desktop/Ichiro/shisen_app/shisen_interfaces/install/shisen_interfaces/lib/python3.10/site-packages/shisen_interfaces/msg
-- Installing: /home/mbsaloka/Desktop/Ichiro/shisen_app/shisen_interfaces/install/shisen_interfaces/lib/python3.10/site-packages/shisen_interfaces/msg/_capture_setting_s.c
-- Installing: /home/mbsaloka/Desktop/Ichiro/shisen_app/shisen_interfaces/install/shisen_interfaces/lib/python3.10/site-packages/shisen_interfaces/msg/_camera_config_s.c
-- Installing: /home/mbsaloka/Desktop/Ichiro/shisen_app/shisen_interfaces/install/shisen_interfaces/lib/python3.10/site-packages/shisen_interfaces/msg/_image_s.c
-- Installing: /home/mbsaloka/Desktop/Ichiro/shisen_app/shisen_interfaces/install/shisen_interfaces/lib/python3.10/site-packages/shisen_interfaces/msg/_camera_config.py
-- Installing: /home/mbsaloka/Desktop/Ichiro/shisen_app/shisen_interfaces/install/shisen_interfaces/lib/python3.10/site-packages/shisen_interfaces/msg/_image.py
-- Installing: /home/mbsaloka/Desktop/Ichiro/shisen_app/shisen_interfaces/install/shisen_interfaces/lib/python3.10/site-packages/shisen_interfaces/msg/_set_capture_s.c
-- Installing: /home/mbsaloka/Desktop/Ichiro/shisen_app/shisen_interfaces/install/shisen_interfaces/lib/python3.10/site-packages/shisen_interfaces/msg/_capture_setting.py
-- Installing: /home/mbsaloka/Desktop/Ichiro/shisen_app/shisen_interfaces/install/shisen_interfaces/lib/python3.10/site-packages/shisen_interfaces/msg/__init__.py
-- Installing: /home/mbsaloka/Desktop/Ichiro/shisen_app/shisen_interfaces/install/shisen_interfaces/lib/python3.10/site-packages/shisen_interfaces/msg/_set_capture.py
-- Installing: /home/mbsaloka/Desktop/Ichiro/shisen_app/shisen_interfaces/install/shisen_interfaces/lib/python3.10/site-packages/shisen_interfaces/shisen_interfaces_s__rosidl_typesupport_introspection_c.cpython-310-x86_64-linux-gnu.so
Listing '/home/mbsaloka/Desktop/Ichiro/shisen_app/shisen_interfaces/install/shisen_interfaces/lib/python3.10/site-packages/shisen_interfaces'...
Compiling '/home/mbsaloka/Desktop/Ichiro/shisen_app/shisen_interfaces/install/shisen_interfaces/lib/python3.10/site-packages/shisen_interfaces/__init__.py'...
Listing '/home/mbsaloka/Desktop/Ichiro/shisen_app/shisen_interfaces/install/shisen_interfaces/lib/python3.10/site-packages/shisen_interfaces/msg'...
Compiling '/home/mbsaloka/Desktop/Ichiro/shisen_app/shisen_interfaces/install/shisen_interfaces/lib/python3.10/site-packages/shisen_interfaces/msg/__init__.py'...
Compiling '/home/mbsaloka/Desktop/Ichiro/shisen_app/shisen_interfaces/install/shisen_interfaces/lib/python3.10/site-packages/shisen_interfaces/msg/_camera_config.py'...
Compiling '/home/mbsaloka/Desktop/Ichiro/shisen_app/shisen_interfaces/install/shisen_interfaces/lib/python3.10/site-packages/shisen_interfaces/msg/_capture_setting.py'...
Compiling '/home/mbsaloka/Desktop/Ichiro/shisen_app/shisen_interfaces/install/shisen_interfaces/lib/python3.10/site-packages/shisen_interfaces/msg/_image.py'...
Compiling '/home/mbsaloka/Desktop/Ichiro/shisen_app/shisen_interfaces/install/shisen_interfaces/lib/python3.10/site-packages/shisen_interfaces/msg/_set_capture.py'...
Listing '/home/mbsaloka/Desktop/Ichiro/shisen_app/shisen_interfaces/install/shisen_interfaces/lib/python3.10/site-packages/shisen_interfaces/srv'...
Compiling '/home/mbsaloka/Desktop/Ichiro/shisen_app/shisen_interfaces/install/shisen_interfaces/lib/python3.10/site-packages/shisen_interfaces/srv/__init__.py'...
Compiling '/home/mbsaloka/Desktop/Ichiro/shisen_app/shisen_interfaces/install/shisen_interfaces/lib/python3.10/site-packages/shisen_interfaces/srv/_configure_capture_setting.py'...
-- Installing: /home/mbsaloka/Desktop/Ichiro/shisen_app/shisen_interfaces/install/shisen_interfaces/lib/python3.10/site-packages/shisen_interfaces/shisen_interfaces_s__rosidl_typesupport_fastrtps_c.cpython-310-x86_64-linux-gnu.so
-- Set runtime path of "/home/mbsaloka/Desktop/Ichiro/shisen_app/shisen_interfaces/install/shisen_interfaces/lib/python3.10/site-packages/shisen_interfaces/shisen_interfaces_s__rosidl_typesupport_fastrtps_c.cpython-310-x86_64-linux-gnu.so" to ""
-- Installing: /home/mbsaloka/Desktop/Ichiro/shisen_app/shisen_interfaces/install/shisen_interfaces/lib/python3.10/site-packages/shisen_interfaces/shisen_interfaces_s__rosidl_typesupport_introspection_c.cpython-310-x86_64-linux-gnu.so
-- Set runtime path of "/home/mbsaloka/Desktop/Ichiro/shisen_app/shisen_interfaces/install/shisen_interfaces/lib/python3.10/site-packages/shisen_interfaces/shisen_interfaces_s__rosidl_typesupport_introspection_c.cpython-310-x86_64-linux-gnu.so" to ""
-- Installing: /home/mbsaloka/Desktop/Ichiro/shisen_app/shisen_interfaces/install/shisen_interfaces/lib/python3.10/site-packages/shisen_interfaces/shisen_interfaces_s__rosidl_typesupport_c.cpython-310-x86_64-linux-gnu.so
-- Set runtime path of "/home/mbsaloka/Desktop/Ichiro/shisen_app/shisen_interfaces/install/shisen_interfaces/lib/python3.10/site-packages/shisen_interfaces/shisen_interfaces_s__rosidl_typesupport_c.cpython-310-x86_64-linux-gnu.so" to ""
-- Installing: /home/mbsaloka/Desktop/Ichiro/shisen_app/shisen_interfaces/install/shisen_interfaces/lib/libshisen_interfaces__rosidl_generator_py.so
-- Set runtime path of "/home/mbsaloka/Desktop/Ichiro/shisen_app/shisen_interfaces/install/shisen_interfaces/lib/libshisen_interfaces__rosidl_generator_py.so" to ""
-- Up-to-date: /home/mbsaloka/Desktop/Ichiro/shisen_app/shisen_interfaces/install/shisen_interfaces/share/shisen_interfaces/msg/CameraConfig.idl
-- Up-to-date: /home/mbsaloka/Desktop/Ichiro/shisen_app/shisen_interfaces/install/shisen_interfaces/share/shisen_interfaces/msg/CaptureSetting.idl
-- Up-to-date: /home/mbsaloka/Desktop/Ichiro/shisen_app/shisen_interfaces/install/shisen_interfaces/share/shisen_interfaces/msg/Image.idl
-- Installing: /home/mbsaloka/Desktop/Ichiro/shisen_app/shisen_interfaces/install/shisen_interfaces/share/shisen_interfaces/msg/SetCapture.idl
-- Up-to-date: /home/mbsaloka/Desktop/Ichiro/shisen_app/shisen_interfaces/install/shisen_interfaces/share/shisen_interfaces/srv/ConfigureCaptureSetting.idl
-- Up-to-date: /home/mbsaloka/Desktop/Ichiro/shisen_app/shisen_interfaces/install/shisen_interfaces/share/shisen_interfaces/msg/CameraConfig.msg
-- Up-to-date: /home/mbsaloka/Desktop/Ichiro/shisen_app/shisen_interfaces/install/shisen_interfaces/share/shisen_interfaces/msg/CaptureSetting.msg
-- Up-to-date: /home/mbsaloka/Desktop/Ichiro/shisen_app/shisen_interfaces/install/shisen_interfaces/share/shisen_interfaces/msg/Image.msg
-- Installing: /home/mbsaloka/Desktop/Ichiro/shisen_app/shisen_interfaces/install/shisen_interfaces/share/shisen_interfaces/msg/SetCapture.msg
-- Up-to-date: /home/mbsaloka/Desktop/Ichiro/shisen_app/shisen_interfaces/install/shisen_interfaces/share/shisen_interfaces/srv/ConfigureCaptureSetting.srv
-- Up-to-date: /home/mbsaloka/Desktop/Ichiro/shisen_app/shisen_interfaces/install/shisen_interfaces/share/shisen_interfaces/srv/ConfigureCaptureSetting_Request.msg
-- Up-to-date: /home/mbsaloka/Desktop/Ichiro/shisen_app/shisen_interfaces/install/shisen_interfaces/share/shisen_interfaces/srv/ConfigureCaptureSetting_Response.msg
-- Up-to-date: /home/mbsaloka/Desktop/Ichiro/shisen_app/shisen_interfaces/install/shisen_interfaces/include/shisen_interfaces
-- Up-to-date: /home/mbsaloka/Desktop/Ichiro/shisen_app/shisen_interfaces/install/shisen_interfaces/include/shisen_interfaces/shisen.grpc.pb.h
-- Up-to-date: /home/mbsaloka/Desktop/Ichiro/shisen_app/shisen_interfaces/install/shisen_interfaces/include/shisen_interfaces/shisen.grpc.pb.cc
-- Up-to-date: /home/mbsaloka/Desktop/Ichiro/shisen_app/shisen_interfaces/install/shisen_interfaces/include/shisen_interfaces/shisen.pb.cc
-- Up-to-date: /home/mbsaloka/Desktop/Ichiro/shisen_app/shisen_interfaces/install/shisen_interfaces/include/shisen_interfaces/shisen.pb.h
-- Up-to-date: /home/mbsaloka/Desktop/Ichiro/shisen_app/shisen_interfaces/install/shisen_interfaces/lib/libshisen_proto.so
-- Up-to-date: /home/mbsaloka/Desktop/Ichiro/shisen_app/shisen_interfaces/install/shisen_interfaces/share/ament_index/resource_index/package_run_dependencies/shisen_interfaces
-- Up-to-date: /home/mbsaloka/Desktop/Ichiro/shisen_app/shisen_interfaces/install/shisen_interfaces/share/ament_index/resource_index/parent_prefix_path/shisen_interfaces
-- Up-to-date: /home/mbsaloka/Desktop/Ichiro/shisen_app/shisen_interfaces/install/shisen_interfaces/share/shisen_interfaces/environment/ament_prefix_path.sh
-- Up-to-date: /home/mbsaloka/Desktop/Ichiro/shisen_app/shisen_interfaces/install/shisen_interfaces/share/shisen_interfaces/environment/ament_prefix_path.dsv
-- Up-to-date: /home/mbsaloka/Desktop/Ichiro/shisen_app/shisen_interfaces/install/shisen_interfaces/share/shisen_interfaces/environment/path.sh
-- Up-to-date: /home/mbsaloka/Desktop/Ichiro/shisen_app/shisen_interfaces/install/shisen_interfaces/share/shisen_interfaces/environment/path.dsv
-- Up-to-date: /home/mbsaloka/Desktop/Ichiro/shisen_app/shisen_interfaces/install/shisen_interfaces/share/shisen_interfaces/local_setup.bash
-- Up-to-date: /home/mbsaloka/Desktop/Ichiro/shisen_app/shisen_interfaces/install/shisen_interfaces/share/shisen_interfaces/local_setup.sh
-- Up-to-date: /home/mbsaloka/Desktop/Ichiro/shisen_app/shisen_interfaces/install/shisen_interfaces/share/shisen_interfaces/local_setup.zsh
-- Up-to-date: /home/mbsaloka/Desktop/Ichiro/shisen_app/shisen_interfaces/install/shisen_interfaces/share/shisen_interfaces/local_setup.dsv
-- Installing: /home/mbsaloka/Desktop/Ichiro/shisen_app/shisen_interfaces/install/shisen_interfaces/share/shisen_interfaces/package.dsv
-- Up-to-date: /home/mbsaloka/Desktop/Ichiro/shisen_app/shisen_interfaces/install/shisen_interfaces/share/ament_index/resource_index/packages/shisen_interfaces
-- Up-to-date: /home/mbsaloka/Desktop/Ichiro/shisen_app/shisen_interfaces/install/shisen_interfaces/share/shisen_interfaces/cmake/export_shisen_interfaces__rosidl_generator_cExport.cmake
-- Up-to-date: /home/mbsaloka/Desktop/Ichiro/shisen_app/shisen_interfaces/install/shisen_interfaces/share/shisen_interfaces/cmake/export_shisen_interfaces__rosidl_generator_cExport-noconfig.cmake
-- Up-to-date: /home/mbsaloka/Desktop/Ichiro/shisen_app/shisen_interfaces/install/shisen_interfaces/share/shisen_interfaces/cmake/export_shisen_interfaces__rosidl_typesupport_fastrtps_cExport.cmake
-- Up-to-date: /home/mbsaloka/Desktop/Ichiro/shisen_app/shisen_interfaces/install/shisen_interfaces/share/shisen_interfaces/cmake/export_shisen_interfaces__rosidl_typesupport_fastrtps_cExport-noconfig.cmake
-- Up-to-date: /home/mbsaloka/Desktop/Ichiro/shisen_app/shisen_interfaces/install/shisen_interfaces/share/shisen_interfaces/cmake/shisen_interfaces__rosidl_typesupport_introspection_cExport.cmake
-- Up-to-date: /home/mbsaloka/Desktop/Ichiro/shisen_app/shisen_interfaces/install/shisen_interfaces/share/shisen_interfaces/cmake/shisen_interfaces__rosidl_typesupport_introspection_cExport-noconfig.cmake
-- Up-to-date: /home/mbsaloka/Desktop/Ichiro/shisen_app/shisen_interfaces/install/shisen_interfaces/share/shisen_interfaces/cmake/shisen_interfaces__rosidl_typesupport_cExport.cmake
-- Up-to-date: /home/mbsaloka/Desktop/Ichiro/shisen_app/shisen_interfaces/install/shisen_interfaces/share/shisen_interfaces/cmake/shisen_interfaces__rosidl_typesupport_cExport-noconfig.cmake
-- Up-to-date: /home/mbsaloka/Desktop/Ichiro/shisen_app/shisen_interfaces/install/shisen_interfaces/share/shisen_interfaces/cmake/export_shisen_interfaces__rosidl_generator_cppExport.cmake
-- Up-to-date: /home/mbsaloka/Desktop/Ichiro/shisen_app/shisen_interfaces/install/shisen_interfaces/share/shisen_interfaces/cmake/export_shisen_interfaces__rosidl_typesupport_fastrtps_cppExport.cmake
-- Up-to-date: /home/mbsaloka/Desktop/Ichiro/shisen_app/shisen_interfaces/install/shisen_interfaces/share/shisen_interfaces/cmake/export_shisen_interfaces__rosidl_typesupport_fastrtps_cppExport-noconfig.cmake
-- Up-to-date: /home/mbsaloka/Desktop/Ichiro/shisen_app/shisen_interfaces/install/shisen_interfaces/share/shisen_interfaces/cmake/shisen_interfaces__rosidl_typesupport_introspection_cppExport.cmake
-- Up-to-date: /home/mbsaloka/Desktop/Ichiro/shisen_app/shisen_interfaces/install/shisen_interfaces/share/shisen_interfaces/cmake/shisen_interfaces__rosidl_typesupport_introspection_cppExport-noconfig.cmake
-- Up-to-date: /home/mbsaloka/Desktop/Ichiro/shisen_app/shisen_interfaces/install/shisen_interfaces/share/shisen_interfaces/cmake/shisen_interfaces__rosidl_typesupport_cppExport.cmake
-- Up-to-date: /home/mbsaloka/Desktop/Ichiro/shisen_app/shisen_interfaces/install/shisen_interfaces/share/shisen_interfaces/cmake/shisen_interfaces__rosidl_typesupport_cppExport-noconfig.cmake
-- Up-to-date: /home/mbsaloka/Desktop/Ichiro/shisen_app/shisen_interfaces/install/shisen_interfaces/share/shisen_interfaces/cmake/export_shisen_interfaces__rosidl_generator_pyExport.cmake
-- Up-to-date: /home/mbsaloka/Desktop/Ichiro/shisen_app/shisen_interfaces/install/shisen_interfaces/share/shisen_interfaces/cmake/export_shisen_interfaces__rosidl_generator_pyExport-noconfig.cmake
-- Up-to-date: /home/mbsaloka/Desktop/Ichiro/shisen_app/shisen_interfaces/install/shisen_interfaces/share/shisen_interfaces/cmake/shisen_protoExport.cmake
-- Up-to-date: /home/mbsaloka/Desktop/Ichiro/shisen_app/shisen_interfaces/install/shisen_interfaces/share/shisen_interfaces/cmake/shisen_protoExport-noconfig.cmake
-- Installing: /home/mbsaloka/Desktop/Ichiro/shisen_app/shisen_interfaces/install/shisen_interfaces/share/shisen_interfaces/cmake/rosidl_cmake-extras.cmake
-- Up-to-date: /home/mbsaloka/Desktop/Ichiro/shisen_app/shisen_interfaces/install/shisen_interfaces/share/shisen_interfaces/cmake/ament_cmake_export_dependencies-extras.cmake
-- Up-to-date: /home/mbsaloka/Desktop/Ichiro/shisen_app/shisen_interfaces/install/shisen_interfaces/share/shisen_interfaces/cmake/ament_cmake_export_include_directories-extras.cmake
-- Up-to-date: /home/mbsaloka/Desktop/Ichiro/shisen_app/shisen_interfaces/install/shisen_interfaces/share/shisen_interfaces/cmake/ament_cmake_export_libraries-extras.cmake
-- Up-to-date: /home/mbsaloka/Desktop/Ichiro/shisen_app/shisen_interfaces/install/shisen_interfaces/share/shisen_interfaces/cmake/ament_cmake_export_targets-extras.cmake
-- Up-to-date: /home/mbsaloka/Desktop/Ichiro/shisen_app/shisen_interfaces/install/shisen_interfaces/share/shisen_interfaces/cmake/rosidl_cmake_export_typesupport_targets-extras.cmake
-- Up-to-date: /home/mbsaloka/Desktop/Ichiro/shisen_app/shisen_interfaces/install/shisen_interfaces/share/shisen_interfaces/cmake/rosidl_cmake_export_typesupport_libraries-extras.cmake
-- Up-to-date: /home/mbsaloka/Desktop/Ichiro/shisen_app/shisen_interfaces/install/shisen_interfaces/share/shisen_interfaces/cmake/shisen_interfacesConfig.cmake
-- Up-to-date: /home/mbsaloka/Desktop/Ichiro/shisen_app/shisen_interfaces/install/shisen_interfaces/share/shisen_interfaces/cmake/shisen_interfacesConfig-version.cmake
-- Up-to-date: /home/mbsaloka/Desktop/Ichiro/shisen_app/shisen_interfaces/install/shisen_interfaces/share/shisen_interfaces/package.xml
