[0.145s] DEBUG:colcon:Command line arguments: ['/usr/bin/colcon', 'build']
[0.145s] DEBUG:colcon:Parsed command line arguments: Namespace(log_base=None, log_level=None, verb_name='build', build_base='build', install_base='install', merge_install=False, symlink_install=False, test_result_base=None, continue_on_error=False, executor='parallel', parallel_workers=16, event_handlers=None, ignore_user_meta=False, metas=['./colcon.meta'], base_paths=['.'], packages_ignore=None, packages_ignore_regex=None, paths=None, packages_up_to=None, packages_up_to_regex=None, packages_above=None, packages_above_and_dependencies=None, packages_above_depth=None, packages_select_by_dep=None, packages_skip_by_dep=None, packages_skip_up_to=None, packages_select_build_failed=False, packages_skip_build_finished=False, packages_select_test_failures=False, packages_skip_test_passed=False, packages_select=None, packages_skip=None, packages_select_regex=None, packages_skip_regex=None, packages_start=None, packages_end=None, allow_overriding=[], cmake_args=None, cmake_target=None, cmake_target_skip_unavailable=False, cmake_clean_cache=False, cmake_clean_first=False, cmake_force_configure=False, ament_cmake_args=None, catkin_cmake_args=None, catkin_skip_building_tests=False, verb_parser=<colcon_defaults.argument_parser.defaults.DefaultArgumentsDecorator object at 0x7cdc72b7fd30>, verb_extension=<colcon_core.verb.build.BuildVerb object at 0x7cdc72b7f730>, main=<bound method BuildVerb.main of <colcon_core.verb.build.BuildVerb object at 0x7cdc72b7f730>>)
[0.311s] Level 1:colcon.colcon_core.package_discovery:discover_packages(colcon_meta) check parameters
[0.312s] Level 1:colcon.colcon_core.package_discovery:discover_packages(recursive) check parameters
[0.312s] Level 1:colcon.colcon_core.package_discovery:discover_packages(ignore) check parameters
[0.312s] Level 1:colcon.colcon_core.package_discovery:discover_packages(path) check parameters
[0.312s] Level 1:colcon.colcon_core.package_discovery:discover_packages(colcon_meta) discover
[0.312s] Level 1:colcon.colcon_core.package_discovery:discover_packages(recursive) discover
[0.312s] INFO:colcon.colcon_core.package_discovery:Crawling recursively for packages in '/home/mbsaloka/Desktop/Ichiro/shisen_app/shisen_interfaces'
[0.312s] Level 1:colcon.colcon_core.package_identification:_identify(.) by extensions ['ignore', 'ignore_ament_install']
[0.312s] Level 1:colcon.colcon_core.package_identification:_identify(.) by extension 'ignore'
[0.312s] Level 1:colcon.colcon_core.package_identification:_identify(.) by extension 'ignore_ament_install'
[0.312s] Level 1:colcon.colcon_core.package_identification:_identify(.) by extensions ['colcon_pkg']
[0.312s] Level 1:colcon.colcon_core.package_identification:_identify(.) by extension 'colcon_pkg'
[0.312s] Level 1:colcon.colcon_core.package_identification:_identify(.) by extensions ['colcon_meta']
[0.312s] Level 1:colcon.colcon_core.package_identification:_identify(.) by extension 'colcon_meta'
[0.312s] Level 1:colcon.colcon_core.package_identification:_identify(.) by extensions ['ros']
[0.312s] Level 1:colcon.colcon_core.package_identification:_identify(.) by extension 'ros'
[0.329s] DEBUG:colcon.colcon_core.package_identification:Package '.' with type 'ros.ament_cmake' and name 'shisen_interfaces'
[0.329s] Level 1:colcon.colcon_core.package_discovery:discover_packages(recursive) using defaults
[0.329s] Level 1:colcon.colcon_core.package_discovery:discover_packages(ignore) discover
[0.329s] Level 1:colcon.colcon_core.package_discovery:discover_packages(ignore) using defaults
[0.329s] Level 1:colcon.colcon_core.package_discovery:discover_packages(path) discover
[0.329s] Level 1:colcon.colcon_core.package_discovery:discover_packages(path) using defaults
[0.353s] Level 1:colcon.colcon_core.package_discovery:discover_packages(prefix_path) check parameters
[0.353s] Level 1:colcon.colcon_core.package_discovery:discover_packages(prefix_path) discover
[0.355s] DEBUG:colcon.colcon_installed_package_information.package_discovery:Found 192 installed packages in /opt/ros/iron
[0.356s] Level 1:colcon.colcon_core.package_discovery:discover_packages(prefix_path) using defaults
[0.397s] Level 5:colcon.colcon_core.verb:set package 'shisen_interfaces' build argument 'cmake_args' from command line to 'None'
[0.397s] Level 5:colcon.colcon_core.verb:set package 'shisen_interfaces' build argument 'cmake_target' from command line to 'None'
[0.397s] Level 5:colcon.colcon_core.verb:set package 'shisen_interfaces' build argument 'cmake_target_skip_unavailable' from command line to 'False'
[0.398s] Level 5:colcon.colcon_core.verb:set package 'shisen_interfaces' build argument 'cmake_clean_cache' from command line to 'False'
[0.398s] Level 5:colcon.colcon_core.verb:set package 'shisen_interfaces' build argument 'cmake_clean_first' from command line to 'False'
[0.398s] Level 5:colcon.colcon_core.verb:set package 'shisen_interfaces' build argument 'cmake_force_configure' from command line to 'False'
[0.398s] Level 5:colcon.colcon_core.verb:set package 'shisen_interfaces' build argument 'ament_cmake_args' from command line to 'None'
[0.398s] Level 5:colcon.colcon_core.verb:set package 'shisen_interfaces' build argument 'catkin_cmake_args' from command line to 'None'
[0.398s] Level 5:colcon.colcon_core.verb:set package 'shisen_interfaces' build argument 'catkin_skip_building_tests' from command line to 'False'
[0.398s] DEBUG:colcon.colcon_core.verb:Building package 'shisen_interfaces' with the following arguments: {'ament_cmake_args': None, 'build_base': '/home/mbsaloka/Desktop/Ichiro/shisen_app/shisen_interfaces/build/shisen_interfaces', 'catkin_cmake_args': None, 'catkin_skip_building_tests': False, 'cmake_args': None, 'cmake_clean_cache': False, 'cmake_clean_first': False, 'cmake_force_configure': False, 'cmake_target': None, 'cmake_target_skip_unavailable': False, 'install_base': '/home/mbsaloka/Desktop/Ichiro/shisen_app/shisen_interfaces/install/shisen_interfaces', 'merge_install': False, 'path': '/home/mbsaloka/Desktop/Ichiro/shisen_app/shisen_interfaces', 'symlink_install': False, 'test_result_base': None}
[0.398s] INFO:colcon.colcon_core.executor:Executing jobs using 'parallel' executor
[0.399s] DEBUG:colcon.colcon_parallel_executor.executor.parallel:run_until_complete
[0.399s] INFO:colcon.colcon_ros.task.ament_cmake.build:Building ROS package in '/home/mbsaloka/Desktop/Ichiro/shisen_app/shisen_interfaces' with build type 'ament_cmake'
[0.399s] INFO:colcon.colcon_cmake.task.cmake.build:Building CMake package in '/home/mbsaloka/Desktop/Ichiro/shisen_app/shisen_interfaces'
[0.402s] INFO:colcon.colcon_core.plugin_system:Skipping extension 'colcon_core.shell.bat': Not used on non-Windows systems
[0.402s] INFO:colcon.colcon_core.shell:Skip shell extension 'powershell' for command environment: Not usable outside of PowerShell
[0.402s] DEBUG:colcon.colcon_core.shell:Skip shell extension 'dsv' for command environment
[0.414s] DEBUG:colcon.colcon_core.event_handler.log_command:Invoking command in '/home/mbsaloka/Desktop/Ichiro/shisen_app/shisen_interfaces/build/shisen_interfaces': CMAKE_PREFIX_PATH=/opt/ros/iron /usr/bin/cmake --build /home/mbsaloka/Desktop/Ichiro/shisen_app/shisen_interfaces/build/shisen_interfaces -- -j16 -l16
[10.293s] DEBUG:colcon.colcon_core.event_handler.log_command:Invoked command in '/home/mbsaloka/Desktop/Ichiro/shisen_app/shisen_interfaces/build/shisen_interfaces' returned '0': CMAKE_PREFIX_PATH=/opt/ros/iron /usr/bin/cmake --build /home/mbsaloka/Desktop/Ichiro/shisen_app/shisen_interfaces/build/shisen_interfaces -- -j16 -l16
[10.555s] DEBUG:colcon.colcon_core.event_handler.log_command:Invoking command in '/home/mbsaloka/Desktop/Ichiro/shisen_app/shisen_interfaces/build/shisen_interfaces': CMAKE_PREFIX_PATH=/opt/ros/iron /usr/bin/cmake --install /home/mbsaloka/Desktop/Ichiro/shisen_app/shisen_interfaces/build/shisen_interfaces
[10.707s] Level 1:colcon.colcon_core.environment:create_environment_scripts_only(shisen_interfaces)
[10.708s] DEBUG:colcon.colcon_core.event_handler.log_command:Invoked command in '/home/mbsaloka/Desktop/Ichiro/shisen_app/shisen_interfaces/build/shisen_interfaces' returned '0': CMAKE_PREFIX_PATH=/opt/ros/iron /usr/bin/cmake --install /home/mbsaloka/Desktop/Ichiro/shisen_app/shisen_interfaces/build/shisen_interfaces
[10.717s] Level 1:colcon.colcon_core.environment:checking '/home/mbsaloka/Desktop/Ichiro/shisen_app/shisen_interfaces/install/shisen_interfaces' for CMake module files
[10.719s] Level 1:colcon.colcon_core.environment:checking '/home/mbsaloka/Desktop/Ichiro/shisen_app/shisen_interfaces/install/shisen_interfaces' for CMake config files
[10.719s] Level 1:colcon.colcon_core.shell:create_environment_hook('shisen_interfaces', 'cmake_prefix_path')
[10.720s] INFO:colcon.colcon_core.shell:Creating environment hook '/home/mbsaloka/Desktop/Ichiro/shisen_app/shisen_interfaces/install/shisen_interfaces/share/shisen_interfaces/hook/cmake_prefix_path.ps1'
[10.721s] INFO:colcon.colcon_core.shell:Creating environment descriptor '/home/mbsaloka/Desktop/Ichiro/shisen_app/shisen_interfaces/install/shisen_interfaces/share/shisen_interfaces/hook/cmake_prefix_path.dsv'
[10.722s] INFO:colcon.colcon_core.shell:Creating environment hook '/home/mbsaloka/Desktop/Ichiro/shisen_app/shisen_interfaces/install/shisen_interfaces/share/shisen_interfaces/hook/cmake_prefix_path.sh'
[10.723s] Level 1:colcon.colcon_core.environment:checking '/home/mbsaloka/Desktop/Ichiro/shisen_app/shisen_interfaces/install/shisen_interfaces/lib'
[10.724s] Level 1:colcon.colcon_core.shell:create_environment_hook('shisen_interfaces', 'ld_library_path_lib')
[10.724s] INFO:colcon.colcon_core.shell:Creating environment hook '/home/mbsaloka/Desktop/Ichiro/shisen_app/shisen_interfaces/install/shisen_interfaces/share/shisen_interfaces/hook/ld_library_path_lib.ps1'
[10.725s] INFO:colcon.colcon_core.shell:Creating environment descriptor '/home/mbsaloka/Desktop/Ichiro/shisen_app/shisen_interfaces/install/shisen_interfaces/share/shisen_interfaces/hook/ld_library_path_lib.dsv'
[10.725s] INFO:colcon.colcon_core.shell:Creating environment hook '/home/mbsaloka/Desktop/Ichiro/shisen_app/shisen_interfaces/install/shisen_interfaces/share/shisen_interfaces/hook/ld_library_path_lib.sh'
[10.725s] Level 1:colcon.colcon_core.environment:checking '/home/mbsaloka/Desktop/Ichiro/shisen_app/shisen_interfaces/install/shisen_interfaces/bin'
[10.725s] Level 1:colcon.colcon_core.environment:checking '/home/mbsaloka/Desktop/Ichiro/shisen_app/shisen_interfaces/install/shisen_interfaces/lib/pkgconfig/shisen_interfaces.pc'
[10.726s] Level 1:colcon.colcon_core.environment:checking '/home/mbsaloka/Desktop/Ichiro/shisen_app/shisen_interfaces/install/shisen_interfaces/lib/python3.10/site-packages'
[10.726s] Level 1:colcon.colcon_core.shell:create_environment_hook('shisen_interfaces', 'pythonpath')
[10.726s] INFO:colcon.colcon_core.shell:Creating environment hook '/home/mbsaloka/Desktop/Ichiro/shisen_app/shisen_interfaces/install/shisen_interfaces/share/shisen_interfaces/hook/pythonpath.ps1'
[10.727s] INFO:colcon.colcon_core.shell:Creating environment descriptor '/home/mbsaloka/Desktop/Ichiro/shisen_app/shisen_interfaces/install/shisen_interfaces/share/shisen_interfaces/hook/pythonpath.dsv'
[10.727s] INFO:colcon.colcon_core.shell:Creating environment hook '/home/mbsaloka/Desktop/Ichiro/shisen_app/shisen_interfaces/install/shisen_interfaces/share/shisen_interfaces/hook/pythonpath.sh'
[10.728s] Level 1:colcon.colcon_core.environment:checking '/home/mbsaloka/Desktop/Ichiro/shisen_app/shisen_interfaces/install/shisen_interfaces/bin'
[10.728s] INFO:colcon.colcon_core.shell:Creating package script '/home/mbsaloka/Desktop/Ichiro/shisen_app/shisen_interfaces/install/shisen_interfaces/share/shisen_interfaces/package.ps1'
[10.729s] INFO:colcon.colcon_core.shell:Creating package descriptor '/home/mbsaloka/Desktop/Ichiro/shisen_app/shisen_interfaces/install/shisen_interfaces/share/shisen_interfaces/package.dsv'
[10.730s] INFO:colcon.colcon_core.shell:Creating package script '/home/mbsaloka/Desktop/Ichiro/shisen_app/shisen_interfaces/install/shisen_interfaces/share/shisen_interfaces/package.sh'
[10.731s] INFO:colcon.colcon_core.shell:Creating package script '/home/mbsaloka/Desktop/Ichiro/shisen_app/shisen_interfaces/install/shisen_interfaces/share/shisen_interfaces/package.bash'
[10.733s] INFO:colcon.colcon_core.shell:Creating package script '/home/mbsaloka/Desktop/Ichiro/shisen_app/shisen_interfaces/install/shisen_interfaces/share/shisen_interfaces/package.zsh'
[10.733s] Level 1:colcon.colcon_core.environment:create_file_with_runtime_dependencies(/home/mbsaloka/Desktop/Ichiro/shisen_app/shisen_interfaces/install/shisen_interfaces/share/colcon-core/packages/shisen_interfaces)
[10.989s] Level 1:colcon.colcon_core.environment:create_environment_scripts_only(shisen_interfaces)
[10.989s] Level 1:colcon.colcon_core.environment:checking '/home/mbsaloka/Desktop/Ichiro/shisen_app/shisen_interfaces/install/shisen_interfaces' for CMake module files
[10.990s] Level 1:colcon.colcon_core.environment:checking '/home/mbsaloka/Desktop/Ichiro/shisen_app/shisen_interfaces/install/shisen_interfaces' for CMake config files
[10.991s] Level 1:colcon.colcon_core.shell:create_environment_hook('shisen_interfaces', 'cmake_prefix_path')
[10.991s] INFO:colcon.colcon_core.shell:Creating environment hook '/home/mbsaloka/Desktop/Ichiro/shisen_app/shisen_interfaces/install/shisen_interfaces/share/shisen_interfaces/hook/cmake_prefix_path.ps1'
[10.992s] INFO:colcon.colcon_core.shell:Creating environment descriptor '/home/mbsaloka/Desktop/Ichiro/shisen_app/shisen_interfaces/install/shisen_interfaces/share/shisen_interfaces/hook/cmake_prefix_path.dsv'
[10.992s] INFO:colcon.colcon_core.shell:Creating environment hook '/home/mbsaloka/Desktop/Ichiro/shisen_app/shisen_interfaces/install/shisen_interfaces/share/shisen_interfaces/hook/cmake_prefix_path.sh'
[10.993s] Level 1:colcon.colcon_core.environment:checking '/home/mbsaloka/Desktop/Ichiro/shisen_app/shisen_interfaces/install/shisen_interfaces/lib'
[10.993s] Level 1:colcon.colcon_core.shell:create_environment_hook('shisen_interfaces', 'ld_library_path_lib')
[10.994s] INFO:colcon.colcon_core.shell:Creating environment hook '/home/mbsaloka/Desktop/Ichiro/shisen_app/shisen_interfaces/install/shisen_interfaces/share/shisen_interfaces/hook/ld_library_path_lib.ps1'
[10.994s] INFO:colcon.colcon_core.shell:Creating environment descriptor '/home/mbsaloka/Desktop/Ichiro/shisen_app/shisen_interfaces/install/shisen_interfaces/share/shisen_interfaces/hook/ld_library_path_lib.dsv'
[10.995s] INFO:colcon.colcon_core.shell:Creating environment hook '/home/mbsaloka/Desktop/Ichiro/shisen_app/shisen_interfaces/install/shisen_interfaces/share/shisen_interfaces/hook/ld_library_path_lib.sh'
[10.995s] Level 1:colcon.colcon_core.environment:checking '/home/mbsaloka/Desktop/Ichiro/shisen_app/shisen_interfaces/install/shisen_interfaces/bin'
[10.995s] Level 1:colcon.colcon_core.environment:checking '/home/mbsaloka/Desktop/Ichiro/shisen_app/shisen_interfaces/install/shisen_interfaces/lib/pkgconfig/shisen_interfaces.pc'
[10.996s] Level 1:colcon.colcon_core.environment:checking '/home/mbsaloka/Desktop/Ichiro/shisen_app/shisen_interfaces/install/shisen_interfaces/lib/python3.10/site-packages'
[10.996s] Level 1:colcon.colcon_core.shell:create_environment_hook('shisen_interfaces', 'pythonpath')
[10.996s] INFO:colcon.colcon_core.shell:Creating environment hook '/home/mbsaloka/Desktop/Ichiro/shisen_app/shisen_interfaces/install/shisen_interfaces/share/shisen_interfaces/hook/pythonpath.ps1'
[10.997s] INFO:colcon.colcon_core.shell:Creating environment descriptor '/home/mbsaloka/Desktop/Ichiro/shisen_app/shisen_interfaces/install/shisen_interfaces/share/shisen_interfaces/hook/pythonpath.dsv'
[10.997s] INFO:colcon.colcon_core.shell:Creating environment hook '/home/mbsaloka/Desktop/Ichiro/shisen_app/shisen_interfaces/install/shisen_interfaces/share/shisen_interfaces/hook/pythonpath.sh'
[10.998s] Level 1:colcon.colcon_core.environment:checking '/home/mbsaloka/Desktop/Ichiro/shisen_app/shisen_interfaces/install/shisen_interfaces/bin'
[10.998s] INFO:colcon.colcon_core.shell:Creating package script '/home/mbsaloka/Desktop/Ichiro/shisen_app/shisen_interfaces/install/shisen_interfaces/share/shisen_interfaces/package.ps1'
[10.999s] INFO:colcon.colcon_core.shell:Creating package descriptor '/home/mbsaloka/Desktop/Ichiro/shisen_app/shisen_interfaces/install/shisen_interfaces/share/shisen_interfaces/package.dsv'
[11.000s] INFO:colcon.colcon_core.shell:Creating package script '/home/mbsaloka/Desktop/Ichiro/shisen_app/shisen_interfaces/install/shisen_interfaces/share/shisen_interfaces/package.sh'
[11.001s] INFO:colcon.colcon_core.shell:Creating package script '/home/mbsaloka/Desktop/Ichiro/shisen_app/shisen_interfaces/install/shisen_interfaces/share/shisen_interfaces/package.bash'
[11.001s] INFO:colcon.colcon_core.shell:Creating package script '/home/mbsaloka/Desktop/Ichiro/shisen_app/shisen_interfaces/install/shisen_interfaces/share/shisen_interfaces/package.zsh'
[11.002s] Level 1:colcon.colcon_core.environment:create_file_with_runtime_dependencies(/home/mbsaloka/Desktop/Ichiro/shisen_app/shisen_interfaces/install/shisen_interfaces/share/colcon-core/packages/shisen_interfaces)
[11.002s] DEBUG:colcon.colcon_parallel_executor.executor.parallel:closing loop
[11.003s] DEBUG:colcon.colcon_parallel_executor.executor.parallel:loop closed
[11.003s] DEBUG:colcon.colcon_parallel_executor.executor.parallel:run_until_complete finished with '0'
[11.003s] DEBUG:colcon.colcon_core.event_reactor:joining thread
[11.026s] INFO:colcon.colcon_core.plugin_system:Skipping extension 'colcon_notification.desktop_notification.terminal_notifier': Not used on non-Darwin systems
[11.026s] INFO:colcon.colcon_core.plugin_system:Skipping extension 'colcon_notification.desktop_notification.win32': Not used on non-Windows systems
[11.026s] INFO:colcon.colcon_notification.desktop_notification:Sending desktop notification using 'notify2'
[11.064s] DEBUG:colcon.colcon_core.event_reactor:joined thread
[11.065s] INFO:colcon.colcon_core.shell:Creating prefix script '/home/mbsaloka/Desktop/Ichiro/shisen_app/shisen_interfaces/install/local_setup.ps1'
[11.067s] INFO:colcon.colcon_core.shell:Creating prefix util module '/home/mbsaloka/Desktop/Ichiro/shisen_app/shisen_interfaces/install/_local_setup_util_ps1.py'
[11.069s] INFO:colcon.colcon_core.shell:Creating prefix chain script '/home/mbsaloka/Desktop/Ichiro/shisen_app/shisen_interfaces/install/setup.ps1'
[11.071s] INFO:colcon.colcon_core.shell:Creating prefix script '/home/mbsaloka/Desktop/Ichiro/shisen_app/shisen_interfaces/install/local_setup.sh'
[11.073s] INFO:colcon.colcon_core.shell:Creating prefix util module '/home/mbsaloka/Desktop/Ichiro/shisen_app/shisen_interfaces/install/_local_setup_util_sh.py'
[11.073s] INFO:colcon.colcon_core.shell:Creating prefix chain script '/home/mbsaloka/Desktop/Ichiro/shisen_app/shisen_interfaces/install/setup.sh'
[11.075s] INFO:colcon.colcon_core.shell:Creating prefix script '/home/mbsaloka/Desktop/Ichiro/shisen_app/shisen_interfaces/install/local_setup.bash'
[11.076s] INFO:colcon.colcon_core.shell:Creating prefix chain script '/home/mbsaloka/Desktop/Ichiro/shisen_app/shisen_interfaces/install/setup.bash'
[11.078s] INFO:colcon.colcon_core.shell:Creating prefix script '/home/mbsaloka/Desktop/Ichiro/shisen_app/shisen_interfaces/install/local_setup.zsh'
[11.079s] INFO:colcon.colcon_core.shell:Creating prefix chain script '/home/mbsaloka/Desktop/Ichiro/shisen_app/shisen_interfaces/install/setup.zsh'
