[0.183s] DEBUG:colcon:Command line arguments: ['/usr/bin/colcon', 'build']
[0.183s] DEBUG:colcon:Parsed command line arguments: Namespace(log_base=None, log_level=None, verb_name='build', build_base='build', install_base='install', merge_install=False, symlink_install=False, test_result_base=None, continue_on_error=False, executor='parallel', parallel_workers=16, event_handlers=None, ignore_user_meta=False, metas=['./colcon.meta'], base_paths=['.'], packages_ignore=None, packages_ignore_regex=None, paths=None, packages_up_to=None, packages_up_to_regex=None, packages_above=None, packages_above_and_dependencies=None, packages_above_depth=None, packages_select_by_dep=None, packages_skip_by_dep=None, packages_skip_up_to=None, packages_select_build_failed=False, packages_skip_build_finished=False, packages_select_test_failures=False, packages_skip_test_passed=False, packages_select=None, packages_skip=None, packages_select_regex=None, packages_skip_regex=None, packages_start=None, packages_end=None, allow_overriding=[], cmake_args=None, cmake_target=None, cmake_target_skip_unavailable=False, cmake_clean_cache=False, cmake_clean_first=False, cmake_force_configure=False, ament_cmake_args=None, catkin_cmake_args=None, catkin_skip_building_tests=False, verb_parser=<colcon_defaults.argument_parser.defaults.DefaultArgumentsDecorator object at 0x7efe8280bd30>, verb_extension=<colcon_core.verb.build.BuildVerb object at 0x7efe8280b730>, main=<bound method BuildVerb.main of <colcon_core.verb.build.BuildVerb object at 0x7efe8280b730>>)
[0.438s] Level 1:colcon.colcon_core.package_discovery:discover_packages(colcon_meta) check parameters
[0.438s] Level 1:colcon.colcon_core.package_discovery:discover_packages(recursive) check parameters
[0.438s] Level 1:colcon.colcon_core.package_discovery:discover_packages(ignore) check parameters
[0.438s] Level 1:colcon.colcon_core.package_discovery:discover_packages(path) check parameters
[0.438s] Level 1:colcon.colcon_core.package_discovery:discover_packages(colcon_meta) discover
[0.439s] Level 1:colcon.colcon_core.package_discovery:discover_packages(recursive) discover
[0.439s] INFO:colcon.colcon_core.package_discovery:Crawling recursively for packages in '/home/mbsaloka/Desktop/Ichiro/shisen_app/shisen_interfaces'
[0.439s] Level 1:colcon.colcon_core.package_identification:_identify(.) by extensions ['ignore', 'ignore_ament_install']
[0.439s] Level 1:colcon.colcon_core.package_identification:_identify(.) by extension 'ignore'
[0.439s] Level 1:colcon.colcon_core.package_identification:_identify(.) by extension 'ignore_ament_install'
[0.440s] Level 1:colcon.colcon_core.package_identification:_identify(.) by extensions ['colcon_pkg']
[0.440s] Level 1:colcon.colcon_core.package_identification:_identify(.) by extension 'colcon_pkg'
[0.440s] Level 1:colcon.colcon_core.package_identification:_identify(.) by extensions ['colcon_meta']
[0.440s] Level 1:colcon.colcon_core.package_identification:_identify(.) by extension 'colcon_meta'
[0.440s] Level 1:colcon.colcon_core.package_identification:_identify(.) by extensions ['ros']
[0.440s] Level 1:colcon.colcon_core.package_identification:_identify(.) by extension 'ros'
[0.465s] DEBUG:colcon.colcon_core.package_identification:Package '.' with type 'ros.ament_cmake' and name 'shisen_interfaces'
[0.465s] Level 1:colcon.colcon_core.package_discovery:discover_packages(recursive) using defaults
[0.466s] Level 1:colcon.colcon_core.package_discovery:discover_packages(ignore) discover
[0.466s] Level 1:colcon.colcon_core.package_discovery:discover_packages(ignore) using defaults
[0.466s] Level 1:colcon.colcon_core.package_discovery:discover_packages(path) discover
[0.466s] Level 1:colcon.colcon_core.package_discovery:discover_packages(path) using defaults
[0.508s] Level 1:colcon.colcon_core.package_discovery:discover_packages(prefix_path) check parameters
[0.508s] Level 1:colcon.colcon_core.package_discovery:discover_packages(prefix_path) discover
[0.512s] DEBUG:colcon.colcon_installed_package_information.package_discovery:Found 192 installed packages in /opt/ros/iron
[0.514s] Level 1:colcon.colcon_core.package_discovery:discover_packages(prefix_path) using defaults
[0.584s] Level 5:colcon.colcon_core.verb:set package 'shisen_interfaces' build argument 'cmake_args' from command line to 'None'
[0.584s] Level 5:colcon.colcon_core.verb:set package 'shisen_interfaces' build argument 'cmake_target' from command line to 'None'
[0.584s] Level 5:colcon.colcon_core.verb:set package 'shisen_interfaces' build argument 'cmake_target_skip_unavailable' from command line to 'False'
[0.584s] Level 5:colcon.colcon_core.verb:set package 'shisen_interfaces' build argument 'cmake_clean_cache' from command line to 'False'
[0.584s] Level 5:colcon.colcon_core.verb:set package 'shisen_interfaces' build argument 'cmake_clean_first' from command line to 'False'
[0.584s] Level 5:colcon.colcon_core.verb:set package 'shisen_interfaces' build argument 'cmake_force_configure' from command line to 'False'
[0.584s] Level 5:colcon.colcon_core.verb:set package 'shisen_interfaces' build argument 'ament_cmake_args' from command line to 'None'
[0.584s] Level 5:colcon.colcon_core.verb:set package 'shisen_interfaces' build argument 'catkin_cmake_args' from command line to 'None'
[0.584s] Level 5:colcon.colcon_core.verb:set package 'shisen_interfaces' build argument 'catkin_skip_building_tests' from command line to 'False'
[0.584s] DEBUG:colcon.colcon_core.verb:Building package 'shisen_interfaces' with the following arguments: {'ament_cmake_args': None, 'build_base': '/home/mbsaloka/Desktop/Ichiro/shisen_app/shisen_interfaces/build/shisen_interfaces', 'catkin_cmake_args': None, 'catkin_skip_building_tests': False, 'cmake_args': None, 'cmake_clean_cache': False, 'cmake_clean_first': False, 'cmake_force_configure': False, 'cmake_target': None, 'cmake_target_skip_unavailable': False, 'install_base': '/home/mbsaloka/Desktop/Ichiro/shisen_app/shisen_interfaces/install/shisen_interfaces', 'merge_install': False, 'path': '/home/mbsaloka/Desktop/Ichiro/shisen_app/shisen_interfaces', 'symlink_install': False, 'test_result_base': None}
[0.584s] INFO:colcon.colcon_core.executor:Executing jobs using 'parallel' executor
[0.586s] DEBUG:colcon.colcon_parallel_executor.executor.parallel:run_until_complete
[0.586s] INFO:colcon.colcon_ros.task.ament_cmake.build:Building ROS package in '/home/mbsaloka/Desktop/Ichiro/shisen_app/shisen_interfaces' with build type 'ament_cmake'
[0.586s] INFO:colcon.colcon_cmake.task.cmake.build:Building CMake package in '/home/mbsaloka/Desktop/Ichiro/shisen_app/shisen_interfaces'
[0.590s] INFO:colcon.colcon_core.plugin_system:Skipping extension 'colcon_core.shell.bat': Not used on non-Windows systems
[0.590s] INFO:colcon.colcon_core.shell:Skip shell extension 'powershell' for command environment: Not usable outside of PowerShell
[0.591s] DEBUG:colcon.colcon_core.shell:Skip shell extension 'dsv' for command environment
[0.607s] DEBUG:colcon.colcon_core.event_handler.log_command:Invoking command in '/home/mbsaloka/Desktop/Ichiro/shisen_app/shisen_interfaces/build/shisen_interfaces': CMAKE_PREFIX_PATH=/opt/ros/iron /usr/bin/cmake --build /home/mbsaloka/Desktop/Ichiro/shisen_app/shisen_interfaces/build/shisen_interfaces -- -j16 -l16
[3.471s] DEBUG:colcon.colcon_core.event_handler.log_command:Invoked command in '/home/mbsaloka/Desktop/Ichiro/shisen_app/shisen_interfaces/build/shisen_interfaces' returned '0': CMAKE_PREFIX_PATH=/opt/ros/iron /usr/bin/cmake --build /home/mbsaloka/Desktop/Ichiro/shisen_app/shisen_interfaces/build/shisen_interfaces -- -j16 -l16
[3.691s] DEBUG:colcon.colcon_core.event_handler.log_command:Invoking command in '/home/mbsaloka/Desktop/Ichiro/shisen_app/shisen_interfaces/build/shisen_interfaces': CMAKE_PREFIX_PATH=/opt/ros/iron /usr/bin/cmake --install /home/mbsaloka/Desktop/Ichiro/shisen_app/shisen_interfaces/build/shisen_interfaces
[3.796s] Level 1:colcon.colcon_core.environment:create_environment_scripts_only(shisen_interfaces)
[3.797s] DEBUG:colcon.colcon_core.event_handler.log_command:Invoked command in '/home/mbsaloka/Desktop/Ichiro/shisen_app/shisen_interfaces/build/shisen_interfaces' returned '0': CMAKE_PREFIX_PATH=/opt/ros/iron /usr/bin/cmake --install /home/mbsaloka/Desktop/Ichiro/shisen_app/shisen_interfaces/build/shisen_interfaces
[3.802s] Level 1:colcon.colcon_core.environment:checking '/home/mbsaloka/Desktop/Ichiro/shisen_app/shisen_interfaces/install/shisen_interfaces' for CMake module files
[3.803s] Level 1:colcon.colcon_core.environment:checking '/home/mbsaloka/Desktop/Ichiro/shisen_app/shisen_interfaces/install/shisen_interfaces' for CMake config files
[3.803s] Level 1:colcon.colcon_core.shell:create_environment_hook('shisen_interfaces', 'cmake_prefix_path')
[3.804s] INFO:colcon.colcon_core.shell:Creating environment hook '/home/mbsaloka/Desktop/Ichiro/shisen_app/shisen_interfaces/install/shisen_interfaces/share/shisen_interfaces/hook/cmake_prefix_path.ps1'
[3.805s] INFO:colcon.colcon_core.shell:Creating environment descriptor '/home/mbsaloka/Desktop/Ichiro/shisen_app/shisen_interfaces/install/shisen_interfaces/share/shisen_interfaces/hook/cmake_prefix_path.dsv'
[3.806s] INFO:colcon.colcon_core.shell:Creating environment hook '/home/mbsaloka/Desktop/Ichiro/shisen_app/shisen_interfaces/install/shisen_interfaces/share/shisen_interfaces/hook/cmake_prefix_path.sh'
[3.807s] Level 1:colcon.colcon_core.environment:checking '/home/mbsaloka/Desktop/Ichiro/shisen_app/shisen_interfaces/install/shisen_interfaces/lib'
[3.807s] Level 1:colcon.colcon_core.shell:create_environment_hook('shisen_interfaces', 'ld_library_path_lib')
[3.808s] INFO:colcon.colcon_core.shell:Creating environment hook '/home/mbsaloka/Desktop/Ichiro/shisen_app/shisen_interfaces/install/shisen_interfaces/share/shisen_interfaces/hook/ld_library_path_lib.ps1'
[3.808s] INFO:colcon.colcon_core.shell:Creating environment descriptor '/home/mbsaloka/Desktop/Ichiro/shisen_app/shisen_interfaces/install/shisen_interfaces/share/shisen_interfaces/hook/ld_library_path_lib.dsv'
[3.809s] INFO:colcon.colcon_core.shell:Creating environment hook '/home/mbsaloka/Desktop/Ichiro/shisen_app/shisen_interfaces/install/shisen_interfaces/share/shisen_interfaces/hook/ld_library_path_lib.sh'
[3.809s] Level 1:colcon.colcon_core.environment:checking '/home/mbsaloka/Desktop/Ichiro/shisen_app/shisen_interfaces/install/shisen_interfaces/bin'
[3.809s] Level 1:colcon.colcon_core.environment:checking '/home/mbsaloka/Desktop/Ichiro/shisen_app/shisen_interfaces/install/shisen_interfaces/lib/pkgconfig/shisen_interfaces.pc'
[3.810s] Level 1:colcon.colcon_core.environment:checking '/home/mbsaloka/Desktop/Ichiro/shisen_app/shisen_interfaces/install/shisen_interfaces/lib/python3.10/site-packages'
[3.810s] Level 1:colcon.colcon_core.shell:create_environment_hook('shisen_interfaces', 'pythonpath')
[3.810s] INFO:colcon.colcon_core.shell:Creating environment hook '/home/mbsaloka/Desktop/Ichiro/shisen_app/shisen_interfaces/install/shisen_interfaces/share/shisen_interfaces/hook/pythonpath.ps1'
[3.811s] INFO:colcon.colcon_core.shell:Creating environment descriptor '/home/mbsaloka/Desktop/Ichiro/shisen_app/shisen_interfaces/install/shisen_interfaces/share/shisen_interfaces/hook/pythonpath.dsv'
[3.811s] INFO:colcon.colcon_core.shell:Creating environment hook '/home/mbsaloka/Desktop/Ichiro/shisen_app/shisen_interfaces/install/shisen_interfaces/share/shisen_interfaces/hook/pythonpath.sh'
[3.812s] Level 1:colcon.colcon_core.environment:checking '/home/mbsaloka/Desktop/Ichiro/shisen_app/shisen_interfaces/install/shisen_interfaces/bin'
[3.813s] INFO:colcon.colcon_core.shell:Creating package script '/home/mbsaloka/Desktop/Ichiro/shisen_app/shisen_interfaces/install/shisen_interfaces/share/shisen_interfaces/package.ps1'
[3.814s] INFO:colcon.colcon_core.shell:Creating package descriptor '/home/mbsaloka/Desktop/Ichiro/shisen_app/shisen_interfaces/install/shisen_interfaces/share/shisen_interfaces/package.dsv'
[3.815s] INFO:colcon.colcon_core.shell:Creating package script '/home/mbsaloka/Desktop/Ichiro/shisen_app/shisen_interfaces/install/shisen_interfaces/share/shisen_interfaces/package.sh'
[3.816s] INFO:colcon.colcon_core.shell:Creating package script '/home/mbsaloka/Desktop/Ichiro/shisen_app/shisen_interfaces/install/shisen_interfaces/share/shisen_interfaces/package.bash'
[3.817s] INFO:colcon.colcon_core.shell:Creating package script '/home/mbsaloka/Desktop/Ichiro/shisen_app/shisen_interfaces/install/shisen_interfaces/share/shisen_interfaces/package.zsh'
[3.818s] Level 1:colcon.colcon_core.environment:create_file_with_runtime_dependencies(/home/mbsaloka/Desktop/Ichiro/shisen_app/shisen_interfaces/install/shisen_interfaces/share/colcon-core/packages/shisen_interfaces)
[4.079s] Level 1:colcon.colcon_core.environment:create_environment_scripts_only(shisen_interfaces)
[4.079s] Level 1:colcon.colcon_core.environment:checking '/home/mbsaloka/Desktop/Ichiro/shisen_app/shisen_interfaces/install/shisen_interfaces' for CMake module files
[4.080s] Level 1:colcon.colcon_core.environment:checking '/home/mbsaloka/Desktop/Ichiro/shisen_app/shisen_interfaces/install/shisen_interfaces' for CMake config files
[4.081s] Level 1:colcon.colcon_core.shell:create_environment_hook('shisen_interfaces', 'cmake_prefix_path')
[4.081s] INFO:colcon.colcon_core.shell:Creating environment hook '/home/mbsaloka/Desktop/Ichiro/shisen_app/shisen_interfaces/install/shisen_interfaces/share/shisen_interfaces/hook/cmake_prefix_path.ps1'
[4.082s] INFO:colcon.colcon_core.shell:Creating environment descriptor '/home/mbsaloka/Desktop/Ichiro/shisen_app/shisen_interfaces/install/shisen_interfaces/share/shisen_interfaces/hook/cmake_prefix_path.dsv'
[4.082s] INFO:colcon.colcon_core.shell:Creating environment hook '/home/mbsaloka/Desktop/Ichiro/shisen_app/shisen_interfaces/install/shisen_interfaces/share/shisen_interfaces/hook/cmake_prefix_path.sh'
[4.083s] Level 1:colcon.colcon_core.environment:checking '/home/mbsaloka/Desktop/Ichiro/shisen_app/shisen_interfaces/install/shisen_interfaces/lib'
[4.083s] Level 1:colcon.colcon_core.shell:create_environment_hook('shisen_interfaces', 'ld_library_path_lib')
[4.083s] INFO:colcon.colcon_core.shell:Creating environment hook '/home/mbsaloka/Desktop/Ichiro/shisen_app/shisen_interfaces/install/shisen_interfaces/share/shisen_interfaces/hook/ld_library_path_lib.ps1'
[4.084s] INFO:colcon.colcon_core.shell:Creating environment descriptor '/home/mbsaloka/Desktop/Ichiro/shisen_app/shisen_interfaces/install/shisen_interfaces/share/shisen_interfaces/hook/ld_library_path_lib.dsv'
[4.084s] INFO:colcon.colcon_core.shell:Creating environment hook '/home/mbsaloka/Desktop/Ichiro/shisen_app/shisen_interfaces/install/shisen_interfaces/share/shisen_interfaces/hook/ld_library_path_lib.sh'
[4.085s] Level 1:colcon.colcon_core.environment:checking '/home/mbsaloka/Desktop/Ichiro/shisen_app/shisen_interfaces/install/shisen_interfaces/bin'
[4.085s] Level 1:colcon.colcon_core.environment:checking '/home/mbsaloka/Desktop/Ichiro/shisen_app/shisen_interfaces/install/shisen_interfaces/lib/pkgconfig/shisen_interfaces.pc'
[4.085s] Level 1:colcon.colcon_core.environment:checking '/home/mbsaloka/Desktop/Ichiro/shisen_app/shisen_interfaces/install/shisen_interfaces/lib/python3.10/site-packages'
[4.085s] Level 1:colcon.colcon_core.shell:create_environment_hook('shisen_interfaces', 'pythonpath')
[4.086s] INFO:colcon.colcon_core.shell:Creating environment hook '/home/mbsaloka/Desktop/Ichiro/shisen_app/shisen_interfaces/install/shisen_interfaces/share/shisen_interfaces/hook/pythonpath.ps1'
[4.086s] INFO:colcon.colcon_core.shell:Creating environment descriptor '/home/mbsaloka/Desktop/Ichiro/shisen_app/shisen_interfaces/install/shisen_interfaces/share/shisen_interfaces/hook/pythonpath.dsv'
[4.086s] INFO:colcon.colcon_core.shell:Creating environment hook '/home/mbsaloka/Desktop/Ichiro/shisen_app/shisen_interfaces/install/shisen_interfaces/share/shisen_interfaces/hook/pythonpath.sh'
[4.087s] Level 1:colcon.colcon_core.environment:checking '/home/mbsaloka/Desktop/Ichiro/shisen_app/shisen_interfaces/install/shisen_interfaces/bin'
[4.087s] INFO:colcon.colcon_core.shell:Creating package script '/home/mbsaloka/Desktop/Ichiro/shisen_app/shisen_interfaces/install/shisen_interfaces/share/shisen_interfaces/package.ps1'
[4.088s] INFO:colcon.colcon_core.shell:Creating package descriptor '/home/mbsaloka/Desktop/Ichiro/shisen_app/shisen_interfaces/install/shisen_interfaces/share/shisen_interfaces/package.dsv'
[4.089s] INFO:colcon.colcon_core.shell:Creating package script '/home/mbsaloka/Desktop/Ichiro/shisen_app/shisen_interfaces/install/shisen_interfaces/share/shisen_interfaces/package.sh'
[4.089s] INFO:colcon.colcon_core.shell:Creating package script '/home/mbsaloka/Desktop/Ichiro/shisen_app/shisen_interfaces/install/shisen_interfaces/share/shisen_interfaces/package.bash'
[4.090s] INFO:colcon.colcon_core.shell:Creating package script '/home/mbsaloka/Desktop/Ichiro/shisen_app/shisen_interfaces/install/shisen_interfaces/share/shisen_interfaces/package.zsh'
[4.090s] Level 1:colcon.colcon_core.environment:create_file_with_runtime_dependencies(/home/mbsaloka/Desktop/Ichiro/shisen_app/shisen_interfaces/install/shisen_interfaces/share/colcon-core/packages/shisen_interfaces)
[4.091s] DEBUG:colcon.colcon_parallel_executor.executor.parallel:closing loop
[4.091s] DEBUG:colcon.colcon_parallel_executor.executor.parallel:loop closed
[4.091s] DEBUG:colcon.colcon_parallel_executor.executor.parallel:run_until_complete finished with '0'
[4.092s] DEBUG:colcon.colcon_core.event_reactor:joining thread
[4.105s] INFO:colcon.colcon_core.plugin_system:Skipping extension 'colcon_notification.desktop_notification.terminal_notifier': Not used on non-Darwin systems
[4.105s] INFO:colcon.colcon_core.plugin_system:Skipping extension 'colcon_notification.desktop_notification.win32': Not used on non-Windows systems
[4.105s] INFO:colcon.colcon_notification.desktop_notification:Sending desktop notification using 'notify2'
[4.185s] DEBUG:colcon.colcon_core.event_reactor:joined thread
[4.186s] INFO:colcon.colcon_core.shell:Creating prefix script '/home/mbsaloka/Desktop/Ichiro/shisen_app/shisen_interfaces/install/local_setup.ps1'
[4.188s] INFO:colcon.colcon_core.shell:Creating prefix util module '/home/mbsaloka/Desktop/Ichiro/shisen_app/shisen_interfaces/install/_local_setup_util_ps1.py'
[4.190s] INFO:colcon.colcon_core.shell:Creating prefix chain script '/home/mbsaloka/Desktop/Ichiro/shisen_app/shisen_interfaces/install/setup.ps1'
[4.191s] INFO:colcon.colcon_core.shell:Creating prefix script '/home/mbsaloka/Desktop/Ichiro/shisen_app/shisen_interfaces/install/local_setup.sh'
[4.193s] INFO:colcon.colcon_core.shell:Creating prefix util module '/home/mbsaloka/Desktop/Ichiro/shisen_app/shisen_interfaces/install/_local_setup_util_sh.py'
[4.194s] INFO:colcon.colcon_core.shell:Creating prefix chain script '/home/mbsaloka/Desktop/Ichiro/shisen_app/shisen_interfaces/install/setup.sh'
[4.195s] INFO:colcon.colcon_core.shell:Creating prefix script '/home/mbsaloka/Desktop/Ichiro/shisen_app/shisen_interfaces/install/local_setup.bash'
[4.196s] INFO:colcon.colcon_core.shell:Creating prefix chain script '/home/mbsaloka/Desktop/Ichiro/shisen_app/shisen_interfaces/install/setup.bash'
[4.198s] INFO:colcon.colcon_core.shell:Creating prefix script '/home/mbsaloka/Desktop/Ichiro/shisen_app/shisen_interfaces/install/local_setup.zsh'
[4.199s] INFO:colcon.colcon_core.shell:Creating prefix chain script '/home/mbsaloka/Desktop/Ichiro/shisen_app/shisen_interfaces/install/setup.zsh'
