[  1%] [34m[1mGenerating proto/shisen.pb.cc, proto/shisen.pb.h, proto/shisen.grpc.pb.cc, proto/shisen.grpc.pb.h[0m
[  2%] Built target shisen_interfaces__rosidl_generator_type_description
[  2%] Built target ament_cmake_python_copy_shisen_interfaces
[35m[1mConsolidate compiler generated dependencies of target shisen_interfaces__rosidl_generator_c[0m
[  4%] Built target shisen_interfaces__cpp
[ 25%] Built target shisen_interfaces__rosidl_generator_c
[35m[1mConsolidate compiler generated dependencies of target shisen_interfaces__rosidl_typesupport_c[0m
[35m[1mConsolidate compiler generated dependencies of target shisen_interfaces__rosidl_typesupport_cpp[0m
[35m[1mConsolidate compiler generated dependencies of target shisen_interfaces__rosidl_typesupport_fastrtps_c[0m
[35m[1mConsolidate compiler generated dependencies of target shisen_interfaces__rosidl_typesupport_introspection_c[0m
[35m[1mConsolidate compiler generated dependencies of target shisen_interfaces__rosidl_typesupport_introspection_cpp[0m
[35m[1mConsolidate compiler generated dependencies of target shisen_interfaces__rosidl_typesupport_fastrtps_cpp[0m
[35m[1mConsolidate compiler generated dependencies of target shisen_proto[0m
[ 33%] Built target shisen_interfaces__rosidl_typesupport_c
[ 42%] Built target shisen_interfaces__rosidl_typesupport_introspection_c
[ 51%] Built target shisen_interfaces__rosidl_typesupport_cpp
[ 60%] Built target shisen_interfaces__rosidl_typesupport_fastrtps_c
[ 69%] Built target shisen_interfaces__rosidl_typesupport_introspection_cpp
[ 77%] Built target shisen_interfaces__rosidl_typesupport_fastrtps_cpp
[ 79%] [32mBuilding CXX object CMakeFiles/shisen_proto.dir/proto/shisen.pb.cc.o[0m
[ 80%] [32mBuilding CXX object CMakeFiles/shisen_proto.dir/proto/shisen.grpc.pb.cc.o[0m
[ 80%] Built target shisen_interfaces
[ 82%] Built target shisen_interfaces__py
[35m[1mConsolidate compiler generated dependencies of target shisen_interfaces__rosidl_generator_py[0m
[ 89%] Built target shisen_interfaces__rosidl_generator_py
[35m[1mConsolidate compiler generated dependencies of target shisen_interfaces__rosidl_typesupport_introspection_c__pyext[0m
[35m[1mConsolidate compiler generated dependencies of target shisen_interfaces__rosidl_typesupport_c__pyext[0m
[35m[1mConsolidate compiler generated dependencies of target shisen_interfaces__rosidl_typesupport_fastrtps_c__pyext[0m
[ 92%] Built target shisen_interfaces__rosidl_typesupport_c__pyext
[ 95%] Built target shisen_interfaces__rosidl_typesupport_introspection_c__pyext
[ 98%] Built target shisen_interfaces__rosidl_typesupport_fastrtps_c__pyext
running egg_info
writing shisen_interfaces.egg-info/PKG-INFO
writing dependency_links to shisen_interfaces.egg-info/dependency_links.txt
writing top-level names to shisen_interfaces.egg-info/top_level.txt
reading manifest file 'shisen_interfaces.egg-info/SOURCES.txt'
writing manifest file 'shisen_interfaces.egg-info/SOURCES.txt'
[ 98%] Built target ament_cmake_python_build_shisen_interfaces_egg
[100%] [32m[1mLinking CXX shared library libshisen_proto.so[0m
[100%] Built target shisen_proto
-- Install configuration: ""
-- Up-to-date: /home/mbsaloka/Desktop/Ichiro/shisen_app/shisen_interfaces/install/shisen_interfaces/share/ament_index/resource_index/rosidl_interfaces/shisen_interfaces
-- Up-to-date: /home/mbsaloka/Desktop/Ichiro/shisen_app/shisen_interfaces/install/shisen_interfaces/share/shisen_interfaces/msg/CameraConfig.json
-- Up-to-date: /home/mbsaloka/Desktop/Ichiro/shisen_app/shisen_interfaces/install/shisen_interfaces/share/shisen_interfaces/msg/CaptureSetting.json
-- Up-to-date: /home/mbsaloka/Desktop/Ichiro/shisen_app/shisen_interfaces/install/shisen_interfaces/share/shisen_interfaces/msg/Image.json
-- Up-to-date: /home/mbsaloka/Desktop/Ichiro/shisen_app/shisen_interfaces/install/shisen_interfaces/share/shisen_interfaces/srv/ConfigureCaptureSetting.json
-- Up-to-date: /home/mbsaloka/Desktop/Ichiro/shisen_app/shisen_interfaces/install/shisen_interfaces/include/shisen_interfaces/shisen_interfaces
-- Up-to-date: /home/mbsaloka/Desktop/Ichiro/shisen_app/shisen_interfaces/install/shisen_interfaces/include/shisen_interfaces/shisen_interfaces/srv
-- Up-to-date: /home/mbsaloka/Desktop/Ichiro/shisen_app/shisen_interfaces/install/shisen_interfaces/include/shisen_interfaces/shisen_interfaces/srv/configure_capture_setting.h
-- Up-to-date: /home/mbsaloka/Desktop/Ichiro/shisen_app/shisen_interfaces/install/shisen_interfaces/include/shisen_interfaces/shisen_interfaces/srv/detail
-- Up-to-date: /home/mbsaloka/Desktop/Ichiro/shisen_app/shisen_interfaces/install/shisen_interfaces/include/shisen_interfaces/shisen_interfaces/srv/detail/configure_capture_setting__functions.c
-- Up-to-date: /home/mbsaloka/Desktop/Ichiro/shisen_app/shisen_interfaces/install/shisen_interfaces/include/shisen_interfaces/shisen_interfaces/srv/detail/configure_capture_setting__type_support.h
-- Up-to-date: /home/mbsaloka/Desktop/Ichiro/shisen_app/shisen_interfaces/install/shisen_interfaces/include/shisen_interfaces/shisen_interfaces/srv/detail/configure_capture_setting__functions.h
-- Up-to-date: /home/mbsaloka/Desktop/Ichiro/shisen_app/shisen_interfaces/install/shisen_interfaces/include/shisen_interfaces/shisen_interfaces/srv/detail/configure_capture_setting__description.c
-- Up-to-date: /home/mbsaloka/Desktop/Ichiro/shisen_app/shisen_interfaces/install/shisen_interfaces/include/shisen_interfaces/shisen_interfaces/srv/detail/configure_capture_setting__struct.h
-- Up-to-date: /home/mbsaloka/Desktop/Ichiro/shisen_app/shisen_interfaces/install/shisen_interfaces/include/shisen_interfaces/shisen_interfaces/srv/detail/configure_capture_setting__type_support.c
-- Up-to-date: /home/mbsaloka/Desktop/Ichiro/shisen_app/shisen_interfaces/install/shisen_interfaces/include/shisen_interfaces/shisen_interfaces/msg
-- Up-to-date: /home/mbsaloka/Desktop/Ichiro/shisen_app/shisen_interfaces/install/shisen_interfaces/include/shisen_interfaces/shisen_interfaces/msg/capture_setting.h
-- Up-to-date: /home/mbsaloka/Desktop/Ichiro/shisen_app/shisen_interfaces/install/shisen_interfaces/include/shisen_interfaces/shisen_interfaces/msg/image.h
-- Up-to-date: /home/mbsaloka/Desktop/Ichiro/shisen_app/shisen_interfaces/install/shisen_interfaces/include/shisen_interfaces/shisen_interfaces/msg/rosidl_generator_c__visibility_control.h
-- Up-to-date: /home/mbsaloka/Desktop/Ichiro/shisen_app/shisen_interfaces/install/shisen_interfaces/include/shisen_interfaces/shisen_interfaces/msg/camera_config.h
-- Up-to-date: /home/mbsaloka/Desktop/Ichiro/shisen_app/shisen_interfaces/install/shisen_interfaces/include/shisen_interfaces/shisen_interfaces/msg/detail
-- Up-to-date: /home/mbsaloka/Desktop/Ichiro/shisen_app/shisen_interfaces/install/shisen_interfaces/include/shisen_interfaces/shisen_interfaces/msg/detail/capture_setting__functions.h
-- Up-to-date: /home/mbsaloka/Desktop/Ichiro/shisen_app/shisen_interfaces/install/shisen_interfaces/include/shisen_interfaces/shisen_interfaces/msg/detail/camera_config__functions.c
-- Up-to-date: /home/mbsaloka/Desktop/Ichiro/shisen_app/shisen_interfaces/install/shisen_interfaces/include/shisen_interfaces/shisen_interfaces/msg/detail/capture_setting__struct.h
-- Up-to-date: /home/mbsaloka/Desktop/Ichiro/shisen_app/shisen_interfaces/install/shisen_interfaces/include/shisen_interfaces/shisen_interfaces/msg/detail/capture_setting__type_support.c
-- Up-to-date: /home/mbsaloka/Desktop/Ichiro/shisen_app/shisen_interfaces/install/shisen_interfaces/include/shisen_interfaces/shisen_interfaces/msg/detail/camera_config__type_support.c
-- Up-to-date: /home/mbsaloka/Desktop/Ichiro/shisen_app/shisen_interfaces/install/shisen_interfaces/include/shisen_interfaces/shisen_interfaces/msg/detail/image__struct.h
-- Up-to-date: /home/mbsaloka/Desktop/Ichiro/shisen_app/shisen_interfaces/install/shisen_interfaces/include/shisen_interfaces/shisen_interfaces/msg/detail/camera_config__functions.h
-- Up-to-date: /home/mbsaloka/Desktop/Ichiro/shisen_app/shisen_interfaces/install/shisen_interfaces/include/shisen_interfaces/shisen_interfaces/msg/detail/capture_setting__functions.c
-- Up-to-date: /home/mbsaloka/Desktop/Ichiro/shisen_app/shisen_interfaces/install/shisen_interfaces/include/shisen_interfaces/shisen_interfaces/msg/detail/camera_config__description.c
-- Up-to-date: /home/mbsaloka/Desktop/Ichiro/shisen_app/shisen_interfaces/install/shisen_interfaces/include/shisen_interfaces/shisen_interfaces/msg/detail/image__functions.h
-- Up-to-date: /home/mbsaloka/Desktop/Ichiro/shisen_app/shisen_interfaces/install/shisen_interfaces/include/shisen_interfaces/shisen_interfaces/msg/detail/camera_config__struct.h
-- Up-to-date: /home/mbsaloka/Desktop/Ichiro/shisen_app/shisen_interfaces/install/shisen_interfaces/include/shisen_interfaces/shisen_interfaces/msg/detail/capture_setting__description.c
-- Up-to-date: /home/mbsaloka/Desktop/Ichiro/shisen_app/shisen_interfaces/install/shisen_interfaces/include/shisen_interfaces/shisen_interfaces/msg/detail/image__functions.c
-- Up-to-date: /home/mbsaloka/Desktop/Ichiro/shisen_app/shisen_interfaces/install/shisen_interfaces/include/shisen_interfaces/shisen_interfaces/msg/detail/capture_setting__type_support.h
-- Up-to-date: /home/mbsaloka/Desktop/Ichiro/shisen_app/shisen_interfaces/install/shisen_interfaces/include/shisen_interfaces/shisen_interfaces/msg/detail/image__type_support.h
-- Up-to-date: /home/mbsaloka/Desktop/Ichiro/shisen_app/shisen_interfaces/install/shisen_interfaces/include/shisen_interfaces/shisen_interfaces/msg/detail/image__type_support.c
-- Up-to-date: /home/mbsaloka/Desktop/Ichiro/shisen_app/shisen_interfaces/install/shisen_interfaces/include/shisen_interfaces/shisen_interfaces/msg/detail/image__description.c
-- Up-to-date: /home/mbsaloka/Desktop/Ichiro/shisen_app/shisen_interfaces/install/shisen_interfaces/include/shisen_interfaces/shisen_interfaces/msg/detail/camera_config__type_support.h
-- Up-to-date: /home/mbsaloka/Desktop/Ichiro/shisen_app/shisen_interfaces/install/shisen_interfaces/share/shisen_interfaces/environment/library_path.sh
-- Up-to-date: /home/mbsaloka/Desktop/Ichiro/shisen_app/shisen_interfaces/install/shisen_interfaces/share/shisen_interfaces/environment/library_path.dsv
-- Up-to-date: /home/mbsaloka/Desktop/Ichiro/shisen_app/shisen_interfaces/install/shisen_interfaces/lib/libshisen_interfaces__rosidl_generator_c.so
-- Up-to-date: /home/mbsaloka/Desktop/Ichiro/shisen_app/shisen_interfaces/install/shisen_interfaces/include/shisen_interfaces/shisen_interfaces
-- Up-to-date: /home/mbsaloka/Desktop/Ichiro/shisen_app/shisen_interfaces/install/shisen_interfaces/include/shisen_interfaces/shisen_interfaces/srv
-- Up-to-date: /home/mbsaloka/Desktop/Ichiro/shisen_app/shisen_interfaces/install/shisen_interfaces/include/shisen_interfaces/shisen_interfaces/srv/detail
-- Up-to-date: /home/mbsaloka/Desktop/Ichiro/shisen_app/shisen_interfaces/install/shisen_interfaces/include/shisen_interfaces/shisen_interfaces/srv/detail/configure_capture_setting__rosidl_typesupport_fastrtps_c.h
-- Up-to-date: /home/mbsaloka/Desktop/Ichiro/shisen_app/shisen_interfaces/install/shisen_interfaces/include/shisen_interfaces/shisen_interfaces/msg
-- Up-to-date: /home/mbsaloka/Desktop/Ichiro/shisen_app/shisen_interfaces/install/shisen_interfaces/include/shisen_interfaces/shisen_interfaces/msg/rosidl_typesupport_fastrtps_c__visibility_control.h
-- Up-to-date: /home/mbsaloka/Desktop/Ichiro/shisen_app/shisen_interfaces/install/shisen_interfaces/include/shisen_interfaces/shisen_interfaces/msg/detail
-- Up-to-date: /home/mbsaloka/Desktop/Ichiro/shisen_app/shisen_interfaces/install/shisen_interfaces/include/shisen_interfaces/shisen_interfaces/msg/detail/image__rosidl_typesupport_fastrtps_c.h
-- Up-to-date: /home/mbsaloka/Desktop/Ichiro/shisen_app/shisen_interfaces/install/shisen_interfaces/include/shisen_interfaces/shisen_interfaces/msg/detail/camera_config__rosidl_typesupport_fastrtps_c.h
-- Up-to-date: /home/mbsaloka/Desktop/Ichiro/shisen_app/shisen_interfaces/install/shisen_interfaces/include/shisen_interfaces/shisen_interfaces/msg/detail/capture_setting__rosidl_typesupport_fastrtps_c.h
-- Up-to-date: /home/mbsaloka/Desktop/Ichiro/shisen_app/shisen_interfaces/install/shisen_interfaces/lib/libshisen_interfaces__rosidl_typesupport_fastrtps_c.so
-- Up-to-date: /home/mbsaloka/Desktop/Ichiro/shisen_app/shisen_interfaces/install/shisen_interfaces/include/shisen_interfaces/shisen_interfaces
-- Up-to-date: /home/mbsaloka/Desktop/Ichiro/shisen_app/shisen_interfaces/install/shisen_interfaces/include/shisen_interfaces/shisen_interfaces/srv
-- Up-to-date: /home/mbsaloka/Desktop/Ichiro/shisen_app/shisen_interfaces/install/shisen_interfaces/include/shisen_interfaces/shisen_interfaces/srv/detail
-- Up-to-date: /home/mbsaloka/Desktop/Ichiro/shisen_app/shisen_interfaces/install/shisen_interfaces/include/shisen_interfaces/shisen_interfaces/srv/detail/configure_capture_setting__rosidl_typesupport_introspection_c.h
-- Up-to-date: /home/mbsaloka/Desktop/Ichiro/shisen_app/shisen_interfaces/install/shisen_interfaces/include/shisen_interfaces/shisen_interfaces/srv/detail/configure_capture_setting__type_support.c
-- Up-to-date: /home/mbsaloka/Desktop/Ichiro/shisen_app/shisen_interfaces/install/shisen_interfaces/include/shisen_interfaces/shisen_interfaces/msg
-- Up-to-date: /home/mbsaloka/Desktop/Ichiro/shisen_app/shisen_interfaces/install/shisen_interfaces/include/shisen_interfaces/shisen_interfaces/msg/rosidl_typesupport_introspection_c__visibility_control.h
-- Up-to-date: /home/mbsaloka/Desktop/Ichiro/shisen_app/shisen_interfaces/install/shisen_interfaces/include/shisen_interfaces/shisen_interfaces/msg/detail
-- Up-to-date: /home/mbsaloka/Desktop/Ichiro/shisen_app/shisen_interfaces/install/shisen_interfaces/include/shisen_interfaces/shisen_interfaces/msg/detail/capture_setting__rosidl_typesupport_introspection_c.h
-- Up-to-date: /home/mbsaloka/Desktop/Ichiro/shisen_app/shisen_interfaces/install/shisen_interfaces/include/shisen_interfaces/shisen_interfaces/msg/detail/capture_setting__type_support.c
-- Up-to-date: /home/mbsaloka/Desktop/Ichiro/shisen_app/shisen_interfaces/install/shisen_interfaces/include/shisen_interfaces/shisen_interfaces/msg/detail/camera_config__type_support.c
-- Up-to-date: /home/mbsaloka/Desktop/Ichiro/shisen_app/shisen_interfaces/install/shisen_interfaces/include/shisen_interfaces/shisen_interfaces/msg/detail/camera_config__rosidl_typesupport_introspection_c.h
-- Up-to-date: /home/mbsaloka/Desktop/Ichiro/shisen_app/shisen_interfaces/install/shisen_interfaces/include/shisen_interfaces/shisen_interfaces/msg/detail/image__rosidl_typesupport_introspection_c.h
-- Up-to-date: /home/mbsaloka/Desktop/Ichiro/shisen_app/shisen_interfaces/install/shisen_interfaces/include/shisen_interfaces/shisen_interfaces/msg/detail/image__type_support.c
-- Up-to-date: /home/mbsaloka/Desktop/Ichiro/shisen_app/shisen_interfaces/install/shisen_interfaces/lib/libshisen_interfaces__rosidl_typesupport_introspection_c.so
-- Up-to-date: /home/mbsaloka/Desktop/Ichiro/shisen_app/shisen_interfaces/install/shisen_interfaces/lib/libshisen_interfaces__rosidl_typesupport_c.so
-- Up-to-date: /home/mbsaloka/Desktop/Ichiro/shisen_app/shisen_interfaces/install/shisen_interfaces/include/shisen_interfaces/shisen_interfaces
-- Up-to-date: /home/mbsaloka/Desktop/Ichiro/shisen_app/shisen_interfaces/install/shisen_interfaces/include/shisen_interfaces/shisen_interfaces/srv
-- Up-to-date: /home/mbsaloka/Desktop/Ichiro/shisen_app/shisen_interfaces/install/shisen_interfaces/include/shisen_interfaces/shisen_interfaces/srv/configure_capture_setting.hpp
-- Up-to-date: /home/mbsaloka/Desktop/Ichiro/shisen_app/shisen_interfaces/install/shisen_interfaces/include/shisen_interfaces/shisen_interfaces/srv/detail
-- Up-to-date: /home/mbsaloka/Desktop/Ichiro/shisen_app/shisen_interfaces/install/shisen_interfaces/include/shisen_interfaces/shisen_interfaces/srv/detail/configure_capture_setting__struct.hpp
-- Up-to-date: /home/mbsaloka/Desktop/Ichiro/shisen_app/shisen_interfaces/install/shisen_interfaces/include/shisen_interfaces/shisen_interfaces/srv/detail/configure_capture_setting__builder.hpp
-- Up-to-date: /home/mbsaloka/Desktop/Ichiro/shisen_app/shisen_interfaces/install/shisen_interfaces/include/shisen_interfaces/shisen_interfaces/srv/detail/configure_capture_setting__traits.hpp
-- Up-to-date: /home/mbsaloka/Desktop/Ichiro/shisen_app/shisen_interfaces/install/shisen_interfaces/include/shisen_interfaces/shisen_interfaces/msg
-- Up-to-date: /home/mbsaloka/Desktop/Ichiro/shisen_app/shisen_interfaces/install/shisen_interfaces/include/shisen_interfaces/shisen_interfaces/msg/image.hpp
-- Up-to-date: /home/mbsaloka/Desktop/Ichiro/shisen_app/shisen_interfaces/install/shisen_interfaces/include/shisen_interfaces/shisen_interfaces/msg/camera_config.hpp
-- Up-to-date: /home/mbsaloka/Desktop/Ichiro/shisen_app/shisen_interfaces/install/shisen_interfaces/include/shisen_interfaces/shisen_interfaces/msg/capture_setting.hpp
-- Up-to-date: /home/mbsaloka/Desktop/Ichiro/shisen_app/shisen_interfaces/install/shisen_interfaces/include/shisen_interfaces/shisen_interfaces/msg/detail
-- Up-to-date: /home/mbsaloka/Desktop/Ichiro/shisen_app/shisen_interfaces/install/shisen_interfaces/include/shisen_interfaces/shisen_interfaces/msg/detail/image__builder.hpp
-- Up-to-date: /home/mbsaloka/Desktop/Ichiro/shisen_app/shisen_interfaces/install/shisen_interfaces/include/shisen_interfaces/shisen_interfaces/msg/detail/camera_config__traits.hpp
-- Up-to-date: /home/mbsaloka/Desktop/Ichiro/shisen_app/shisen_interfaces/install/shisen_interfaces/include/shisen_interfaces/shisen_interfaces/msg/detail/capture_setting__traits.hpp
-- Up-to-date: /home/mbsaloka/Desktop/Ichiro/shisen_app/shisen_interfaces/install/shisen_interfaces/include/shisen_interfaces/shisen_interfaces/msg/detail/capture_setting__builder.hpp
-- Up-to-date: /home/mbsaloka/Desktop/Ichiro/shisen_app/shisen_interfaces/install/shisen_interfaces/include/shisen_interfaces/shisen_interfaces/msg/detail/camera_config__builder.hpp
-- Up-to-date: /home/mbsaloka/Desktop/Ichiro/shisen_app/shisen_interfaces/install/shisen_interfaces/include/shisen_interfaces/shisen_interfaces/msg/detail/image__traits.hpp
-- Up-to-date: /home/mbsaloka/Desktop/Ichiro/shisen_app/shisen_interfaces/install/shisen_interfaces/include/shisen_interfaces/shisen_interfaces/msg/detail/camera_config__struct.hpp
-- Up-to-date: /home/mbsaloka/Desktop/Ichiro/shisen_app/shisen_interfaces/install/shisen_interfaces/include/shisen_interfaces/shisen_interfaces/msg/detail/image__struct.hpp
-- Up-to-date: /home/mbsaloka/Desktop/Ichiro/shisen_app/shisen_interfaces/install/shisen_interfaces/include/shisen_interfaces/shisen_interfaces/msg/detail/capture_setting__struct.hpp
-- Up-to-date: /home/mbsaloka/Desktop/Ichiro/shisen_app/shisen_interfaces/install/shisen_interfaces/include/shisen_interfaces/shisen_interfaces
-- Up-to-date: /home/mbsaloka/Desktop/Ichiro/shisen_app/shisen_interfaces/install/shisen_interfaces/include/shisen_interfaces/shisen_interfaces/srv
-- Up-to-date: /home/mbsaloka/Desktop/Ichiro/shisen_app/shisen_interfaces/install/shisen_interfaces/include/shisen_interfaces/shisen_interfaces/srv/detail
-- Up-to-date: /home/mbsaloka/Desktop/Ichiro/shisen_app/shisen_interfaces/install/shisen_interfaces/include/shisen_interfaces/shisen_interfaces/srv/detail/dds_fastrtps
-- Up-to-date: /home/mbsaloka/Desktop/Ichiro/shisen_app/shisen_interfaces/install/shisen_interfaces/include/shisen_interfaces/shisen_interfaces/srv/detail/configure_capture_setting__rosidl_typesupport_fastrtps_cpp.hpp
-- Up-to-date: /home/mbsaloka/Desktop/Ichiro/shisen_app/shisen_interfaces/install/shisen_interfaces/include/shisen_interfaces/shisen_interfaces/msg
-- Up-to-date: /home/mbsaloka/Desktop/Ichiro/shisen_app/shisen_interfaces/install/shisen_interfaces/include/shisen_interfaces/shisen_interfaces/msg/rosidl_typesupport_fastrtps_cpp__visibility_control.h
-- Up-to-date: /home/mbsaloka/Desktop/Ichiro/shisen_app/shisen_interfaces/install/shisen_interfaces/include/shisen_interfaces/shisen_interfaces/msg/detail
-- Up-to-date: /home/mbsaloka/Desktop/Ichiro/shisen_app/shisen_interfaces/install/shisen_interfaces/include/shisen_interfaces/shisen_interfaces/msg/detail/dds_fastrtps
-- Up-to-date: /home/mbsaloka/Desktop/Ichiro/shisen_app/shisen_interfaces/install/shisen_interfaces/include/shisen_interfaces/shisen_interfaces/msg/detail/image__rosidl_typesupport_fastrtps_cpp.hpp
-- Up-to-date: /home/mbsaloka/Desktop/Ichiro/shisen_app/shisen_interfaces/install/shisen_interfaces/include/shisen_interfaces/shisen_interfaces/msg/detail/camera_config__rosidl_typesupport_fastrtps_cpp.hpp
-- Up-to-date: /home/mbsaloka/Desktop/Ichiro/shisen_app/shisen_interfaces/install/shisen_interfaces/include/shisen_interfaces/shisen_interfaces/msg/detail/capture_setting__rosidl_typesupport_fastrtps_cpp.hpp
-- Up-to-date: /home/mbsaloka/Desktop/Ichiro/shisen_app/shisen_interfaces/install/shisen_interfaces/lib/libshisen_interfaces__rosidl_typesupport_fastrtps_cpp.so
-- Up-to-date: /home/mbsaloka/Desktop/Ichiro/shisen_app/shisen_interfaces/install/shisen_interfaces/include/shisen_interfaces/shisen_interfaces
-- Up-to-date: /home/mbsaloka/Desktop/Ichiro/shisen_app/shisen_interfaces/install/shisen_interfaces/include/shisen_interfaces/shisen_interfaces/srv
-- Up-to-date: /home/mbsaloka/Desktop/Ichiro/shisen_app/shisen_interfaces/install/shisen_interfaces/include/shisen_interfaces/shisen_interfaces/srv/detail
-- Up-to-date: /home/mbsaloka/Desktop/Ichiro/shisen_app/shisen_interfaces/install/shisen_interfaces/include/shisen_interfaces/shisen_interfaces/srv/detail/configure_capture_setting__type_support.cpp
-- Up-to-date: /home/mbsaloka/Desktop/Ichiro/shisen_app/shisen_interfaces/install/shisen_interfaces/include/shisen_interfaces/shisen_interfaces/srv/detail/configure_capture_setting__rosidl_typesupport_introspection_cpp.hpp
-- Up-to-date: /home/mbsaloka/Desktop/Ichiro/shisen_app/shisen_interfaces/install/shisen_interfaces/include/shisen_interfaces/shisen_interfaces/msg
-- Up-to-date: /home/mbsaloka/Desktop/Ichiro/shisen_app/shisen_interfaces/install/shisen_interfaces/include/shisen_interfaces/shisen_interfaces/msg/detail
-- Up-to-date: /home/mbsaloka/Desktop/Ichiro/shisen_app/shisen_interfaces/install/shisen_interfaces/include/shisen_interfaces/shisen_interfaces/msg/detail/capture_setting__rosidl_typesupport_introspection_cpp.hpp
-- Up-to-date: /home/mbsaloka/Desktop/Ichiro/shisen_app/shisen_interfaces/install/shisen_interfaces/include/shisen_interfaces/shisen_interfaces/msg/detail/image__type_support.cpp
-- Up-to-date: /home/mbsaloka/Desktop/Ichiro/shisen_app/shisen_interfaces/install/shisen_interfaces/include/shisen_interfaces/shisen_interfaces/msg/detail/camera_config__type_support.cpp
-- Up-to-date: /home/mbsaloka/Desktop/Ichiro/shisen_app/shisen_interfaces/install/shisen_interfaces/include/shisen_interfaces/shisen_interfaces/msg/detail/camera_config__rosidl_typesupport_introspection_cpp.hpp
-- Up-to-date: /home/mbsaloka/Desktop/Ichiro/shisen_app/shisen_interfaces/install/shisen_interfaces/include/shisen_interfaces/shisen_interfaces/msg/detail/image__rosidl_typesupport_introspection_cpp.hpp
-- Up-to-date: /home/mbsaloka/Desktop/Ichiro/shisen_app/shisen_interfaces/install/shisen_interfaces/include/shisen_interfaces/shisen_interfaces/msg/detail/capture_setting__type_support.cpp
-- Up-to-date: /home/mbsaloka/Desktop/Ichiro/shisen_app/shisen_interfaces/install/shisen_interfaces/lib/libshisen_interfaces__rosidl_typesupport_introspection_cpp.so
-- Up-to-date: /home/mbsaloka/Desktop/Ichiro/shisen_app/shisen_interfaces/install/shisen_interfaces/lib/libshisen_interfaces__rosidl_typesupport_cpp.so
-- Up-to-date: /home/mbsaloka/Desktop/Ichiro/shisen_app/shisen_interfaces/install/shisen_interfaces/share/shisen_interfaces/environment/pythonpath.sh
-- Up-to-date: /home/mbsaloka/Desktop/Ichiro/shisen_app/shisen_interfaces/install/shisen_interfaces/share/shisen_interfaces/environment/pythonpath.dsv
-- Up-to-date: /home/mbsaloka/Desktop/Ichiro/shisen_app/shisen_interfaces/install/shisen_interfaces/lib/python3.10/site-packages/shisen_interfaces-0.2.0-py3.10.egg-info
-- Installing: /home/mbsaloka/Desktop/Ichiro/shisen_app/shisen_interfaces/install/shisen_interfaces/lib/python3.10/site-packages/shisen_interfaces-0.2.0-py3.10.egg-info/top_level.txt
-- Installing: /home/mbsaloka/Desktop/Ichiro/shisen_app/shisen_interfaces/install/shisen_interfaces/lib/python3.10/site-packages/shisen_interfaces-0.2.0-py3.10.egg-info/PKG-INFO
-- Installing: /home/mbsaloka/Desktop/Ichiro/shisen_app/shisen_interfaces/install/shisen_interfaces/lib/python3.10/site-packages/shisen_interfaces-0.2.0-py3.10.egg-info/dependency_links.txt
-- Installing: /home/mbsaloka/Desktop/Ichiro/shisen_app/shisen_interfaces/install/shisen_interfaces/lib/python3.10/site-packages/shisen_interfaces-0.2.0-py3.10.egg-info/SOURCES.txt
-- Up-to-date: /home/mbsaloka/Desktop/Ichiro/shisen_app/shisen_interfaces/install/shisen_interfaces/lib/python3.10/site-packages/shisen_interfaces
-- Up-to-date: /home/mbsaloka/Desktop/Ichiro/shisen_app/shisen_interfaces/install/shisen_interfaces/lib/python3.10/site-packages/shisen_interfaces/shisen_interfaces_s__rosidl_typesupport_fastrtps_c.cpython-310-x86_64-linux-gnu.so
-- Up-to-date: /home/mbsaloka/Desktop/Ichiro/shisen_app/shisen_interfaces/install/shisen_interfaces/lib/python3.10/site-packages/shisen_interfaces/shisen_interfaces_s__rosidl_typesupport_c.cpython-310-x86_64-linux-gnu.so
-- Up-to-date: /home/mbsaloka/Desktop/Ichiro/shisen_app/shisen_interfaces/install/shisen_interfaces/lib/python3.10/site-packages/shisen_interfaces/_shisen_interfaces_s.ep.rosidl_typesupport_fastrtps_c.c
-- Up-to-date: /home/mbsaloka/Desktop/Ichiro/shisen_app/shisen_interfaces/install/shisen_interfaces/lib/python3.10/site-packages/shisen_interfaces/_shisen_interfaces_s.ep.rosidl_typesupport_introspection_c.c
-- Up-to-date: /home/mbsaloka/Desktop/Ichiro/shisen_app/shisen_interfaces/install/shisen_interfaces/lib/python3.10/site-packages/shisen_interfaces/_shisen_interfaces_s.ep.rosidl_typesupport_c.c
-- Up-to-date: /home/mbsaloka/Desktop/Ichiro/shisen_app/shisen_interfaces/install/shisen_interfaces/lib/python3.10/site-packages/shisen_interfaces/libshisen_interfaces__rosidl_generator_py.so
-- Up-to-date: /home/mbsaloka/Desktop/Ichiro/shisen_app/shisen_interfaces/install/shisen_interfaces/lib/python3.10/site-packages/shisen_interfaces/srv
-- Up-to-date: /home/mbsaloka/Desktop/Ichiro/shisen_app/shisen_interfaces/install/shisen_interfaces/lib/python3.10/site-packages/shisen_interfaces/srv/_configure_capture_setting.py
-- Up-to-date: /home/mbsaloka/Desktop/Ichiro/shisen_app/shisen_interfaces/install/shisen_interfaces/lib/python3.10/site-packages/shisen_interfaces/srv/_configure_capture_setting_s.c
-- Up-to-date: /home/mbsaloka/Desktop/Ichiro/shisen_app/shisen_interfaces/install/shisen_interfaces/lib/python3.10/site-packages/shisen_interfaces/srv/__init__.py
-- Up-to-date: /home/mbsaloka/Desktop/Ichiro/shisen_app/shisen_interfaces/install/shisen_interfaces/lib/python3.10/site-packages/shisen_interfaces/__init__.py
-- Up-to-date: /home/mbsaloka/Desktop/Ichiro/shisen_app/shisen_interfaces/install/shisen_interfaces/lib/python3.10/site-packages/shisen_interfaces/msg
-- Up-to-date: /home/mbsaloka/Desktop/Ichiro/shisen_app/shisen_interfaces/install/shisen_interfaces/lib/python3.10/site-packages/shisen_interfaces/msg/_capture_setting_s.c
-- Up-to-date: /home/mbsaloka/Desktop/Ichiro/shisen_app/shisen_interfaces/install/shisen_interfaces/lib/python3.10/site-packages/shisen_interfaces/msg/_camera_config_s.c
-- Up-to-date: /home/mbsaloka/Desktop/Ichiro/shisen_app/shisen_interfaces/install/shisen_interfaces/lib/python3.10/site-packages/shisen_interfaces/msg/_image_s.c
-- Up-to-date: /home/mbsaloka/Desktop/Ichiro/shisen_app/shisen_interfaces/install/shisen_interfaces/lib/python3.10/site-packages/shisen_interfaces/msg/_camera_config.py
-- Up-to-date: /home/mbsaloka/Desktop/Ichiro/shisen_app/shisen_interfaces/install/shisen_interfaces/lib/python3.10/site-packages/shisen_interfaces/msg/_image.py
-- Up-to-date: /home/mbsaloka/Desktop/Ichiro/shisen_app/shisen_interfaces/install/shisen_interfaces/lib/python3.10/site-packages/shisen_interfaces/msg/_capture_setting.py
-- Up-to-date: /home/mbsaloka/Desktop/Ichiro/shisen_app/shisen_interfaces/install/shisen_interfaces/lib/python3.10/site-packages/shisen_interfaces/msg/__init__.py
-- Up-to-date: /home/mbsaloka/Desktop/Ichiro/shisen_app/shisen_interfaces/install/shisen_interfaces/lib/python3.10/site-packages/shisen_interfaces/shisen_interfaces_s__rosidl_typesupport_introspection_c.cpython-310-x86_64-linux-gnu.so
Listing '/home/mbsaloka/Desktop/Ichiro/shisen_app/shisen_interfaces/install/shisen_interfaces/lib/python3.10/site-packages/shisen_interfaces'...
Listing '/home/mbsaloka/Desktop/Ichiro/shisen_app/shisen_interfaces/install/shisen_interfaces/lib/python3.10/site-packages/shisen_interfaces/msg'...
Listing '/home/mbsaloka/Desktop/Ichiro/shisen_app/shisen_interfaces/install/shisen_interfaces/lib/python3.10/site-packages/shisen_interfaces/srv'...
-- Up-to-date: /home/mbsaloka/Desktop/Ichiro/shisen_app/shisen_interfaces/install/shisen_interfaces/lib/python3.10/site-packages/shisen_interfaces/shisen_interfaces_s__rosidl_typesupport_fastrtps_c.cpython-310-x86_64-linux-gnu.so
-- Up-to-date: /home/mbsaloka/Desktop/Ichiro/shisen_app/shisen_interfaces/install/shisen_interfaces/lib/python3.10/site-packages/shisen_interfaces/shisen_interfaces_s__rosidl_typesupport_introspection_c.cpython-310-x86_64-linux-gnu.so
-- Up-to-date: /home/mbsaloka/Desktop/Ichiro/shisen_app/shisen_interfaces/install/shisen_interfaces/lib/python3.10/site-packages/shisen_interfaces/shisen_interfaces_s__rosidl_typesupport_c.cpython-310-x86_64-linux-gnu.so
-- Up-to-date: /home/mbsaloka/Desktop/Ichiro/shisen_app/shisen_interfaces/install/shisen_interfaces/lib/libshisen_interfaces__rosidl_generator_py.so
-- Up-to-date: /home/mbsaloka/Desktop/Ichiro/shisen_app/shisen_interfaces/install/shisen_interfaces/share/shisen_interfaces/msg/CameraConfig.idl
-- Up-to-date: /home/mbsaloka/Desktop/Ichiro/shisen_app/shisen_interfaces/install/shisen_interfaces/share/shisen_interfaces/msg/CaptureSetting.idl
-- Up-to-date: /home/mbsaloka/Desktop/Ichiro/shisen_app/shisen_interfaces/install/shisen_interfaces/share/shisen_interfaces/msg/Image.idl
-- Up-to-date: /home/mbsaloka/Desktop/Ichiro/shisen_app/shisen_interfaces/install/shisen_interfaces/share/shisen_interfaces/srv/ConfigureCaptureSetting.idl
-- Up-to-date: /home/mbsaloka/Desktop/Ichiro/shisen_app/shisen_interfaces/install/shisen_interfaces/share/shisen_interfaces/msg/CameraConfig.msg
-- Up-to-date: /home/mbsaloka/Desktop/Ichiro/shisen_app/shisen_interfaces/install/shisen_interfaces/share/shisen_interfaces/msg/CaptureSetting.msg
-- Up-to-date: /home/mbsaloka/Desktop/Ichiro/shisen_app/shisen_interfaces/install/shisen_interfaces/share/shisen_interfaces/msg/Image.msg
-- Up-to-date: /home/mbsaloka/Desktop/Ichiro/shisen_app/shisen_interfaces/install/shisen_interfaces/share/shisen_interfaces/srv/ConfigureCaptureSetting.srv
-- Up-to-date: /home/mbsaloka/Desktop/Ichiro/shisen_app/shisen_interfaces/install/shisen_interfaces/share/shisen_interfaces/srv/ConfigureCaptureSetting_Request.msg
-- Up-to-date: /home/mbsaloka/Desktop/Ichiro/shisen_app/shisen_interfaces/install/shisen_interfaces/share/shisen_interfaces/srv/ConfigureCaptureSetting_Response.msg
-- Up-to-date: /home/mbsaloka/Desktop/Ichiro/shisen_app/shisen_interfaces/install/shisen_interfaces/include/shisen_interfaces
-- Installing: /home/mbsaloka/Desktop/Ichiro/shisen_app/shisen_interfaces/install/shisen_interfaces/include/shisen_interfaces/shisen.grpc.pb.h
-- Installing: /home/mbsaloka/Desktop/Ichiro/shisen_app/shisen_interfaces/install/shisen_interfaces/include/shisen_interfaces/shisen.grpc.pb.cc
-- Installing: /home/mbsaloka/Desktop/Ichiro/shisen_app/shisen_interfaces/install/shisen_interfaces/include/shisen_interfaces/shisen.pb.cc
-- Installing: /home/mbsaloka/Desktop/Ichiro/shisen_app/shisen_interfaces/install/shisen_interfaces/include/shisen_interfaces/shisen.pb.h
-- Installing: /home/mbsaloka/Desktop/Ichiro/shisen_app/shisen_interfaces/install/shisen_interfaces/lib/libshisen_proto.so
-- Up-to-date: /home/mbsaloka/Desktop/Ichiro/shisen_app/shisen_interfaces/install/shisen_interfaces/share/ament_index/resource_index/package_run_dependencies/shisen_interfaces
-- Up-to-date: /home/mbsaloka/Desktop/Ichiro/shisen_app/shisen_interfaces/install/shisen_interfaces/share/ament_index/resource_index/parent_prefix_path/shisen_interfaces
-- Up-to-date: /home/mbsaloka/Desktop/Ichiro/shisen_app/shisen_interfaces/install/shisen_interfaces/share/shisen_interfaces/environment/ament_prefix_path.sh
-- Up-to-date: /home/mbsaloka/Desktop/Ichiro/shisen_app/shisen_interfaces/install/shisen_interfaces/share/shisen_interfaces/environment/ament_prefix_path.dsv
-- Up-to-date: /home/mbsaloka/Desktop/Ichiro/shisen_app/shisen_interfaces/install/shisen_interfaces/share/shisen_interfaces/environment/path.sh
-- Up-to-date: /home/mbsaloka/Desktop/Ichiro/shisen_app/shisen_interfaces/install/shisen_interfaces/share/shisen_interfaces/environment/path.dsv
-- Up-to-date: /home/mbsaloka/Desktop/Ichiro/shisen_app/shisen_interfaces/install/shisen_interfaces/share/shisen_interfaces/local_setup.bash
-- Up-to-date: /home/mbsaloka/Desktop/Ichiro/shisen_app/shisen_interfaces/install/shisen_interfaces/share/shisen_interfaces/local_setup.sh
-- Up-to-date: /home/mbsaloka/Desktop/Ichiro/shisen_app/shisen_interfaces/install/shisen_interfaces/share/shisen_interfaces/local_setup.zsh
-- Up-to-date: /home/mbsaloka/Desktop/Ichiro/shisen_app/shisen_interfaces/install/shisen_interfaces/share/shisen_interfaces/local_setup.dsv
-- Installing: /home/mbsaloka/Desktop/Ichiro/shisen_app/shisen_interfaces/install/shisen_interfaces/share/shisen_interfaces/package.dsv
-- Up-to-date: /home/mbsaloka/Desktop/Ichiro/shisen_app/shisen_interfaces/install/shisen_interfaces/share/ament_index/resource_index/packages/shisen_interfaces
-- Up-to-date: /home/mbsaloka/Desktop/Ichiro/shisen_app/shisen_interfaces/install/shisen_interfaces/share/shisen_interfaces/cmake/export_shisen_interfaces__rosidl_generator_cExport.cmake
-- Up-to-date: /home/mbsaloka/Desktop/Ichiro/shisen_app/shisen_interfaces/install/shisen_interfaces/share/shisen_interfaces/cmake/export_shisen_interfaces__rosidl_generator_cExport-noconfig.cmake
-- Up-to-date: /home/mbsaloka/Desktop/Ichiro/shisen_app/shisen_interfaces/install/shisen_interfaces/share/shisen_interfaces/cmake/export_shisen_interfaces__rosidl_typesupport_fastrtps_cExport.cmake
-- Up-to-date: /home/mbsaloka/Desktop/Ichiro/shisen_app/shisen_interfaces/install/shisen_interfaces/share/shisen_interfaces/cmake/export_shisen_interfaces__rosidl_typesupport_fastrtps_cExport-noconfig.cmake
-- Up-to-date: /home/mbsaloka/Desktop/Ichiro/shisen_app/shisen_interfaces/install/shisen_interfaces/share/shisen_interfaces/cmake/shisen_interfaces__rosidl_typesupport_introspection_cExport.cmake
-- Up-to-date: /home/mbsaloka/Desktop/Ichiro/shisen_app/shisen_interfaces/install/shisen_interfaces/share/shisen_interfaces/cmake/shisen_interfaces__rosidl_typesupport_introspection_cExport-noconfig.cmake
-- Up-to-date: /home/mbsaloka/Desktop/Ichiro/shisen_app/shisen_interfaces/install/shisen_interfaces/share/shisen_interfaces/cmake/shisen_interfaces__rosidl_typesupport_cExport.cmake
-- Up-to-date: /home/mbsaloka/Desktop/Ichiro/shisen_app/shisen_interfaces/install/shisen_interfaces/share/shisen_interfaces/cmake/shisen_interfaces__rosidl_typesupport_cExport-noconfig.cmake
-- Up-to-date: /home/mbsaloka/Desktop/Ichiro/shisen_app/shisen_interfaces/install/shisen_interfaces/share/shisen_interfaces/cmake/export_shisen_interfaces__rosidl_generator_cppExport.cmake
-- Up-to-date: /home/mbsaloka/Desktop/Ichiro/shisen_app/shisen_interfaces/install/shisen_interfaces/share/shisen_interfaces/cmake/export_shisen_interfaces__rosidl_typesupport_fastrtps_cppExport.cmake
-- Up-to-date: /home/mbsaloka/Desktop/Ichiro/shisen_app/shisen_interfaces/install/shisen_interfaces/share/shisen_interfaces/cmake/export_shisen_interfaces__rosidl_typesupport_fastrtps_cppExport-noconfig.cmake
-- Up-to-date: /home/mbsaloka/Desktop/Ichiro/shisen_app/shisen_interfaces/install/shisen_interfaces/share/shisen_interfaces/cmake/shisen_interfaces__rosidl_typesupport_introspection_cppExport.cmake
-- Up-to-date: /home/mbsaloka/Desktop/Ichiro/shisen_app/shisen_interfaces/install/shisen_interfaces/share/shisen_interfaces/cmake/shisen_interfaces__rosidl_typesupport_introspection_cppExport-noconfig.cmake
-- Up-to-date: /home/mbsaloka/Desktop/Ichiro/shisen_app/shisen_interfaces/install/shisen_interfaces/share/shisen_interfaces/cmake/shisen_interfaces__rosidl_typesupport_cppExport.cmake
-- Up-to-date: /home/mbsaloka/Desktop/Ichiro/shisen_app/shisen_interfaces/install/shisen_interfaces/share/shisen_interfaces/cmake/shisen_interfaces__rosidl_typesupport_cppExport-noconfig.cmake
-- Up-to-date: /home/mbsaloka/Desktop/Ichiro/shisen_app/shisen_interfaces/install/shisen_interfaces/share/shisen_interfaces/cmake/export_shisen_interfaces__rosidl_generator_pyExport.cmake
-- Up-to-date: /home/mbsaloka/Desktop/Ichiro/shisen_app/shisen_interfaces/install/shisen_interfaces/share/shisen_interfaces/cmake/export_shisen_interfaces__rosidl_generator_pyExport-noconfig.cmake
-- Up-to-date: /home/mbsaloka/Desktop/Ichiro/shisen_app/shisen_interfaces/install/shisen_interfaces/share/shisen_interfaces/cmake/shisen_protoExport.cmake
-- Up-to-date: /home/mbsaloka/Desktop/Ichiro/shisen_app/shisen_interfaces/install/shisen_interfaces/share/shisen_interfaces/cmake/shisen_protoExport-noconfig.cmake
-- Up-to-date: /home/mbsaloka/Desktop/Ichiro/shisen_app/shisen_interfaces/install/shisen_interfaces/share/shisen_interfaces/cmake/rosidl_cmake-extras.cmake
-- Up-to-date: /home/mbsaloka/Desktop/Ichiro/shisen_app/shisen_interfaces/install/shisen_interfaces/share/shisen_interfaces/cmake/ament_cmake_export_dependencies-extras.cmake
-- Up-to-date: /home/mbsaloka/Desktop/Ichiro/shisen_app/shisen_interfaces/install/shisen_interfaces/share/shisen_interfaces/cmake/ament_cmake_export_include_directories-extras.cmake
-- Up-to-date: /home/mbsaloka/Desktop/Ichiro/shisen_app/shisen_interfaces/install/shisen_interfaces/share/shisen_interfaces/cmake/ament_cmake_export_libraries-extras.cmake
-- Up-to-date: /home/mbsaloka/Desktop/Ichiro/shisen_app/shisen_interfaces/install/shisen_interfaces/share/shisen_interfaces/cmake/ament_cmake_export_targets-extras.cmake
-- Up-to-date: /home/mbsaloka/Desktop/Ichiro/shisen_app/shisen_interfaces/install/shisen_interfaces/share/shisen_interfaces/cmake/rosidl_cmake_export_typesupport_targets-extras.cmake
-- Up-to-date: /home/mbsaloka/Desktop/Ichiro/shisen_app/shisen_interfaces/install/shisen_interfaces/share/shisen_interfaces/cmake/rosidl_cmake_export_typesupport_libraries-extras.cmake
-- Up-to-date: /home/mbsaloka/Desktop/Ichiro/shisen_app/shisen_interfaces/install/shisen_interfaces/share/shisen_interfaces/cmake/shisen_interfacesConfig.cmake
-- Up-to-date: /home/mbsaloka/Desktop/Ichiro/shisen_app/shisen_interfaces/install/shisen_interfaces/share/shisen_interfaces/cmake/shisen_interfacesConfig-version.cmake
-- Up-to-date: /home/mbsaloka/Desktop/Ichiro/shisen_app/shisen_interfaces/install/shisen_interfaces/share/shisen_interfaces/package.xml
