-- The C compiler identification is GNU 11.4.0
-- The CXX compiler identification is GNU 11.4.0
-- Detecting C compiler ABI info
-- Detecting C compiler ABI info - done
-- Check for working C compiler: /usr/bin/cc - skipped
-- Detecting C compile features
-- Detecting C compile features - done
-- Detecting CXX compiler ABI info
-- Detecting CXX compiler ABI info - done
-- Check for working CXX compiler: /usr/bin/c++ - skipped
-- Detecting CXX compile features
-- Detecting CXX compile features - done
-- Found ament_cmake: 2.0.4 (/opt/ros/iron/share/ament_cmake/cmake)
-- Found Python3: /usr/bin/python3.10 (found version "3.10.12") found components: Interpreter 
-- Found rosidl_default_generators: 1.5.0 (/opt/ros/iron/share/rosidl_default_generators/cmake)
-- Using all available rosidl_typesupport_c: rosidl_typesupport_fastrtps_c;rosidl_typesupport_introspection_c
-- Using all available rosidl_typesupport_cpp: rosidl_typesupport_fastrtps_cpp;rosidl_typesupport_introspection_cpp
-- Found rosidl_adapter: 4.0.1 (/opt/ros/iron/share/rosidl_adapter/cmake)
[33mCMake Warning (dev) at /home/mbsaloka/.local/lib/cmake/protobuf/protobuf-options.cmake:6 (option):
  Policy CMP0077 is not set: option() honors normal variables.  Run "cmake
  --help-policy CMP0077" for policy details.  Use the cmake_policy command to
  set the policy and suppress this warning.

  For compatibility with older versions of CMake, option is clearing the
  normal variable 'protobuf_MODULE_COMPATIBLE'.
Call Stack (most recent call first):
  /home/mbsaloka/.local/lib/cmake/protobuf/protobuf-config.cmake:2 (include)
  CMakeLists.txt:20 (find_package)
This warning is for project developers.  Use -Wno-dev to suppress it.
[0m
-- Looking for pthread.h
-- Looking for pthread.h - found
-- Performing Test CMAKE_HAVE_LIBC_PTHREAD
-- Performing Test CMAKE_HAVE_LIBC_PTHREAD - Success
-- Found Threads: TRUE  
-- Using protobuf 25.1.0
-- Using gRPC 1.62.0
-- Found ament_cmake_ros: 0.11.2 (/opt/ros/iron/share/ament_cmake_ros/cmake)
-- Using all available rosidl_typesupport_c: rosidl_typesupport_fastrtps_c;rosidl_typesupport_introspection_c
-- Using all available rosidl_typesupport_cpp: rosidl_typesupport_fastrtps_cpp;rosidl_typesupport_introspection_cpp
-- Found PythonInterp: /usr/bin/python3 (found suitable version "3.10.12", minimum required is "3.6") 
-- Found python_cmake_module: 0.10.2 (/opt/ros/iron/share/python_cmake_module/cmake)
-- Found PythonLibs: /usr/lib/x86_64-linux-gnu/libpython3.10.so (found suitable version "3.10.12", minimum required is "3.5") 
-- Using PYTHON_EXECUTABLE: /usr/bin/python3
-- Using PYTHON_INCLUDE_DIRS: /usr/include/python3.10
-- Using PYTHON_LIBRARIES: /usr/lib/x86_64-linux-gnu/libpython3.10.so
-- Found PythonExtra: .so  
-- Configuring done
-- Generating done
-- Build files have been written to: /home/mbsaloka/Desktop/Ichiro/shisen_app/shisen_interfaces/build/shisen_interfaces
[  1%] [34m[1mGenerating proto/shisen.pb.cc, proto/shisen.pb.h, proto/shisen.grpc.pb.cc, proto/shisen.grpc.pb.h[0m
[  2%] [34m[1mGenerating type hashes for ROS interfaces[0m
[  2%] Built target ament_cmake_python_copy_shisen_interfaces
[  4%] [32mBuilding CXX object CMakeFiles/shisen_proto.dir/proto/shisen.pb.cc.o[0m
[  5%] [32mBuilding CXX object CMakeFiles/shisen_proto.dir/proto/shisen.grpc.pb.cc.o[0m
running egg_info
creating shisen_interfaces.egg-info
writing shisen_interfaces.egg-info/PKG-INFO
writing dependency_links to shisen_interfaces.egg-info/dependency_links.txt
writing top-level names to shisen_interfaces.egg-info/top_level.txt
writing manifest file 'shisen_interfaces.egg-info/SOURCES.txt'
reading manifest file 'shisen_interfaces.egg-info/SOURCES.txt'
writing manifest file 'shisen_interfaces.egg-info/SOURCES.txt'
[  5%] Built target ament_cmake_python_build_shisen_interfaces_egg
[  5%] Built target shisen_interfaces__rosidl_generator_type_description
[  7%] [34m[1mGenerating C code for ROS interfaces[0m
[  8%] [34m[1mGenerating C++ code for ROS interfaces[0m
[  8%] Built target shisen_interfaces__cpp
[ 10%] [32mBuilding C object CMakeFiles/shisen_interfaces__rosidl_generator_c.dir/rosidl_generator_c/shisen_interfaces/msg/detail/camera_config__functions.c.o[0m
[ 11%] [32mBuilding C object CMakeFiles/shisen_interfaces__rosidl_generator_c.dir/rosidl_generator_c/shisen_interfaces/msg/detail/image__functions.c.o[0m
[ 14%] [32mBuilding C object CMakeFiles/shisen_interfaces__rosidl_generator_c.dir/rosidl_generator_c/shisen_interfaces/msg/detail/camera_config__type_support.c.o[0m
[ 14%] [32mBuilding C object CMakeFiles/shisen_interfaces__rosidl_generator_c.dir/rosidl_generator_c/shisen_interfaces/msg/detail/capture_setting__description.c.o[0m
[ 16%] [32mBuilding C object CMakeFiles/shisen_interfaces__rosidl_generator_c.dir/rosidl_generator_c/shisen_interfaces/msg/detail/camera_config__description.c.o[0m
[ 17%] [32mBuilding C object CMakeFiles/shisen_interfaces__rosidl_generator_c.dir/rosidl_generator_c/shisen_interfaces/msg/detail/capture_setting__type_support.c.o[0m
[ 19%] [32mBuilding C object CMakeFiles/shisen_interfaces__rosidl_generator_c.dir/rosidl_generator_c/shisen_interfaces/msg/detail/image__description.c.o[0m
[ 23%] [32mBuilding C object CMakeFiles/shisen_interfaces__rosidl_generator_c.dir/rosidl_generator_c/shisen_interfaces/msg/detail/image__type_support.c.o[0m
[ 23%] [32mBuilding C object CMakeFiles/shisen_interfaces__rosidl_generator_c.dir/rosidl_generator_c/shisen_interfaces/msg/detail/capture_setting__functions.c.o[0m
[ 23%] [32mBuilding C object CMakeFiles/shisen_interfaces__rosidl_generator_c.dir/rosidl_generator_c/shisen_interfaces/srv/detail/configure_capture_setting__description.c.o[0m
[ 25%] [32mBuilding C object CMakeFiles/shisen_interfaces__rosidl_generator_c.dir/rosidl_generator_c/shisen_interfaces/srv/detail/configure_capture_setting__functions.c.o[0m
[ 26%] [32mBuilding C object CMakeFiles/shisen_interfaces__rosidl_generator_c.dir/rosidl_generator_c/shisen_interfaces/srv/detail/configure_capture_setting__type_support.c.o[0m
[ 27%] [32m[1mLinking C shared library libshisen_interfaces__rosidl_generator_c.so[0m
[ 27%] Built target shisen_interfaces__rosidl_generator_c
[ 32%] [34m[1mGenerating C++ type support dispatch for ROS interfaces[0m
[ 32%] [34m[1mGenerating C introspection for ROS interfaces[0m
[ 32%] [34m[1mGenerating C type support for eProsima Fast-RTPS[0m
[ 33%] [34m[1mGenerating C type support dispatch for ROS interfaces[0m
[ 36%] [34m[1mGenerating C++ introspection for ROS interfaces[0m
[ 36%] [34m[1mGenerating C++ type support for eProsima Fast-RTPS[0m
[ 39%] [32mBuilding CXX object CMakeFiles/shisen_interfaces__rosidl_typesupport_c.dir/rosidl_typesupport_c/shisen_interfaces/srv/configure_capture_setting__type_support.cpp.o[0m
[ 41%] [32mBuilding CXX object CMakeFiles/shisen_interfaces__rosidl_typesupport_c.dir/rosidl_typesupport_c/shisen_interfaces/msg/capture_setting__type_support.cpp.o[0m
[ 42%] [32mBuilding CXX object CMakeFiles/shisen_interfaces__rosidl_typesupport_c.dir/rosidl_typesupport_c/shisen_interfaces/msg/image__type_support.cpp.o[0m
[ 42%] [32mBuilding CXX object CMakeFiles/shisen_interfaces__rosidl_typesupport_c.dir/rosidl_typesupport_c/shisen_interfaces/msg/camera_config__type_support.cpp.o[0m
[ 44%] [32m[1mLinking CXX shared library libshisen_interfaces__rosidl_typesupport_c.so[0m
[ 47%] [32mBuilding CXX object CMakeFiles/shisen_interfaces__rosidl_typesupport_introspection_cpp.dir/rosidl_typesupport_introspection_cpp/shisen_interfaces/msg/detail/image__type_support.cpp.o[0m
[ 47%] [32mBuilding CXX object CMakeFiles/shisen_interfaces__rosidl_typesupport_introspection_cpp.dir/rosidl_typesupport_introspection_cpp/shisen_interfaces/srv/detail/configure_capture_setting__type_support.cpp.o[0m
[ 48%] [32mBuilding CXX object CMakeFiles/shisen_interfaces__rosidl_typesupport_fastrtps_c.dir/rosidl_typesupport_fastrtps_c/shisen_interfaces/msg/detail/capture_setting__type_support_c.cpp.o[0m
[ 50%] [32mBuilding CXX object CMakeFiles/shisen_interfaces__rosidl_typesupport_introspection_cpp.dir/rosidl_typesupport_introspection_cpp/shisen_interfaces/msg/detail/camera_config__type_support.cpp.o[0m
[ 51%] [32mBuilding CXX object CMakeFiles/shisen_interfaces__rosidl_typesupport_fastrtps_c.dir/rosidl_typesupport_fastrtps_c/shisen_interfaces/srv/detail/configure_capture_setting__type_support_c.cpp.o[0m
[ 52%] [32mBuilding CXX object CMakeFiles/shisen_interfaces__rosidl_typesupport_fastrtps_c.dir/rosidl_typesupport_fastrtps_c/shisen_interfaces/msg/detail/camera_config__type_support_c.cpp.o[0m
[ 54%] [32mBuilding CXX object CMakeFiles/shisen_interfaces__rosidl_typesupport_introspection_cpp.dir/rosidl_typesupport_introspection_cpp/shisen_interfaces/msg/detail/capture_setting__type_support.cpp.o[0m
[ 55%] [32mBuilding CXX object CMakeFiles/shisen_interfaces__rosidl_typesupport_fastrtps_c.dir/rosidl_typesupport_fastrtps_c/shisen_interfaces/msg/detail/image__type_support_c.cpp.o[0m
[ 57%] [32mBuilding CXX object CMakeFiles/shisen_interfaces__rosidl_typesupport_cpp.dir/rosidl_typesupport_cpp/shisen_interfaces/msg/camera_config__type_support.cpp.o[0m
[ 58%] [32mBuilding CXX object CMakeFiles/shisen_interfaces__rosidl_typesupport_cpp.dir/rosidl_typesupport_cpp/shisen_interfaces/msg/capture_setting__type_support.cpp.o[0m
[ 58%] Built target shisen_interfaces__rosidl_typesupport_c
[ 60%] [32mBuilding CXX object CMakeFiles/shisen_interfaces__rosidl_typesupport_cpp.dir/rosidl_typesupport_cpp/shisen_interfaces/msg/image__type_support.cpp.o[0m
[ 61%] [32mBuilding CXX object CMakeFiles/shisen_interfaces__rosidl_typesupport_cpp.dir/rosidl_typesupport_cpp/shisen_interfaces/srv/configure_capture_setting__type_support.cpp.o[0m
[ 63%] [32mBuilding C object CMakeFiles/shisen_interfaces__rosidl_typesupport_introspection_c.dir/rosidl_typesupport_introspection_c/shisen_interfaces/msg/detail/camera_config__type_support.c.o[0m
[ 64%] [32mBuilding C object CMakeFiles/shisen_interfaces__rosidl_typesupport_introspection_c.dir/rosidl_typesupport_introspection_c/shisen_interfaces/msg/detail/capture_setting__type_support.c.o[0m
[ 66%] [32mBuilding C object CMakeFiles/shisen_interfaces__rosidl_typesupport_introspection_c.dir/rosidl_typesupport_introspection_c/shisen_interfaces/msg/detail/image__type_support.c.o[0m
[ 67%] [32mBuilding CXX object CMakeFiles/shisen_interfaces__rosidl_typesupport_fastrtps_cpp.dir/rosidl_typesupport_fastrtps_cpp/shisen_interfaces/msg/detail/dds_fastrtps/camera_config__type_support.cpp.o[0m
[ 69%] [32mBuilding C object CMakeFiles/shisen_interfaces__rosidl_typesupport_introspection_c.dir/rosidl_typesupport_introspection_c/shisen_interfaces/srv/detail/configure_capture_setting__type_support.c.o[0m
[ 75%] [32mBuilding CXX object CMakeFiles/shisen_interfaces__rosidl_typesupport_fastrtps_cpp.dir/rosidl_typesupport_fastrtps_cpp/shisen_interfaces/msg/detail/dds_fastrtps/image__type_support.cpp.o[0m
[ 72%] [32mBuilding CXX object CMakeFiles/shisen_interfaces__rosidl_typesupport_fastrtps_cpp.dir/rosidl_typesupport_fastrtps_cpp/shisen_interfaces/msg/detail/dds_fastrtps/capture_setting__type_support.cpp.o[0m
[ 76%] [32m[1mLinking C shared library libshisen_interfaces__rosidl_typesupport_introspection_c.so[0m
[ 76%] [32m[1mLinking CXX shared library libshisen_interfaces__rosidl_typesupport_fastrtps_c.so[0m
[ 76%] [32mBuilding CXX object CMakeFiles/shisen_interfaces__rosidl_typesupport_fastrtps_cpp.dir/rosidl_typesupport_fastrtps_cpp/shisen_interfaces/srv/detail/dds_fastrtps/configure_capture_setting__type_support.cpp.o[0m
[ 77%] [32m[1mLinking CXX shared library libshisen_interfaces__rosidl_typesupport_cpp.so[0m
[ 79%] [32m[1mLinking CXX shared library libshisen_interfaces__rosidl_typesupport_introspection_cpp.so[0m
[ 79%] Built target shisen_interfaces__rosidl_typesupport_introspection_c
[ 79%] Built target shisen_interfaces__rosidl_typesupport_cpp
[ 79%] Built target shisen_interfaces__rosidl_typesupport_fastrtps_c
[ 79%] Built target shisen_interfaces__rosidl_typesupport_introspection_cpp
[ 80%] [32m[1mLinking CXX shared library libshisen_interfaces__rosidl_typesupport_fastrtps_cpp.so[0m
[ 80%] Built target shisen_interfaces__rosidl_typesupport_fastrtps_cpp
[ 80%] Built target shisen_interfaces
[ 82%] [34m[1mGenerating Python code for ROS interfaces[0m
[ 83%] [32m[1mLinking CXX shared library libshisen_proto.so[0m
[ 83%] Built target shisen_interfaces__py
[ 88%] [32mBuilding C object CMakeFiles/shisen_interfaces__rosidl_generator_py.dir/rosidl_generator_py/shisen_interfaces/srv/_configure_capture_setting_s.c.o[0m
[ 88%] [32mBuilding C object CMakeFiles/shisen_interfaces__rosidl_generator_py.dir/rosidl_generator_py/shisen_interfaces/msg/_camera_config_s.c.o[0m
[ 88%] [32mBuilding C object CMakeFiles/shisen_interfaces__rosidl_generator_py.dir/rosidl_generator_py/shisen_interfaces/msg/_image_s.c.o[0m
[ 89%] [32mBuilding C object CMakeFiles/shisen_interfaces__rosidl_generator_py.dir/rosidl_generator_py/shisen_interfaces/msg/_capture_setting_s.c.o[0m
[ 91%] [32m[1mLinking C shared library rosidl_generator_py/shisen_interfaces/libshisen_interfaces__rosidl_generator_py.so[0m
[ 91%] Built target shisen_interfaces__rosidl_generator_py
[ 95%] [32mBuilding C object CMakeFiles/shisen_interfaces__rosidl_typesupport_fastrtps_c__pyext.dir/rosidl_generator_py/shisen_interfaces/_shisen_interfaces_s.ep.rosidl_typesupport_fastrtps_c.c.o[0m
[ 95%] [32mBuilding C object CMakeFiles/shisen_interfaces__rosidl_typesupport_introspection_c__pyext.dir/rosidl_generator_py/shisen_interfaces/_shisen_interfaces_s.ep.rosidl_typesupport_introspection_c.c.o[0m
[ 95%] [32mBuilding C object CMakeFiles/shisen_interfaces__rosidl_typesupport_c__pyext.dir/rosidl_generator_py/shisen_interfaces/_shisen_interfaces_s.ep.rosidl_typesupport_c.c.o[0m
[ 97%] [32m[1mLinking C shared library rosidl_generator_py/shisen_interfaces/shisen_interfaces_s__rosidl_typesupport_introspection_c.cpython-310-x86_64-linux-gnu.so[0m
[100%] [32m[1mLinking C shared library rosidl_generator_py/shisen_interfaces/shisen_interfaces_s__rosidl_typesupport_c.cpython-310-x86_64-linux-gnu.so[0m
[100%] [32m[1mLinking C shared library rosidl_generator_py/shisen_interfaces/shisen_interfaces_s__rosidl_typesupport_fastrtps_c.cpython-310-x86_64-linux-gnu.so[0m
[100%] Built target shisen_interfaces__rosidl_typesupport_c__pyext
[100%] Built target shisen_interfaces__rosidl_typesupport_introspection_c__pyext
[100%] Built target shisen_interfaces__rosidl_typesupport_fastrtps_c__pyext
[100%] Built target shisen_proto
-- Install configuration: ""
-- Installing: /home/mbsaloka/Desktop/Ichiro/shisen_app/shisen_interfaces/install/shisen_interfaces/share/ament_index/resource_index/rosidl_interfaces/shisen_interfaces
-- Installing: /home/mbsaloka/Desktop/Ichiro/shisen_app/shisen_interfaces/install/shisen_interfaces/share/shisen_interfaces/msg/CameraConfig.json
-- Installing: /home/mbsaloka/Desktop/Ichiro/shisen_app/shisen_interfaces/install/shisen_interfaces/share/shisen_interfaces/msg/CaptureSetting.json
-- Installing: /home/mbsaloka/Desktop/Ichiro/shisen_app/shisen_interfaces/install/shisen_interfaces/share/shisen_interfaces/msg/Image.json
-- Installing: /home/mbsaloka/Desktop/Ichiro/shisen_app/shisen_interfaces/install/shisen_interfaces/share/shisen_interfaces/srv/ConfigureCaptureSetting.json
-- Installing: /home/mbsaloka/Desktop/Ichiro/shisen_app/shisen_interfaces/install/shisen_interfaces/include/shisen_interfaces/shisen_interfaces
-- Installing: /home/mbsaloka/Desktop/Ichiro/shisen_app/shisen_interfaces/install/shisen_interfaces/include/shisen_interfaces/shisen_interfaces/srv
-- Installing: /home/mbsaloka/Desktop/Ichiro/shisen_app/shisen_interfaces/install/shisen_interfaces/include/shisen_interfaces/shisen_interfaces/srv/configure_capture_setting.h
-- Installing: /home/mbsaloka/Desktop/Ichiro/shisen_app/shisen_interfaces/install/shisen_interfaces/include/shisen_interfaces/shisen_interfaces/srv/detail
-- Installing: /home/mbsaloka/Desktop/Ichiro/shisen_app/shisen_interfaces/install/shisen_interfaces/include/shisen_interfaces/shisen_interfaces/srv/detail/configure_capture_setting__functions.c
-- Installing: /home/mbsaloka/Desktop/Ichiro/shisen_app/shisen_interfaces/install/shisen_interfaces/include/shisen_interfaces/shisen_interfaces/srv/detail/configure_capture_setting__type_support.h
-- Installing: /home/mbsaloka/Desktop/Ichiro/shisen_app/shisen_interfaces/install/shisen_interfaces/include/shisen_interfaces/shisen_interfaces/srv/detail/configure_capture_setting__functions.h
-- Installing: /home/mbsaloka/Desktop/Ichiro/shisen_app/shisen_interfaces/install/shisen_interfaces/include/shisen_interfaces/shisen_interfaces/srv/detail/configure_capture_setting__description.c
-- Installing: /home/mbsaloka/Desktop/Ichiro/shisen_app/shisen_interfaces/install/shisen_interfaces/include/shisen_interfaces/shisen_interfaces/srv/detail/configure_capture_setting__struct.h
-- Installing: /home/mbsaloka/Desktop/Ichiro/shisen_app/shisen_interfaces/install/shisen_interfaces/include/shisen_interfaces/shisen_interfaces/srv/detail/configure_capture_setting__type_support.c
-- Installing: /home/mbsaloka/Desktop/Ichiro/shisen_app/shisen_interfaces/install/shisen_interfaces/include/shisen_interfaces/shisen_interfaces/msg
-- Installing: /home/mbsaloka/Desktop/Ichiro/shisen_app/shisen_interfaces/install/shisen_interfaces/include/shisen_interfaces/shisen_interfaces/msg/capture_setting.h
-- Installing: /home/mbsaloka/Desktop/Ichiro/shisen_app/shisen_interfaces/install/shisen_interfaces/include/shisen_interfaces/shisen_interfaces/msg/image.h
-- Installing: /home/mbsaloka/Desktop/Ichiro/shisen_app/shisen_interfaces/install/shisen_interfaces/include/shisen_interfaces/shisen_interfaces/msg/rosidl_generator_c__visibility_control.h
-- Installing: /home/mbsaloka/Desktop/Ichiro/shisen_app/shisen_interfaces/install/shisen_interfaces/include/shisen_interfaces/shisen_interfaces/msg/camera_config.h
-- Installing: /home/mbsaloka/Desktop/Ichiro/shisen_app/shisen_interfaces/install/shisen_interfaces/include/shisen_interfaces/shisen_interfaces/msg/detail
-- Installing: /home/mbsaloka/Desktop/Ichiro/shisen_app/shisen_interfaces/install/shisen_interfaces/include/shisen_interfaces/shisen_interfaces/msg/detail/capture_setting__functions.h
-- Installing: /home/mbsaloka/Desktop/Ichiro/shisen_app/shisen_interfaces/install/shisen_interfaces/include/shisen_interfaces/shisen_interfaces/msg/detail/camera_config__functions.c
-- Installing: /home/mbsaloka/Desktop/Ichiro/shisen_app/shisen_interfaces/install/shisen_interfaces/include/shisen_interfaces/shisen_interfaces/msg/detail/capture_setting__struct.h
-- Installing: /home/mbsaloka/Desktop/Ichiro/shisen_app/shisen_interfaces/install/shisen_interfaces/include/shisen_interfaces/shisen_interfaces/msg/detail/capture_setting__type_support.c
-- Installing: /home/mbsaloka/Desktop/Ichiro/shisen_app/shisen_interfaces/install/shisen_interfaces/include/shisen_interfaces/shisen_interfaces/msg/detail/camera_config__type_support.c
-- Installing: /home/mbsaloka/Desktop/Ichiro/shisen_app/shisen_interfaces/install/shisen_interfaces/include/shisen_interfaces/shisen_interfaces/msg/detail/image__struct.h
-- Installing: /home/mbsaloka/Desktop/Ichiro/shisen_app/shisen_interfaces/install/shisen_interfaces/include/shisen_interfaces/shisen_interfaces/msg/detail/camera_config__functions.h
-- Installing: /home/mbsaloka/Desktop/Ichiro/shisen_app/shisen_interfaces/install/shisen_interfaces/include/shisen_interfaces/shisen_interfaces/msg/detail/capture_setting__functions.c
-- Installing: /home/mbsaloka/Desktop/Ichiro/shisen_app/shisen_interfaces/install/shisen_interfaces/include/shisen_interfaces/shisen_interfaces/msg/detail/camera_config__description.c
-- Installing: /home/mbsaloka/Desktop/Ichiro/shisen_app/shisen_interfaces/install/shisen_interfaces/include/shisen_interfaces/shisen_interfaces/msg/detail/image__functions.h
-- Installing: /home/mbsaloka/Desktop/Ichiro/shisen_app/shisen_interfaces/install/shisen_interfaces/include/shisen_interfaces/shisen_interfaces/msg/detail/camera_config__struct.h
-- Installing: /home/mbsaloka/Desktop/Ichiro/shisen_app/shisen_interfaces/install/shisen_interfaces/include/shisen_interfaces/shisen_interfaces/msg/detail/capture_setting__description.c
-- Installing: /home/mbsaloka/Desktop/Ichiro/shisen_app/shisen_interfaces/install/shisen_interfaces/include/shisen_interfaces/shisen_interfaces/msg/detail/image__functions.c
-- Installing: /home/mbsaloka/Desktop/Ichiro/shisen_app/shisen_interfaces/install/shisen_interfaces/include/shisen_interfaces/shisen_interfaces/msg/detail/capture_setting__type_support.h
-- Installing: /home/mbsaloka/Desktop/Ichiro/shisen_app/shisen_interfaces/install/shisen_interfaces/include/shisen_interfaces/shisen_interfaces/msg/detail/image__type_support.h
-- Installing: /home/mbsaloka/Desktop/Ichiro/shisen_app/shisen_interfaces/install/shisen_interfaces/include/shisen_interfaces/shisen_interfaces/msg/detail/image__type_support.c
-- Installing: /home/mbsaloka/Desktop/Ichiro/shisen_app/shisen_interfaces/install/shisen_interfaces/include/shisen_interfaces/shisen_interfaces/msg/detail/image__description.c
-- Installing: /home/mbsaloka/Desktop/Ichiro/shisen_app/shisen_interfaces/install/shisen_interfaces/include/shisen_interfaces/shisen_interfaces/msg/detail/camera_config__type_support.h
-- Installing: /home/mbsaloka/Desktop/Ichiro/shisen_app/shisen_interfaces/install/shisen_interfaces/share/shisen_interfaces/environment/library_path.sh
-- Installing: /home/mbsaloka/Desktop/Ichiro/shisen_app/shisen_interfaces/install/shisen_interfaces/share/shisen_interfaces/environment/library_path.dsv
-- Installing: /home/mbsaloka/Desktop/Ichiro/shisen_app/shisen_interfaces/install/shisen_interfaces/lib/libshisen_interfaces__rosidl_generator_c.so
-- Set runtime path of "/home/mbsaloka/Desktop/Ichiro/shisen_app/shisen_interfaces/install/shisen_interfaces/lib/libshisen_interfaces__rosidl_generator_c.so" to ""
-- Up-to-date: /home/mbsaloka/Desktop/Ichiro/shisen_app/shisen_interfaces/install/shisen_interfaces/include/shisen_interfaces/shisen_interfaces
-- Up-to-date: /home/mbsaloka/Desktop/Ichiro/shisen_app/shisen_interfaces/install/shisen_interfaces/include/shisen_interfaces/shisen_interfaces/srv
-- Up-to-date: /home/mbsaloka/Desktop/Ichiro/shisen_app/shisen_interfaces/install/shisen_interfaces/include/shisen_interfaces/shisen_interfaces/srv/detail
-- Installing: /home/mbsaloka/Desktop/Ichiro/shisen_app/shisen_interfaces/install/shisen_interfaces/include/shisen_interfaces/shisen_interfaces/srv/detail/configure_capture_setting__rosidl_typesupport_fastrtps_c.h
-- Up-to-date: /home/mbsaloka/Desktop/Ichiro/shisen_app/shisen_interfaces/install/shisen_interfaces/include/shisen_interfaces/shisen_interfaces/msg
-- Installing: /home/mbsaloka/Desktop/Ichiro/shisen_app/shisen_interfaces/install/shisen_interfaces/include/shisen_interfaces/shisen_interfaces/msg/rosidl_typesupport_fastrtps_c__visibility_control.h
-- Up-to-date: /home/mbsaloka/Desktop/Ichiro/shisen_app/shisen_interfaces/install/shisen_interfaces/include/shisen_interfaces/shisen_interfaces/msg/detail
-- Installing: /home/mbsaloka/Desktop/Ichiro/shisen_app/shisen_interfaces/install/shisen_interfaces/include/shisen_interfaces/shisen_interfaces/msg/detail/image__rosidl_typesupport_fastrtps_c.h
-- Installing: /home/mbsaloka/Desktop/Ichiro/shisen_app/shisen_interfaces/install/shisen_interfaces/include/shisen_interfaces/shisen_interfaces/msg/detail/camera_config__rosidl_typesupport_fastrtps_c.h
-- Installing: /home/mbsaloka/Desktop/Ichiro/shisen_app/shisen_interfaces/install/shisen_interfaces/include/shisen_interfaces/shisen_interfaces/msg/detail/capture_setting__rosidl_typesupport_fastrtps_c.h
-- Installing: /home/mbsaloka/Desktop/Ichiro/shisen_app/shisen_interfaces/install/shisen_interfaces/lib/libshisen_interfaces__rosidl_typesupport_fastrtps_c.so
-- Set runtime path of "/home/mbsaloka/Desktop/Ichiro/shisen_app/shisen_interfaces/install/shisen_interfaces/lib/libshisen_interfaces__rosidl_typesupport_fastrtps_c.so" to ""
-- Up-to-date: /home/mbsaloka/Desktop/Ichiro/shisen_app/shisen_interfaces/install/shisen_interfaces/include/shisen_interfaces/shisen_interfaces
-- Up-to-date: /home/mbsaloka/Desktop/Ichiro/shisen_app/shisen_interfaces/install/shisen_interfaces/include/shisen_interfaces/shisen_interfaces/srv
-- Up-to-date: /home/mbsaloka/Desktop/Ichiro/shisen_app/shisen_interfaces/install/shisen_interfaces/include/shisen_interfaces/shisen_interfaces/srv/detail
-- Installing: /home/mbsaloka/Desktop/Ichiro/shisen_app/shisen_interfaces/install/shisen_interfaces/include/shisen_interfaces/shisen_interfaces/srv/detail/configure_capture_setting__rosidl_typesupport_introspection_c.h
-- Installing: /home/mbsaloka/Desktop/Ichiro/shisen_app/shisen_interfaces/install/shisen_interfaces/include/shisen_interfaces/shisen_interfaces/srv/detail/configure_capture_setting__type_support.c
-- Up-to-date: /home/mbsaloka/Desktop/Ichiro/shisen_app/shisen_interfaces/install/shisen_interfaces/include/shisen_interfaces/shisen_interfaces/msg
-- Installing: /home/mbsaloka/Desktop/Ichiro/shisen_app/shisen_interfaces/install/shisen_interfaces/include/shisen_interfaces/shisen_interfaces/msg/rosidl_typesupport_introspection_c__visibility_control.h
-- Up-to-date: /home/mbsaloka/Desktop/Ichiro/shisen_app/shisen_interfaces/install/shisen_interfaces/include/shisen_interfaces/shisen_interfaces/msg/detail
-- Installing: /home/mbsaloka/Desktop/Ichiro/shisen_app/shisen_interfaces/install/shisen_interfaces/include/shisen_interfaces/shisen_interfaces/msg/detail/capture_setting__rosidl_typesupport_introspection_c.h
-- Installing: /home/mbsaloka/Desktop/Ichiro/shisen_app/shisen_interfaces/install/shisen_interfaces/include/shisen_interfaces/shisen_interfaces/msg/detail/capture_setting__type_support.c
-- Installing: /home/mbsaloka/Desktop/Ichiro/shisen_app/shisen_interfaces/install/shisen_interfaces/include/shisen_interfaces/shisen_interfaces/msg/detail/camera_config__type_support.c
-- Installing: /home/mbsaloka/Desktop/Ichiro/shisen_app/shisen_interfaces/install/shisen_interfaces/include/shisen_interfaces/shisen_interfaces/msg/detail/camera_config__rosidl_typesupport_introspection_c.h
-- Installing: /home/mbsaloka/Desktop/Ichiro/shisen_app/shisen_interfaces/install/shisen_interfaces/include/shisen_interfaces/shisen_interfaces/msg/detail/image__rosidl_typesupport_introspection_c.h
-- Installing: /home/mbsaloka/Desktop/Ichiro/shisen_app/shisen_interfaces/install/shisen_interfaces/include/shisen_interfaces/shisen_interfaces/msg/detail/image__type_support.c
-- Installing: /home/mbsaloka/Desktop/Ichiro/shisen_app/shisen_interfaces/install/shisen_interfaces/lib/libshisen_interfaces__rosidl_typesupport_introspection_c.so
-- Set runtime path of "/home/mbsaloka/Desktop/Ichiro/shisen_app/shisen_interfaces/install/shisen_interfaces/lib/libshisen_interfaces__rosidl_typesupport_introspection_c.so" to ""
-- Installing: /home/mbsaloka/Desktop/Ichiro/shisen_app/shisen_interfaces/install/shisen_interfaces/lib/libshisen_interfaces__rosidl_typesupport_c.so
-- Set runtime path of "/home/mbsaloka/Desktop/Ichiro/shisen_app/shisen_interfaces/install/shisen_interfaces/lib/libshisen_interfaces__rosidl_typesupport_c.so" to ""
-- Up-to-date: /home/mbsaloka/Desktop/Ichiro/shisen_app/shisen_interfaces/install/shisen_interfaces/include/shisen_interfaces/shisen_interfaces
-- Up-to-date: /home/mbsaloka/Desktop/Ichiro/shisen_app/shisen_interfaces/install/shisen_interfaces/include/shisen_interfaces/shisen_interfaces/srv
-- Installing: /home/mbsaloka/Desktop/Ichiro/shisen_app/shisen_interfaces/install/shisen_interfaces/include/shisen_interfaces/shisen_interfaces/srv/configure_capture_setting.hpp
-- Up-to-date: /home/mbsaloka/Desktop/Ichiro/shisen_app/shisen_interfaces/install/shisen_interfaces/include/shisen_interfaces/shisen_interfaces/srv/detail
-- Installing: /home/mbsaloka/Desktop/Ichiro/shisen_app/shisen_interfaces/install/shisen_interfaces/include/shisen_interfaces/shisen_interfaces/srv/detail/configure_capture_setting__struct.hpp
-- Installing: /home/mbsaloka/Desktop/Ichiro/shisen_app/shisen_interfaces/install/shisen_interfaces/include/shisen_interfaces/shisen_interfaces/srv/detail/configure_capture_setting__builder.hpp
-- Installing: /home/mbsaloka/Desktop/Ichiro/shisen_app/shisen_interfaces/install/shisen_interfaces/include/shisen_interfaces/shisen_interfaces/srv/detail/configure_capture_setting__traits.hpp
-- Up-to-date: /home/mbsaloka/Desktop/Ichiro/shisen_app/shisen_interfaces/install/shisen_interfaces/include/shisen_interfaces/shisen_interfaces/msg
-- Installing: /home/mbsaloka/Desktop/Ichiro/shisen_app/shisen_interfaces/install/shisen_interfaces/include/shisen_interfaces/shisen_interfaces/msg/image.hpp
-- Installing: /home/mbsaloka/Desktop/Ichiro/shisen_app/shisen_interfaces/install/shisen_interfaces/include/shisen_interfaces/shisen_interfaces/msg/camera_config.hpp
-- Installing: /home/mbsaloka/Desktop/Ichiro/shisen_app/shisen_interfaces/install/shisen_interfaces/include/shisen_interfaces/shisen_interfaces/msg/capture_setting.hpp
-- Up-to-date: /home/mbsaloka/Desktop/Ichiro/shisen_app/shisen_interfaces/install/shisen_interfaces/include/shisen_interfaces/shisen_interfaces/msg/detail
-- Installing: /home/mbsaloka/Desktop/Ichiro/shisen_app/shisen_interfaces/install/shisen_interfaces/include/shisen_interfaces/shisen_interfaces/msg/detail/image__builder.hpp
-- Installing: /home/mbsaloka/Desktop/Ichiro/shisen_app/shisen_interfaces/install/shisen_interfaces/include/shisen_interfaces/shisen_interfaces/msg/detail/camera_config__traits.hpp
-- Installing: /home/mbsaloka/Desktop/Ichiro/shisen_app/shisen_interfaces/install/shisen_interfaces/include/shisen_interfaces/shisen_interfaces/msg/detail/capture_setting__traits.hpp
-- Installing: /home/mbsaloka/Desktop/Ichiro/shisen_app/shisen_interfaces/install/shisen_interfaces/include/shisen_interfaces/shisen_interfaces/msg/detail/capture_setting__builder.hpp
-- Installing: /home/mbsaloka/Desktop/Ichiro/shisen_app/shisen_interfaces/install/shisen_interfaces/include/shisen_interfaces/shisen_interfaces/msg/detail/camera_config__builder.hpp
-- Installing: /home/mbsaloka/Desktop/Ichiro/shisen_app/shisen_interfaces/install/shisen_interfaces/include/shisen_interfaces/shisen_interfaces/msg/detail/image__traits.hpp
-- Installing: /home/mbsaloka/Desktop/Ichiro/shisen_app/shisen_interfaces/install/shisen_interfaces/include/shisen_interfaces/shisen_interfaces/msg/detail/camera_config__struct.hpp
-- Installing: /home/mbsaloka/Desktop/Ichiro/shisen_app/shisen_interfaces/install/shisen_interfaces/include/shisen_interfaces/shisen_interfaces/msg/detail/image__struct.hpp
-- Installing: /home/mbsaloka/Desktop/Ichiro/shisen_app/shisen_interfaces/install/shisen_interfaces/include/shisen_interfaces/shisen_interfaces/msg/detail/capture_setting__struct.hpp
-- Up-to-date: /home/mbsaloka/Desktop/Ichiro/shisen_app/shisen_interfaces/install/shisen_interfaces/include/shisen_interfaces/shisen_interfaces
-- Up-to-date: /home/mbsaloka/Desktop/Ichiro/shisen_app/shisen_interfaces/install/shisen_interfaces/include/shisen_interfaces/shisen_interfaces/srv
-- Up-to-date: /home/mbsaloka/Desktop/Ichiro/shisen_app/shisen_interfaces/install/shisen_interfaces/include/shisen_interfaces/shisen_interfaces/srv/detail
-- Installing: /home/mbsaloka/Desktop/Ichiro/shisen_app/shisen_interfaces/install/shisen_interfaces/include/shisen_interfaces/shisen_interfaces/srv/detail/dds_fastrtps
-- Installing: /home/mbsaloka/Desktop/Ichiro/shisen_app/shisen_interfaces/install/shisen_interfaces/include/shisen_interfaces/shisen_interfaces/srv/detail/configure_capture_setting__rosidl_typesupport_fastrtps_cpp.hpp
-- Up-to-date: /home/mbsaloka/Desktop/Ichiro/shisen_app/shisen_interfaces/install/shisen_interfaces/include/shisen_interfaces/shisen_interfaces/msg
-- Installing: /home/mbsaloka/Desktop/Ichiro/shisen_app/shisen_interfaces/install/shisen_interfaces/include/shisen_interfaces/shisen_interfaces/msg/rosidl_typesupport_fastrtps_cpp__visibility_control.h
-- Up-to-date: /home/mbsaloka/Desktop/Ichiro/shisen_app/shisen_interfaces/install/shisen_interfaces/include/shisen_interfaces/shisen_interfaces/msg/detail
-- Installing: /home/mbsaloka/Desktop/Ichiro/shisen_app/shisen_interfaces/install/shisen_interfaces/include/shisen_interfaces/shisen_interfaces/msg/detail/dds_fastrtps
-- Installing: /home/mbsaloka/Desktop/Ichiro/shisen_app/shisen_interfaces/install/shisen_interfaces/include/shisen_interfaces/shisen_interfaces/msg/detail/image__rosidl_typesupport_fastrtps_cpp.hpp
-- Installing: /home/mbsaloka/Desktop/Ichiro/shisen_app/shisen_interfaces/install/shisen_interfaces/include/shisen_interfaces/shisen_interfaces/msg/detail/camera_config__rosidl_typesupport_fastrtps_cpp.hpp
-- Installing: /home/mbsaloka/Desktop/Ichiro/shisen_app/shisen_interfaces/install/shisen_interfaces/include/shisen_interfaces/shisen_interfaces/msg/detail/capture_setting__rosidl_typesupport_fastrtps_cpp.hpp
-- Installing: /home/mbsaloka/Desktop/Ichiro/shisen_app/shisen_interfaces/install/shisen_interfaces/lib/libshisen_interfaces__rosidl_typesupport_fastrtps_cpp.so
-- Set runtime path of "/home/mbsaloka/Desktop/Ichiro/shisen_app/shisen_interfaces/install/shisen_interfaces/lib/libshisen_interfaces__rosidl_typesupport_fastrtps_cpp.so" to ""
-- Up-to-date: /home/mbsaloka/Desktop/Ichiro/shisen_app/shisen_interfaces/install/shisen_interfaces/include/shisen_interfaces/shisen_interfaces
-- Up-to-date: /home/mbsaloka/Desktop/Ichiro/shisen_app/shisen_interfaces/install/shisen_interfaces/include/shisen_interfaces/shisen_interfaces/srv
-- Up-to-date: /home/mbsaloka/Desktop/Ichiro/shisen_app/shisen_interfaces/install/shisen_interfaces/include/shisen_interfaces/shisen_interfaces/srv/detail
-- Installing: /home/mbsaloka/Desktop/Ichiro/shisen_app/shisen_interfaces/install/shisen_interfaces/include/shisen_interfaces/shisen_interfaces/srv/detail/configure_capture_setting__type_support.cpp
-- Installing: /home/mbsaloka/Desktop/Ichiro/shisen_app/shisen_interfaces/install/shisen_interfaces/include/shisen_interfaces/shisen_interfaces/srv/detail/configure_capture_setting__rosidl_typesupport_introspection_cpp.hpp
-- Up-to-date: /home/mbsaloka/Desktop/Ichiro/shisen_app/shisen_interfaces/install/shisen_interfaces/include/shisen_interfaces/shisen_interfaces/msg
-- Up-to-date: /home/mbsaloka/Desktop/Ichiro/shisen_app/shisen_interfaces/install/shisen_interfaces/include/shisen_interfaces/shisen_interfaces/msg/detail
-- Installing: /home/mbsaloka/Desktop/Ichiro/shisen_app/shisen_interfaces/install/shisen_interfaces/include/shisen_interfaces/shisen_interfaces/msg/detail/capture_setting__rosidl_typesupport_introspection_cpp.hpp
-- Installing: /home/mbsaloka/Desktop/Ichiro/shisen_app/shisen_interfaces/install/shisen_interfaces/include/shisen_interfaces/shisen_interfaces/msg/detail/image__type_support.cpp
-- Installing: /home/mbsaloka/Desktop/Ichiro/shisen_app/shisen_interfaces/install/shisen_interfaces/include/shisen_interfaces/shisen_interfaces/msg/detail/camera_config__type_support.cpp
-- Installing: /home/mbsaloka/Desktop/Ichiro/shisen_app/shisen_interfaces/install/shisen_interfaces/include/shisen_interfaces/shisen_interfaces/msg/detail/camera_config__rosidl_typesupport_introspection_cpp.hpp
-- Installing: /home/mbsaloka/Desktop/Ichiro/shisen_app/shisen_interfaces/install/shisen_interfaces/include/shisen_interfaces/shisen_interfaces/msg/detail/image__rosidl_typesupport_introspection_cpp.hpp
-- Installing: /home/mbsaloka/Desktop/Ichiro/shisen_app/shisen_interfaces/install/shisen_interfaces/include/shisen_interfaces/shisen_interfaces/msg/detail/capture_setting__type_support.cpp
-- Installing: /home/mbsaloka/Desktop/Ichiro/shisen_app/shisen_interfaces/install/shisen_interfaces/lib/libshisen_interfaces__rosidl_typesupport_introspection_cpp.so
-- Set runtime path of "/home/mbsaloka/Desktop/Ichiro/shisen_app/shisen_interfaces/install/shisen_interfaces/lib/libshisen_interfaces__rosidl_typesupport_introspection_cpp.so" to ""
-- Installing: /home/mbsaloka/Desktop/Ichiro/shisen_app/shisen_interfaces/install/shisen_interfaces/lib/libshisen_interfaces__rosidl_typesupport_cpp.so
-- Set runtime path of "/home/mbsaloka/Desktop/Ichiro/shisen_app/shisen_interfaces/install/shisen_interfaces/lib/libshisen_interfaces__rosidl_typesupport_cpp.so" to ""
-- Installing: /home/mbsaloka/Desktop/Ichiro/shisen_app/shisen_interfaces/install/shisen_interfaces/share/shisen_interfaces/environment/pythonpath.sh
-- Installing: /home/mbsaloka/Desktop/Ichiro/shisen_app/shisen_interfaces/install/shisen_interfaces/share/shisen_interfaces/environment/pythonpath.dsv
-- Installing: /home/mbsaloka/Desktop/Ichiro/shisen_app/shisen_interfaces/install/shisen_interfaces/lib/python3.10/site-packages/shisen_interfaces-0.2.0-py3.10.egg-info
-- Installing: /home/mbsaloka/Desktop/Ichiro/shisen_app/shisen_interfaces/install/shisen_interfaces/lib/python3.10/site-packages/shisen_interfaces-0.2.0-py3.10.egg-info/top_level.txt
-- Installing: /home/mbsaloka/Desktop/Ichiro/shisen_app/shisen_interfaces/install/shisen_interfaces/lib/python3.10/site-packages/shisen_interfaces-0.2.0-py3.10.egg-info/PKG-INFO
-- Installing: /home/mbsaloka/Desktop/Ichiro/shisen_app/shisen_interfaces/install/shisen_interfaces/lib/python3.10/site-packages/shisen_interfaces-0.2.0-py3.10.egg-info/dependency_links.txt
-- Installing: /home/mbsaloka/Desktop/Ichiro/shisen_app/shisen_interfaces/install/shisen_interfaces/lib/python3.10/site-packages/shisen_interfaces-0.2.0-py3.10.egg-info/SOURCES.txt
-- Installing: /home/mbsaloka/Desktop/Ichiro/shisen_app/shisen_interfaces/install/shisen_interfaces/lib/python3.10/site-packages/shisen_interfaces
-- Installing: /home/mbsaloka/Desktop/Ichiro/shisen_app/shisen_interfaces/install/shisen_interfaces/lib/python3.10/site-packages/shisen_interfaces/shisen_interfaces_s__rosidl_typesupport_fastrtps_c.cpython-310-x86_64-linux-gnu.so
-- Installing: /home/mbsaloka/Desktop/Ichiro/shisen_app/shisen_interfaces/install/shisen_interfaces/lib/python3.10/site-packages/shisen_interfaces/shisen_interfaces_s__rosidl_typesupport_c.cpython-310-x86_64-linux-gnu.so
-- Installing: /home/mbsaloka/Desktop/Ichiro/shisen_app/shisen_interfaces/install/shisen_interfaces/lib/python3.10/site-packages/shisen_interfaces/_shisen_interfaces_s.ep.rosidl_typesupport_fastrtps_c.c
-- Installing: /home/mbsaloka/Desktop/Ichiro/shisen_app/shisen_interfaces/install/shisen_interfaces/lib/python3.10/site-packages/shisen_interfaces/_shisen_interfaces_s.ep.rosidl_typesupport_introspection_c.c
-- Installing: /home/mbsaloka/Desktop/Ichiro/shisen_app/shisen_interfaces/install/shisen_interfaces/lib/python3.10/site-packages/shisen_interfaces/_shisen_interfaces_s.ep.rosidl_typesupport_c.c
-- Installing: /home/mbsaloka/Desktop/Ichiro/shisen_app/shisen_interfaces/install/shisen_interfaces/lib/python3.10/site-packages/shisen_interfaces/libshisen_interfaces__rosidl_generator_py.so
-- Installing: /home/mbsaloka/Desktop/Ichiro/shisen_app/shisen_interfaces/install/shisen_interfaces/lib/python3.10/site-packages/shisen_interfaces/srv
-- Installing: /home/mbsaloka/Desktop/Ichiro/shisen_app/shisen_interfaces/install/shisen_interfaces/lib/python3.10/site-packages/shisen_interfaces/srv/_configure_capture_setting.py
-- Installing: /home/mbsaloka/Desktop/Ichiro/shisen_app/shisen_interfaces/install/shisen_interfaces/lib/python3.10/site-packages/shisen_interfaces/srv/_configure_capture_setting_s.c
-- Installing: /home/mbsaloka/Desktop/Ichiro/shisen_app/shisen_interfaces/install/shisen_interfaces/lib/python3.10/site-packages/shisen_interfaces/srv/__init__.py
-- Installing: /home/mbsaloka/Desktop/Ichiro/shisen_app/shisen_interfaces/install/shisen_interfaces/lib/python3.10/site-packages/shisen_interfaces/__init__.py
-- Installing: /home/mbsaloka/Desktop/Ichiro/shisen_app/shisen_interfaces/install/shisen_interfaces/lib/python3.10/site-packages/shisen_interfaces/msg
-- Installing: /home/mbsaloka/Desktop/Ichiro/shisen_app/shisen_interfaces/install/shisen_interfaces/lib/python3.10/site-packages/shisen_interfaces/msg/_capture_setting_s.c
-- Installing: /home/mbsaloka/Desktop/Ichiro/shisen_app/shisen_interfaces/install/shisen_interfaces/lib/python3.10/site-packages/shisen_interfaces/msg/_camera_config_s.c
-- Installing: /home/mbsaloka/Desktop/Ichiro/shisen_app/shisen_interfaces/install/shisen_interfaces/lib/python3.10/site-packages/shisen_interfaces/msg/_image_s.c
-- Installing: /home/mbsaloka/Desktop/Ichiro/shisen_app/shisen_interfaces/install/shisen_interfaces/lib/python3.10/site-packages/shisen_interfaces/msg/_camera_config.py
-- Installing: /home/mbsaloka/Desktop/Ichiro/shisen_app/shisen_interfaces/install/shisen_interfaces/lib/python3.10/site-packages/shisen_interfaces/msg/_image.py
-- Installing: /home/mbsaloka/Desktop/Ichiro/shisen_app/shisen_interfaces/install/shisen_interfaces/lib/python3.10/site-packages/shisen_interfaces/msg/_capture_setting.py
-- Installing: /home/mbsaloka/Desktop/Ichiro/shisen_app/shisen_interfaces/install/shisen_interfaces/lib/python3.10/site-packages/shisen_interfaces/msg/__init__.py
-- Installing: /home/mbsaloka/Desktop/Ichiro/shisen_app/shisen_interfaces/install/shisen_interfaces/lib/python3.10/site-packages/shisen_interfaces/shisen_interfaces_s__rosidl_typesupport_introspection_c.cpython-310-x86_64-linux-gnu.so
Listing '/home/mbsaloka/Desktop/Ichiro/shisen_app/shisen_interfaces/install/shisen_interfaces/lib/python3.10/site-packages/shisen_interfaces'...
Compiling '/home/mbsaloka/Desktop/Ichiro/shisen_app/shisen_interfaces/install/shisen_interfaces/lib/python3.10/site-packages/shisen_interfaces/__init__.py'...
Listing '/home/mbsaloka/Desktop/Ichiro/shisen_app/shisen_interfaces/install/shisen_interfaces/lib/python3.10/site-packages/shisen_interfaces/msg'...
Compiling '/home/mbsaloka/Desktop/Ichiro/shisen_app/shisen_interfaces/install/shisen_interfaces/lib/python3.10/site-packages/shisen_interfaces/msg/__init__.py'...
Compiling '/home/mbsaloka/Desktop/Ichiro/shisen_app/shisen_interfaces/install/shisen_interfaces/lib/python3.10/site-packages/shisen_interfaces/msg/_camera_config.py'...
Compiling '/home/mbsaloka/Desktop/Ichiro/shisen_app/shisen_interfaces/install/shisen_interfaces/lib/python3.10/site-packages/shisen_interfaces/msg/_capture_setting.py'...
Compiling '/home/mbsaloka/Desktop/Ichiro/shisen_app/shisen_interfaces/install/shisen_interfaces/lib/python3.10/site-packages/shisen_interfaces/msg/_image.py'...
Listing '/home/mbsaloka/Desktop/Ichiro/shisen_app/shisen_interfaces/install/shisen_interfaces/lib/python3.10/site-packages/shisen_interfaces/srv'...
Compiling '/home/mbsaloka/Desktop/Ichiro/shisen_app/shisen_interfaces/install/shisen_interfaces/lib/python3.10/site-packages/shisen_interfaces/srv/__init__.py'...
Compiling '/home/mbsaloka/Desktop/Ichiro/shisen_app/shisen_interfaces/install/shisen_interfaces/lib/python3.10/site-packages/shisen_interfaces/srv/_configure_capture_setting.py'...
-- Installing: /home/mbsaloka/Desktop/Ichiro/shisen_app/shisen_interfaces/install/shisen_interfaces/lib/python3.10/site-packages/shisen_interfaces/shisen_interfaces_s__rosidl_typesupport_fastrtps_c.cpython-310-x86_64-linux-gnu.so
-- Set runtime path of "/home/mbsaloka/Desktop/Ichiro/shisen_app/shisen_interfaces/install/shisen_interfaces/lib/python3.10/site-packages/shisen_interfaces/shisen_interfaces_s__rosidl_typesupport_fastrtps_c.cpython-310-x86_64-linux-gnu.so" to ""
-- Installing: /home/mbsaloka/Desktop/Ichiro/shisen_app/shisen_interfaces/install/shisen_interfaces/lib/python3.10/site-packages/shisen_interfaces/shisen_interfaces_s__rosidl_typesupport_introspection_c.cpython-310-x86_64-linux-gnu.so
-- Set runtime path of "/home/mbsaloka/Desktop/Ichiro/shisen_app/shisen_interfaces/install/shisen_interfaces/lib/python3.10/site-packages/shisen_interfaces/shisen_interfaces_s__rosidl_typesupport_introspection_c.cpython-310-x86_64-linux-gnu.so" to ""
-- Installing: /home/mbsaloka/Desktop/Ichiro/shisen_app/shisen_interfaces/install/shisen_interfaces/lib/python3.10/site-packages/shisen_interfaces/shisen_interfaces_s__rosidl_typesupport_c.cpython-310-x86_64-linux-gnu.so
-- Set runtime path of "/home/mbsaloka/Desktop/Ichiro/shisen_app/shisen_interfaces/install/shisen_interfaces/lib/python3.10/site-packages/shisen_interfaces/shisen_interfaces_s__rosidl_typesupport_c.cpython-310-x86_64-linux-gnu.so" to ""
-- Installing: /home/mbsaloka/Desktop/Ichiro/shisen_app/shisen_interfaces/install/shisen_interfaces/lib/libshisen_interfaces__rosidl_generator_py.so
-- Set runtime path of "/home/mbsaloka/Desktop/Ichiro/shisen_app/shisen_interfaces/install/shisen_interfaces/lib/libshisen_interfaces__rosidl_generator_py.so" to ""
-- Installing: /home/mbsaloka/Desktop/Ichiro/shisen_app/shisen_interfaces/install/shisen_interfaces/share/shisen_interfaces/msg/CameraConfig.idl
-- Installing: /home/mbsaloka/Desktop/Ichiro/shisen_app/shisen_interfaces/install/shisen_interfaces/share/shisen_interfaces/msg/CaptureSetting.idl
-- Installing: /home/mbsaloka/Desktop/Ichiro/shisen_app/shisen_interfaces/install/shisen_interfaces/share/shisen_interfaces/msg/Image.idl
-- Installing: /home/mbsaloka/Desktop/Ichiro/shisen_app/shisen_interfaces/install/shisen_interfaces/share/shisen_interfaces/srv/ConfigureCaptureSetting.idl
-- Installing: /home/mbsaloka/Desktop/Ichiro/shisen_app/shisen_interfaces/install/shisen_interfaces/share/shisen_interfaces/msg/CameraConfig.msg
-- Installing: /home/mbsaloka/Desktop/Ichiro/shisen_app/shisen_interfaces/install/shisen_interfaces/share/shisen_interfaces/msg/CaptureSetting.msg
-- Installing: /home/mbsaloka/Desktop/Ichiro/shisen_app/shisen_interfaces/install/shisen_interfaces/share/shisen_interfaces/msg/Image.msg
-- Installing: /home/mbsaloka/Desktop/Ichiro/shisen_app/shisen_interfaces/install/shisen_interfaces/share/shisen_interfaces/srv/ConfigureCaptureSetting.srv
-- Installing: /home/mbsaloka/Desktop/Ichiro/shisen_app/shisen_interfaces/install/shisen_interfaces/share/shisen_interfaces/srv/ConfigureCaptureSetting_Request.msg
-- Installing: /home/mbsaloka/Desktop/Ichiro/shisen_app/shisen_interfaces/install/shisen_interfaces/share/shisen_interfaces/srv/ConfigureCaptureSetting_Response.msg
-- Up-to-date: /home/mbsaloka/Desktop/Ichiro/shisen_app/shisen_interfaces/install/shisen_interfaces/include/shisen_interfaces
-- Installing: /home/mbsaloka/Desktop/Ichiro/shisen_app/shisen_interfaces/install/shisen_interfaces/include/shisen_interfaces/shisen.grpc.pb.h
-- Installing: /home/mbsaloka/Desktop/Ichiro/shisen_app/shisen_interfaces/install/shisen_interfaces/include/shisen_interfaces/shisen.grpc.pb.cc
-- Installing: /home/mbsaloka/Desktop/Ichiro/shisen_app/shisen_interfaces/install/shisen_interfaces/include/shisen_interfaces/shisen.pb.cc
-- Installing: /home/mbsaloka/Desktop/Ichiro/shisen_app/shisen_interfaces/install/shisen_interfaces/include/shisen_interfaces/shisen.pb.h
-- Installing: /home/mbsaloka/Desktop/Ichiro/shisen_app/shisen_interfaces/install/shisen_interfaces/lib/libshisen_proto.so
-- Installing: /home/mbsaloka/Desktop/Ichiro/shisen_app/shisen_interfaces/install/shisen_interfaces/share/ament_index/resource_index/package_run_dependencies/shisen_interfaces
-- Installing: /home/mbsaloka/Desktop/Ichiro/shisen_app/shisen_interfaces/install/shisen_interfaces/share/ament_index/resource_index/parent_prefix_path/shisen_interfaces
-- Installing: /home/mbsaloka/Desktop/Ichiro/shisen_app/shisen_interfaces/install/shisen_interfaces/share/shisen_interfaces/environment/ament_prefix_path.sh
-- Installing: /home/mbsaloka/Desktop/Ichiro/shisen_app/shisen_interfaces/install/shisen_interfaces/share/shisen_interfaces/environment/ament_prefix_path.dsv
-- Installing: /home/mbsaloka/Desktop/Ichiro/shisen_app/shisen_interfaces/install/shisen_interfaces/share/shisen_interfaces/environment/path.sh
-- Installing: /home/mbsaloka/Desktop/Ichiro/shisen_app/shisen_interfaces/install/shisen_interfaces/share/shisen_interfaces/environment/path.dsv
-- Installing: /home/mbsaloka/Desktop/Ichiro/shisen_app/shisen_interfaces/install/shisen_interfaces/share/shisen_interfaces/local_setup.bash
-- Installing: /home/mbsaloka/Desktop/Ichiro/shisen_app/shisen_interfaces/install/shisen_interfaces/share/shisen_interfaces/local_setup.sh
-- Installing: /home/mbsaloka/Desktop/Ichiro/shisen_app/shisen_interfaces/install/shisen_interfaces/share/shisen_interfaces/local_setup.zsh
-- Installing: /home/mbsaloka/Desktop/Ichiro/shisen_app/shisen_interfaces/install/shisen_interfaces/share/shisen_interfaces/local_setup.dsv
-- Installing: /home/mbsaloka/Desktop/Ichiro/shisen_app/shisen_interfaces/install/shisen_interfaces/share/shisen_interfaces/package.dsv
-- Installing: /home/mbsaloka/Desktop/Ichiro/shisen_app/shisen_interfaces/install/shisen_interfaces/share/ament_index/resource_index/packages/shisen_interfaces
-- Installing: /home/mbsaloka/Desktop/Ichiro/shisen_app/shisen_interfaces/install/shisen_interfaces/share/shisen_interfaces/cmake/export_shisen_interfaces__rosidl_generator_cExport.cmake
-- Installing: /home/mbsaloka/Desktop/Ichiro/shisen_app/shisen_interfaces/install/shisen_interfaces/share/shisen_interfaces/cmake/export_shisen_interfaces__rosidl_generator_cExport-noconfig.cmake
-- Installing: /home/mbsaloka/Desktop/Ichiro/shisen_app/shisen_interfaces/install/shisen_interfaces/share/shisen_interfaces/cmake/export_shisen_interfaces__rosidl_typesupport_fastrtps_cExport.cmake
-- Installing: /home/mbsaloka/Desktop/Ichiro/shisen_app/shisen_interfaces/install/shisen_interfaces/share/shisen_interfaces/cmake/export_shisen_interfaces__rosidl_typesupport_fastrtps_cExport-noconfig.cmake
-- Installing: /home/mbsaloka/Desktop/Ichiro/shisen_app/shisen_interfaces/install/shisen_interfaces/share/shisen_interfaces/cmake/shisen_interfaces__rosidl_typesupport_introspection_cExport.cmake
-- Installing: /home/mbsaloka/Desktop/Ichiro/shisen_app/shisen_interfaces/install/shisen_interfaces/share/shisen_interfaces/cmake/shisen_interfaces__rosidl_typesupport_introspection_cExport-noconfig.cmake
-- Installing: /home/mbsaloka/Desktop/Ichiro/shisen_app/shisen_interfaces/install/shisen_interfaces/share/shisen_interfaces/cmake/shisen_interfaces__rosidl_typesupport_cExport.cmake
-- Installing: /home/mbsaloka/Desktop/Ichiro/shisen_app/shisen_interfaces/install/shisen_interfaces/share/shisen_interfaces/cmake/shisen_interfaces__rosidl_typesupport_cExport-noconfig.cmake
-- Installing: /home/mbsaloka/Desktop/Ichiro/shisen_app/shisen_interfaces/install/shisen_interfaces/share/shisen_interfaces/cmake/export_shisen_interfaces__rosidl_generator_cppExport.cmake
-- Installing: /home/mbsaloka/Desktop/Ichiro/shisen_app/shisen_interfaces/install/shisen_interfaces/share/shisen_interfaces/cmake/export_shisen_interfaces__rosidl_typesupport_fastrtps_cppExport.cmake
-- Installing: /home/mbsaloka/Desktop/Ichiro/shisen_app/shisen_interfaces/install/shisen_interfaces/share/shisen_interfaces/cmake/export_shisen_interfaces__rosidl_typesupport_fastrtps_cppExport-noconfig.cmake
-- Installing: /home/mbsaloka/Desktop/Ichiro/shisen_app/shisen_interfaces/install/shisen_interfaces/share/shisen_interfaces/cmake/shisen_interfaces__rosidl_typesupport_introspection_cppExport.cmake
-- Installing: /home/mbsaloka/Desktop/Ichiro/shisen_app/shisen_interfaces/install/shisen_interfaces/share/shisen_interfaces/cmake/shisen_interfaces__rosidl_typesupport_introspection_cppExport-noconfig.cmake
-- Installing: /home/mbsaloka/Desktop/Ichiro/shisen_app/shisen_interfaces/install/shisen_interfaces/share/shisen_interfaces/cmake/shisen_interfaces__rosidl_typesupport_cppExport.cmake
-- Installing: /home/mbsaloka/Desktop/Ichiro/shisen_app/shisen_interfaces/install/shisen_interfaces/share/shisen_interfaces/cmake/shisen_interfaces__rosidl_typesupport_cppExport-noconfig.cmake
-- Installing: /home/mbsaloka/Desktop/Ichiro/shisen_app/shisen_interfaces/install/shisen_interfaces/share/shisen_interfaces/cmake/export_shisen_interfaces__rosidl_generator_pyExport.cmake
-- Installing: /home/mbsaloka/Desktop/Ichiro/shisen_app/shisen_interfaces/install/shisen_interfaces/share/shisen_interfaces/cmake/export_shisen_interfaces__rosidl_generator_pyExport-noconfig.cmake
-- Installing: /home/mbsaloka/Desktop/Ichiro/shisen_app/shisen_interfaces/install/shisen_interfaces/share/shisen_interfaces/cmake/shisen_protoExport.cmake
-- Installing: /home/mbsaloka/Desktop/Ichiro/shisen_app/shisen_interfaces/install/shisen_interfaces/share/shisen_interfaces/cmake/shisen_protoExport-noconfig.cmake
-- Installing: /home/mbsaloka/Desktop/Ichiro/shisen_app/shisen_interfaces/install/shisen_interfaces/share/shisen_interfaces/cmake/rosidl_cmake-extras.cmake
-- Installing: /home/mbsaloka/Desktop/Ichiro/shisen_app/shisen_interfaces/install/shisen_interfaces/share/shisen_interfaces/cmake/ament_cmake_export_dependencies-extras.cmake
-- Installing: /home/mbsaloka/Desktop/Ichiro/shisen_app/shisen_interfaces/install/shisen_interfaces/share/shisen_interfaces/cmake/ament_cmake_export_include_directories-extras.cmake
-- Installing: /home/mbsaloka/Desktop/Ichiro/shisen_app/shisen_interfaces/install/shisen_interfaces/share/shisen_interfaces/cmake/ament_cmake_export_libraries-extras.cmake
-- Installing: /home/mbsaloka/Desktop/Ichiro/shisen_app/shisen_interfaces/install/shisen_interfaces/share/shisen_interfaces/cmake/ament_cmake_export_targets-extras.cmake
-- Installing: /home/mbsaloka/Desktop/Ichiro/shisen_app/shisen_interfaces/install/shisen_interfaces/share/shisen_interfaces/cmake/rosidl_cmake_export_typesupport_targets-extras.cmake
-- Installing: /home/mbsaloka/Desktop/Ichiro/shisen_app/shisen_interfaces/install/shisen_interfaces/share/shisen_interfaces/cmake/rosidl_cmake_export_typesupport_libraries-extras.cmake
-- Installing: /home/mbsaloka/Desktop/Ichiro/shisen_app/shisen_interfaces/install/shisen_interfaces/share/shisen_interfaces/cmake/shisen_interfacesConfig.cmake
-- Installing: /home/mbsaloka/Desktop/Ichiro/shisen_app/shisen_interfaces/install/shisen_interfaces/share/shisen_interfaces/cmake/shisen_interfacesConfig-version.cmake
-- Installing: /home/mbsaloka/Desktop/Ichiro/shisen_app/shisen_interfaces/install/shisen_interfaces/share/shisen_interfaces/package.xml
