[0.006s] Invoking command in '/home/mbsaloka/Desktop/Ichiro/shisen_app/shisen_interfaces/build/shisen_interfaces': CMAKE_PREFIX_PATH=/opt/ros/iron /usr/bin/cmake /home/mbsaloka/Desktop/Ichiro/shisen_app/shisen_interfaces -DCMAKE_INSTALL_PREFIX=/home/mbsaloka/Desktop/Ichiro/shisen_app/shisen_interfaces/install/shisen_interfaces
[0.095s] -- The C compiler identification is GNU 11.4.0
[0.163s] -- The CXX compiler identification is GNU 11.4.0
[0.170s] -- Detecting C compiler ABI info
[0.213s] -- Detecting C compiler ABI info - done
[0.217s] -- Check for working C compiler: /usr/bin/cc - skipped
[0.218s] -- Detecting C compile features
[0.218s] -- Detecting C compile features - done
[0.220s] -- Detecting CXX compiler ABI info
[0.267s] -- Detecting CXX compiler ABI info - done
[0.271s] -- Check for working CXX compiler: /usr/bin/c++ - skipped
[0.271s] -- Detecting CXX compile features
[0.272s] -- Detecting CXX compile features - done
[0.278s] -- Found ament_cmake: 2.0.4 (/opt/ros/iron/share/ament_cmake/cmake)
[0.362s] -- Found Python3: /usr/bin/python3.10 (found version "3.10.12") found components: Interpreter 
[0.414s] -- Found rosidl_default_generators: 1.5.0 (/opt/ros/iron/share/rosidl_default_generators/cmake)
[0.418s] -- Using all available rosidl_typesupport_c: rosidl_typesupport_fastrtps_c;rosidl_typesupport_introspection_c
[0.451s] -- Using all available rosidl_typesupport_cpp: rosidl_typesupport_fastrtps_cpp;rosidl_typesupport_introspection_cpp
[0.477s] -- Found rosidl_adapter: 4.0.1 (/opt/ros/iron/share/rosidl_adapter/cmake)
[0.482s] [33mCMake Warning (dev) at /home/mbsaloka/.local/lib/cmake/protobuf/protobuf-options.cmake:6 (option):
[0.482s]   Policy CMP0077 is not set: option() honors normal variables.  Run "cmake
[0.482s]   --help-policy CMP0077" for policy details.  Use the cmake_policy command to
[0.482s]   set the policy and suppress this warning.
[0.482s] 
[0.482s]   For compatibility with older versions of CMake, option is clearing the
[0.482s]   normal variable 'protobuf_MODULE_COMPATIBLE'.
[0.482s] Call Stack (most recent call first):
[0.483s]   /home/mbsaloka/.local/lib/cmake/protobuf/protobuf-config.cmake:2 (include)
[0.483s]   CMakeLists.txt:20 (find_package)
[0.483s] This warning is for project developers.  Use -Wno-dev to suppress it.
[0.483s] [0m
[0.485s] -- Looking for pthread.h
[0.534s] -- Looking for pthread.h - found
[0.534s] -- Performing Test CMAKE_HAVE_LIBC_PTHREAD
[0.574s] -- Performing Test CMAKE_HAVE_LIBC_PTHREAD - Success
[0.575s] -- Found Threads: TRUE  
[0.581s] -- Using protobuf 25.1.0
[0.583s] -- Using gRPC 1.62.0
[0.786s] -- Found ament_cmake_ros: 0.11.2 (/opt/ros/iron/share/ament_cmake_ros/cmake)
[0.879s] -- Using all available rosidl_typesupport_c: rosidl_typesupport_fastrtps_c;rosidl_typesupport_introspection_c
[1.003s] -- Using all available rosidl_typesupport_cpp: rosidl_typesupport_fastrtps_cpp;rosidl_typesupport_introspection_cpp
[1.012s] -- Found PythonInterp: /usr/bin/python3 (found suitable version "3.10.12", minimum required is "3.6") 
[1.013s] -- Found python_cmake_module: 0.10.2 (/opt/ros/iron/share/python_cmake_module/cmake)
[1.028s] -- Found PythonLibs: /usr/lib/x86_64-linux-gnu/libpython3.10.so (found suitable version "3.10.12", minimum required is "3.5") 
[1.028s] -- Using PYTHON_EXECUTABLE: /usr/bin/python3
[1.028s] -- Using PYTHON_INCLUDE_DIRS: /usr/include/python3.10
[1.028s] -- Using PYTHON_LIBRARIES: /usr/lib/x86_64-linux-gnu/libpython3.10.so
[1.040s] -- Found PythonExtra: .so  
[1.063s] -- Configuring done
[1.088s] -- Generating done
[1.090s] -- Build files have been written to: /home/mbsaloka/Desktop/Ichiro/shisen_app/shisen_interfaces/build/shisen_interfaces
[1.094s] Invoked command in '/home/mbsaloka/Desktop/Ichiro/shisen_app/shisen_interfaces/build/shisen_interfaces' returned '0': CMAKE_PREFIX_PATH=/opt/ros/iron /usr/bin/cmake /home/mbsaloka/Desktop/Ichiro/shisen_app/shisen_interfaces -DCMAKE_INSTALL_PREFIX=/home/mbsaloka/Desktop/Ichiro/shisen_app/shisen_interfaces/install/shisen_interfaces
[1.095s] Invoking command in '/home/mbsaloka/Desktop/Ichiro/shisen_app/shisen_interfaces/build/shisen_interfaces': CMAKE_PREFIX_PATH=/opt/ros/iron /usr/bin/cmake --build /home/mbsaloka/Desktop/Ichiro/shisen_app/shisen_interfaces/build/shisen_interfaces -- -j16 -l16
[1.119s] [  1%] [34m[1mGenerating proto/shisen.pb.cc, proto/shisen.pb.h, proto/shisen.grpc.pb.cc, proto/shisen.grpc.pb.h[0m
[1.124s] [  2%] [34m[1mGenerating type hashes for ROS interfaces[0m
[1.128s] [  2%] Built target ament_cmake_python_copy_shisen_interfaces
[1.201s] [  4%] [32mBuilding CXX object CMakeFiles/shisen_proto.dir/proto/shisen.pb.cc.o[0m
[1.202s] [  5%] [32mBuilding CXX object CMakeFiles/shisen_proto.dir/proto/shisen.grpc.pb.cc.o[0m
[1.246s] running egg_info
[1.246s] creating shisen_interfaces.egg-info
[1.246s] writing shisen_interfaces.egg-info/PKG-INFO
[1.246s] writing dependency_links to shisen_interfaces.egg-info/dependency_links.txt
[1.246s] writing top-level names to shisen_interfaces.egg-info/top_level.txt
[1.246s] writing manifest file 'shisen_interfaces.egg-info/SOURCES.txt'
[1.247s] reading manifest file 'shisen_interfaces.egg-info/SOURCES.txt'
[1.248s] writing manifest file 'shisen_interfaces.egg-info/SOURCES.txt'
[1.267s] [  5%] Built target ament_cmake_python_build_shisen_interfaces_egg
[1.293s] [  5%] Built target shisen_interfaces__rosidl_generator_type_description
[1.298s] [  7%] [34m[1mGenerating C code for ROS interfaces[0m
[1.303s] [  8%] [34m[1mGenerating C++ code for ROS interfaces[0m
[1.578s] [  8%] Built target shisen_interfaces__cpp
[1.637s] [ 10%] [32mBuilding C object CMakeFiles/shisen_interfaces__rosidl_generator_c.dir/rosidl_generator_c/shisen_interfaces/msg/detail/camera_config__functions.c.o[0m
[1.638s] [ 11%] [32mBuilding C object CMakeFiles/shisen_interfaces__rosidl_generator_c.dir/rosidl_generator_c/shisen_interfaces/msg/detail/image__functions.c.o[0m
[1.638s] [ 14%] [32mBuilding C object CMakeFiles/shisen_interfaces__rosidl_generator_c.dir/rosidl_generator_c/shisen_interfaces/msg/detail/camera_config__type_support.c.o[0m
[1.638s] [ 14%] [32mBuilding C object CMakeFiles/shisen_interfaces__rosidl_generator_c.dir/rosidl_generator_c/shisen_interfaces/msg/detail/capture_setting__description.c.o[0m
[1.638s] [ 16%] [32mBuilding C object CMakeFiles/shisen_interfaces__rosidl_generator_c.dir/rosidl_generator_c/shisen_interfaces/msg/detail/camera_config__description.c.o[0m
[1.638s] [ 17%] [32mBuilding C object CMakeFiles/shisen_interfaces__rosidl_generator_c.dir/rosidl_generator_c/shisen_interfaces/msg/detail/capture_setting__type_support.c.o[0m
[1.638s] [ 19%] [32mBuilding C object CMakeFiles/shisen_interfaces__rosidl_generator_c.dir/rosidl_generator_c/shisen_interfaces/msg/detail/image__description.c.o[0m
[1.639s] [ 23%] [32mBuilding C object CMakeFiles/shisen_interfaces__rosidl_generator_c.dir/rosidl_generator_c/shisen_interfaces/msg/detail/image__type_support.c.o[0m
[1.639s] [ 23%] [32mBuilding C object CMakeFiles/shisen_interfaces__rosidl_generator_c.dir/rosidl_generator_c/shisen_interfaces/msg/detail/capture_setting__functions.c.o[0m
[1.639s] [ 23%] [32mBuilding C object CMakeFiles/shisen_interfaces__rosidl_generator_c.dir/rosidl_generator_c/shisen_interfaces/srv/detail/configure_capture_setting__description.c.o[0m
[1.639s] [ 25%] [32mBuilding C object CMakeFiles/shisen_interfaces__rosidl_generator_c.dir/rosidl_generator_c/shisen_interfaces/srv/detail/configure_capture_setting__functions.c.o[0m
[1.640s] [ 26%] [32mBuilding C object CMakeFiles/shisen_interfaces__rosidl_generator_c.dir/rosidl_generator_c/shisen_interfaces/srv/detail/configure_capture_setting__type_support.c.o[0m
[1.907s] [ 27%] [32m[1mLinking C shared library libshisen_interfaces__rosidl_generator_c.so[0m
[1.936s] [ 27%] Built target shisen_interfaces__rosidl_generator_c
[1.944s] [ 32%] [34m[1mGenerating C++ type support dispatch for ROS interfaces[0m
[1.944s] [ 32%] [34m[1mGenerating C introspection for ROS interfaces[0m
[1.944s] [ 32%] [34m[1mGenerating C type support for eProsima Fast-RTPS[0m
[1.944s] [ 33%] [34m[1mGenerating C type support dispatch for ROS interfaces[0m
[1.945s] [ 36%] [34m[1mGenerating C++ introspection for ROS interfaces[0m
[1.945s] [ 36%] [34m[1mGenerating C++ type support for eProsima Fast-RTPS[0m
[2.204s] [ 39%] [32mBuilding CXX object CMakeFiles/shisen_interfaces__rosidl_typesupport_c.dir/rosidl_typesupport_c/shisen_interfaces/srv/configure_capture_setting__type_support.cpp.o[0m
[2.205s] [ 41%] [32mBuilding CXX object CMakeFiles/shisen_interfaces__rosidl_typesupport_c.dir/rosidl_typesupport_c/shisen_interfaces/msg/capture_setting__type_support.cpp.o[0m
[2.205s] [ 42%] [32mBuilding CXX object CMakeFiles/shisen_interfaces__rosidl_typesupport_c.dir/rosidl_typesupport_c/shisen_interfaces/msg/image__type_support.cpp.o[0m
[2.205s] [ 42%] [32mBuilding CXX object CMakeFiles/shisen_interfaces__rosidl_typesupport_c.dir/rosidl_typesupport_c/shisen_interfaces/msg/camera_config__type_support.cpp.o[0m
[2.253s] [ 44%] [32m[1mLinking CXX shared library libshisen_interfaces__rosidl_typesupport_c.so[0m
[2.261s] [ 47%] [32mBuilding CXX object CMakeFiles/shisen_interfaces__rosidl_typesupport_introspection_cpp.dir/rosidl_typesupport_introspection_cpp/shisen_interfaces/msg/detail/image__type_support.cpp.o[0m
[2.261s] [ 47%] [32mBuilding CXX object CMakeFiles/shisen_interfaces__rosidl_typesupport_introspection_cpp.dir/rosidl_typesupport_introspection_cpp/shisen_interfaces/srv/detail/configure_capture_setting__type_support.cpp.o[0m
[2.261s] [ 48%] [32mBuilding CXX object CMakeFiles/shisen_interfaces__rosidl_typesupport_fastrtps_c.dir/rosidl_typesupport_fastrtps_c/shisen_interfaces/msg/detail/capture_setting__type_support_c.cpp.o[0m
[2.261s] [ 50%] [32mBuilding CXX object CMakeFiles/shisen_interfaces__rosidl_typesupport_introspection_cpp.dir/rosidl_typesupport_introspection_cpp/shisen_interfaces/msg/detail/camera_config__type_support.cpp.o[0m
[2.261s] [ 51%] [32mBuilding CXX object CMakeFiles/shisen_interfaces__rosidl_typesupport_fastrtps_c.dir/rosidl_typesupport_fastrtps_c/shisen_interfaces/srv/detail/configure_capture_setting__type_support_c.cpp.o[0m
[2.262s] [ 52%] [32mBuilding CXX object CMakeFiles/shisen_interfaces__rosidl_typesupport_fastrtps_c.dir/rosidl_typesupport_fastrtps_c/shisen_interfaces/msg/detail/camera_config__type_support_c.cpp.o[0m
[2.263s] [ 54%] [32mBuilding CXX object CMakeFiles/shisen_interfaces__rosidl_typesupport_introspection_cpp.dir/rosidl_typesupport_introspection_cpp/shisen_interfaces/msg/detail/capture_setting__type_support.cpp.o[0m
[2.263s] [ 55%] [32mBuilding CXX object CMakeFiles/shisen_interfaces__rosidl_typesupport_fastrtps_c.dir/rosidl_typesupport_fastrtps_c/shisen_interfaces/msg/detail/image__type_support_c.cpp.o[0m
[2.280s] [ 57%] [32mBuilding CXX object CMakeFiles/shisen_interfaces__rosidl_typesupport_cpp.dir/rosidl_typesupport_cpp/shisen_interfaces/msg/camera_config__type_support.cpp.o[0m
[2.292s] [ 58%] [32mBuilding CXX object CMakeFiles/shisen_interfaces__rosidl_typesupport_cpp.dir/rosidl_typesupport_cpp/shisen_interfaces/msg/capture_setting__type_support.cpp.o[0m
[2.293s] [ 58%] Built target shisen_interfaces__rosidl_typesupport_c
[2.297s] [ 60%] [32mBuilding CXX object CMakeFiles/shisen_interfaces__rosidl_typesupport_cpp.dir/rosidl_typesupport_cpp/shisen_interfaces/msg/image__type_support.cpp.o[0m
[2.297s] [ 61%] [32mBuilding CXX object CMakeFiles/shisen_interfaces__rosidl_typesupport_cpp.dir/rosidl_typesupport_cpp/shisen_interfaces/srv/configure_capture_setting__type_support.cpp.o[0m
[2.303s] [ 63%] [32mBuilding C object CMakeFiles/shisen_interfaces__rosidl_typesupport_introspection_c.dir/rosidl_typesupport_introspection_c/shisen_interfaces/msg/detail/camera_config__type_support.c.o[0m
[2.372s] [ 64%] [32mBuilding C object CMakeFiles/shisen_interfaces__rosidl_typesupport_introspection_c.dir/rosidl_typesupport_introspection_c/shisen_interfaces/msg/detail/capture_setting__type_support.c.o[0m
[2.472s] [ 66%] [32mBuilding C object CMakeFiles/shisen_interfaces__rosidl_typesupport_introspection_c.dir/rosidl_typesupport_introspection_c/shisen_interfaces/msg/detail/image__type_support.c.o[0m
[2.868s] [ 67%] [32mBuilding CXX object CMakeFiles/shisen_interfaces__rosidl_typesupport_fastrtps_cpp.dir/rosidl_typesupport_fastrtps_cpp/shisen_interfaces/msg/detail/dds_fastrtps/camera_config__type_support.cpp.o[0m
[3.025s] [ 69%] [32mBuilding C object CMakeFiles/shisen_interfaces__rosidl_typesupport_introspection_c.dir/rosidl_typesupport_introspection_c/shisen_interfaces/srv/detail/configure_capture_setting__type_support.c.o[0m
[3.398s] [ 75%] [32mBuilding CXX object CMakeFiles/shisen_interfaces__rosidl_typesupport_fastrtps_cpp.dir/rosidl_typesupport_fastrtps_cpp/shisen_interfaces/msg/detail/dds_fastrtps/image__type_support.cpp.o[0m
[3.398s] [ 72%] [32mBuilding CXX object CMakeFiles/shisen_interfaces__rosidl_typesupport_fastrtps_cpp.dir/rosidl_typesupport_fastrtps_cpp/shisen_interfaces/msg/detail/dds_fastrtps/capture_setting__type_support.cpp.o[0m
[3.399s] [ 76%] [32m[1mLinking C shared library libshisen_interfaces__rosidl_typesupport_introspection_c.so[0m
[3.399s] [ 76%] [32m[1mLinking CXX shared library libshisen_interfaces__rosidl_typesupport_fastrtps_c.so[0m
[3.399s] [ 76%] [32mBuilding CXX object CMakeFiles/shisen_interfaces__rosidl_typesupport_fastrtps_cpp.dir/rosidl_typesupport_fastrtps_cpp/shisen_interfaces/srv/detail/dds_fastrtps/configure_capture_setting__type_support.cpp.o[0m
[3.407s] [ 77%] [32m[1mLinking CXX shared library libshisen_interfaces__rosidl_typesupport_cpp.so[0m
[3.441s] [ 79%] [32m[1mLinking CXX shared library libshisen_interfaces__rosidl_typesupport_introspection_cpp.so[0m
[3.446s] [ 79%] Built target shisen_interfaces__rosidl_typesupport_introspection_c
[3.498s] [ 79%] Built target shisen_interfaces__rosidl_typesupport_cpp
[3.498s] [ 79%] Built target shisen_interfaces__rosidl_typesupport_fastrtps_c
[3.522s] [ 79%] Built target shisen_interfaces__rosidl_typesupport_introspection_cpp
[3.872s] [ 80%] [32m[1mLinking CXX shared library libshisen_interfaces__rosidl_typesupport_fastrtps_cpp.so[0m
[3.917s] [ 80%] Built target shisen_interfaces__rosidl_typesupport_fastrtps_cpp
[3.936s] [ 80%] Built target shisen_interfaces
[3.952s] [ 82%] [34m[1mGenerating Python code for ROS interfaces[0m
[4.145s] [ 83%] [32m[1mLinking CXX shared library libshisen_proto.so[0m
[4.416s] [ 83%] Built target shisen_interfaces__py
[4.436s] [ 88%] [32mBuilding C object CMakeFiles/shisen_interfaces__rosidl_generator_py.dir/rosidl_generator_py/shisen_interfaces/srv/_configure_capture_setting_s.c.o[0m
[4.436s] [ 88%] [32mBuilding C object CMakeFiles/shisen_interfaces__rosidl_generator_py.dir/rosidl_generator_py/shisen_interfaces/msg/_camera_config_s.c.o[0m
[4.436s] [ 88%] [32mBuilding C object CMakeFiles/shisen_interfaces__rosidl_generator_py.dir/rosidl_generator_py/shisen_interfaces/msg/_image_s.c.o[0m
[4.436s] [ 89%] [32mBuilding C object CMakeFiles/shisen_interfaces__rosidl_generator_py.dir/rosidl_generator_py/shisen_interfaces/msg/_capture_setting_s.c.o[0m
[4.550s] [ 91%] [32m[1mLinking C shared library rosidl_generator_py/shisen_interfaces/libshisen_interfaces__rosidl_generator_py.so[0m
[4.580s] [ 91%] Built target shisen_interfaces__rosidl_generator_py
[4.591s] [ 95%] [32mBuilding C object CMakeFiles/shisen_interfaces__rosidl_typesupport_fastrtps_c__pyext.dir/rosidl_generator_py/shisen_interfaces/_shisen_interfaces_s.ep.rosidl_typesupport_fastrtps_c.c.o[0m
[4.591s] [ 95%] [32mBuilding C object CMakeFiles/shisen_interfaces__rosidl_typesupport_introspection_c__pyext.dir/rosidl_generator_py/shisen_interfaces/_shisen_interfaces_s.ep.rosidl_typesupport_introspection_c.c.o[0m
[4.591s] [ 95%] [32mBuilding C object CMakeFiles/shisen_interfaces__rosidl_typesupport_c__pyext.dir/rosidl_generator_py/shisen_interfaces/_shisen_interfaces_s.ep.rosidl_typesupport_c.c.o[0m
[4.658s] [ 97%] [32m[1mLinking C shared library rosidl_generator_py/shisen_interfaces/shisen_interfaces_s__rosidl_typesupport_introspection_c.cpython-310-x86_64-linux-gnu.so[0m
[4.659s] [100%] [32m[1mLinking C shared library rosidl_generator_py/shisen_interfaces/shisen_interfaces_s__rosidl_typesupport_c.cpython-310-x86_64-linux-gnu.so[0m
[4.659s] [100%] [32m[1mLinking C shared library rosidl_generator_py/shisen_interfaces/shisen_interfaces_s__rosidl_typesupport_fastrtps_c.cpython-310-x86_64-linux-gnu.so[0m
[4.680s] [100%] Built target shisen_interfaces__rosidl_typesupport_c__pyext
[4.681s] [100%] Built target shisen_interfaces__rosidl_typesupport_introspection_c__pyext
[4.681s] [100%] Built target shisen_interfaces__rosidl_typesupport_fastrtps_c__pyext
[5.003s] [100%] Built target shisen_proto
[5.010s] Invoked command in '/home/mbsaloka/Desktop/Ichiro/shisen_app/shisen_interfaces/build/shisen_interfaces' returned '0': CMAKE_PREFIX_PATH=/opt/ros/iron /usr/bin/cmake --build /home/mbsaloka/Desktop/Ichiro/shisen_app/shisen_interfaces/build/shisen_interfaces -- -j16 -l16
[5.077s] Invoking command in '/home/mbsaloka/Desktop/Ichiro/shisen_app/shisen_interfaces/build/shisen_interfaces': CMAKE_PREFIX_PATH=/opt/ros/iron /usr/bin/cmake --install /home/mbsaloka/Desktop/Ichiro/shisen_app/shisen_interfaces/build/shisen_interfaces
[5.082s] -- Install configuration: ""
[5.082s] -- Installing: /home/mbsaloka/Desktop/Ichiro/shisen_app/shisen_interfaces/install/shisen_interfaces/share/ament_index/resource_index/rosidl_interfaces/shisen_interfaces
[5.083s] -- Installing: /home/mbsaloka/Desktop/Ichiro/shisen_app/shisen_interfaces/install/shisen_interfaces/share/shisen_interfaces/msg/CameraConfig.json
[5.083s] -- Installing: /home/mbsaloka/Desktop/Ichiro/shisen_app/shisen_interfaces/install/shisen_interfaces/share/shisen_interfaces/msg/CaptureSetting.json
[5.083s] -- Installing: /home/mbsaloka/Desktop/Ichiro/shisen_app/shisen_interfaces/install/shisen_interfaces/share/shisen_interfaces/msg/Image.json
[5.083s] -- Installing: /home/mbsaloka/Desktop/Ichiro/shisen_app/shisen_interfaces/install/shisen_interfaces/share/shisen_interfaces/srv/ConfigureCaptureSetting.json
[5.083s] -- Installing: /home/mbsaloka/Desktop/Ichiro/shisen_app/shisen_interfaces/install/shisen_interfaces/include/shisen_interfaces/shisen_interfaces
[5.083s] -- Installing: /home/mbsaloka/Desktop/Ichiro/shisen_app/shisen_interfaces/install/shisen_interfaces/include/shisen_interfaces/shisen_interfaces/srv
[5.083s] -- Installing: /home/mbsaloka/Desktop/Ichiro/shisen_app/shisen_interfaces/install/shisen_interfaces/include/shisen_interfaces/shisen_interfaces/srv/configure_capture_setting.h
[5.083s] -- Installing: /home/mbsaloka/Desktop/Ichiro/shisen_app/shisen_interfaces/install/shisen_interfaces/include/shisen_interfaces/shisen_interfaces/srv/detail
[5.083s] -- Installing: /home/mbsaloka/Desktop/Ichiro/shisen_app/shisen_interfaces/install/shisen_interfaces/include/shisen_interfaces/shisen_interfaces/srv/detail/configure_capture_setting__functions.c
[5.084s] -- Installing: /home/mbsaloka/Desktop/Ichiro/shisen_app/shisen_interfaces/install/shisen_interfaces/include/shisen_interfaces/shisen_interfaces/srv/detail/configure_capture_setting__type_support.h
[5.084s] -- Installing: /home/mbsaloka/Desktop/Ichiro/shisen_app/shisen_interfaces/install/shisen_interfaces/include/shisen_interfaces/shisen_interfaces/srv/detail/configure_capture_setting__functions.h
[5.084s] -- Installing: /home/mbsaloka/Desktop/Ichiro/shisen_app/shisen_interfaces/install/shisen_interfaces/include/shisen_interfaces/shisen_interfaces/srv/detail/configure_capture_setting__description.c
[5.084s] -- Installing: /home/mbsaloka/Desktop/Ichiro/shisen_app/shisen_interfaces/install/shisen_interfaces/include/shisen_interfaces/shisen_interfaces/srv/detail/configure_capture_setting__struct.h
[5.084s] -- Installing: /home/mbsaloka/Desktop/Ichiro/shisen_app/shisen_interfaces/install/shisen_interfaces/include/shisen_interfaces/shisen_interfaces/srv/detail/configure_capture_setting__type_support.c
[5.084s] -- Installing: /home/mbsaloka/Desktop/Ichiro/shisen_app/shisen_interfaces/install/shisen_interfaces/include/shisen_interfaces/shisen_interfaces/msg
[5.084s] -- Installing: /home/mbsaloka/Desktop/Ichiro/shisen_app/shisen_interfaces/install/shisen_interfaces/include/shisen_interfaces/shisen_interfaces/msg/capture_setting.h
[5.084s] -- Installing: /home/mbsaloka/Desktop/Ichiro/shisen_app/shisen_interfaces/install/shisen_interfaces/include/shisen_interfaces/shisen_interfaces/msg/image.h
[5.084s] -- Installing: /home/mbsaloka/Desktop/Ichiro/shisen_app/shisen_interfaces/install/shisen_interfaces/include/shisen_interfaces/shisen_interfaces/msg/rosidl_generator_c__visibility_control.h
[5.084s] -- Installing: /home/mbsaloka/Desktop/Ichiro/shisen_app/shisen_interfaces/install/shisen_interfaces/include/shisen_interfaces/shisen_interfaces/msg/camera_config.h
[5.085s] -- Installing: /home/mbsaloka/Desktop/Ichiro/shisen_app/shisen_interfaces/install/shisen_interfaces/include/shisen_interfaces/shisen_interfaces/msg/detail
[5.085s] -- Installing: /home/mbsaloka/Desktop/Ichiro/shisen_app/shisen_interfaces/install/shisen_interfaces/include/shisen_interfaces/shisen_interfaces/msg/detail/capture_setting__functions.h
[5.085s] -- Installing: /home/mbsaloka/Desktop/Ichiro/shisen_app/shisen_interfaces/install/shisen_interfaces/include/shisen_interfaces/shisen_interfaces/msg/detail/camera_config__functions.c
[5.085s] -- Installing: /home/mbsaloka/Desktop/Ichiro/shisen_app/shisen_interfaces/install/shisen_interfaces/include/shisen_interfaces/shisen_interfaces/msg/detail/capture_setting__struct.h
[5.085s] -- Installing: /home/mbsaloka/Desktop/Ichiro/shisen_app/shisen_interfaces/install/shisen_interfaces/include/shisen_interfaces/shisen_interfaces/msg/detail/capture_setting__type_support.c
[5.085s] -- Installing: /home/mbsaloka/Desktop/Ichiro/shisen_app/shisen_interfaces/install/shisen_interfaces/include/shisen_interfaces/shisen_interfaces/msg/detail/camera_config__type_support.c
[5.085s] -- Installing: /home/mbsaloka/Desktop/Ichiro/shisen_app/shisen_interfaces/install/shisen_interfaces/include/shisen_interfaces/shisen_interfaces/msg/detail/image__struct.h
[5.085s] -- Installing: /home/mbsaloka/Desktop/Ichiro/shisen_app/shisen_interfaces/install/shisen_interfaces/include/shisen_interfaces/shisen_interfaces/msg/detail/camera_config__functions.h
[5.085s] -- Installing: /home/mbsaloka/Desktop/Ichiro/shisen_app/shisen_interfaces/install/shisen_interfaces/include/shisen_interfaces/shisen_interfaces/msg/detail/capture_setting__functions.c
[5.085s] -- Installing: /home/mbsaloka/Desktop/Ichiro/shisen_app/shisen_interfaces/install/shisen_interfaces/include/shisen_interfaces/shisen_interfaces/msg/detail/camera_config__description.c
[5.085s] -- Installing: /home/mbsaloka/Desktop/Ichiro/shisen_app/shisen_interfaces/install/shisen_interfaces/include/shisen_interfaces/shisen_interfaces/msg/detail/image__functions.h
[5.085s] -- Installing: /home/mbsaloka/Desktop/Ichiro/shisen_app/shisen_interfaces/install/shisen_interfaces/include/shisen_interfaces/shisen_interfaces/msg/detail/camera_config__struct.h
[5.085s] -- Installing: /home/mbsaloka/Desktop/Ichiro/shisen_app/shisen_interfaces/install/shisen_interfaces/include/shisen_interfaces/shisen_interfaces/msg/detail/capture_setting__description.c
[5.085s] -- Installing: /home/mbsaloka/Desktop/Ichiro/shisen_app/shisen_interfaces/install/shisen_interfaces/include/shisen_interfaces/shisen_interfaces/msg/detail/image__functions.c
[5.086s] -- Installing: /home/mbsaloka/Desktop/Ichiro/shisen_app/shisen_interfaces/install/shisen_interfaces/include/shisen_interfaces/shisen_interfaces/msg/detail/capture_setting__type_support.h
[5.086s] -- Installing: /home/mbsaloka/Desktop/Ichiro/shisen_app/shisen_interfaces/install/shisen_interfaces/include/shisen_interfaces/shisen_interfaces/msg/detail/image__type_support.h
[5.086s] -- Installing: /home/mbsaloka/Desktop/Ichiro/shisen_app/shisen_interfaces/install/shisen_interfaces/include/shisen_interfaces/shisen_interfaces/msg/detail/image__type_support.c
[5.086s] -- Installing: /home/mbsaloka/Desktop/Ichiro/shisen_app/shisen_interfaces/install/shisen_interfaces/include/shisen_interfaces/shisen_interfaces/msg/detail/image__description.c
[5.086s] -- Installing: /home/mbsaloka/Desktop/Ichiro/shisen_app/shisen_interfaces/install/shisen_interfaces/include/shisen_interfaces/shisen_interfaces/msg/detail/camera_config__type_support.h
[5.086s] -- Installing: /home/mbsaloka/Desktop/Ichiro/shisen_app/shisen_interfaces/install/shisen_interfaces/share/shisen_interfaces/environment/library_path.sh
[5.086s] -- Installing: /home/mbsaloka/Desktop/Ichiro/shisen_app/shisen_interfaces/install/shisen_interfaces/share/shisen_interfaces/environment/library_path.dsv
[5.087s] -- Installing: /home/mbsaloka/Desktop/Ichiro/shisen_app/shisen_interfaces/install/shisen_interfaces/lib/libshisen_interfaces__rosidl_generator_c.so
[5.087s] -- Set runtime path of "/home/mbsaloka/Desktop/Ichiro/shisen_app/shisen_interfaces/install/shisen_interfaces/lib/libshisen_interfaces__rosidl_generator_c.so" to ""
[5.087s] -- Up-to-date: /home/mbsaloka/Desktop/Ichiro/shisen_app/shisen_interfaces/install/shisen_interfaces/include/shisen_interfaces/shisen_interfaces
[5.087s] -- Up-to-date: /home/mbsaloka/Desktop/Ichiro/shisen_app/shisen_interfaces/install/shisen_interfaces/include/shisen_interfaces/shisen_interfaces/srv
[5.087s] -- Up-to-date: /home/mbsaloka/Desktop/Ichiro/shisen_app/shisen_interfaces/install/shisen_interfaces/include/shisen_interfaces/shisen_interfaces/srv/detail
[5.087s] -- Installing: /home/mbsaloka/Desktop/Ichiro/shisen_app/shisen_interfaces/install/shisen_interfaces/include/shisen_interfaces/shisen_interfaces/srv/detail/configure_capture_setting__rosidl_typesupport_fastrtps_c.h
[5.087s] -- Up-to-date: /home/mbsaloka/Desktop/Ichiro/shisen_app/shisen_interfaces/install/shisen_interfaces/include/shisen_interfaces/shisen_interfaces/msg
[5.087s] -- Installing: /home/mbsaloka/Desktop/Ichiro/shisen_app/shisen_interfaces/install/shisen_interfaces/include/shisen_interfaces/shisen_interfaces/msg/rosidl_typesupport_fastrtps_c__visibility_control.h
[5.087s] -- Up-to-date: /home/mbsaloka/Desktop/Ichiro/shisen_app/shisen_interfaces/install/shisen_interfaces/include/shisen_interfaces/shisen_interfaces/msg/detail
[5.087s] -- Installing: /home/mbsaloka/Desktop/Ichiro/shisen_app/shisen_interfaces/install/shisen_interfaces/include/shisen_interfaces/shisen_interfaces/msg/detail/image__rosidl_typesupport_fastrtps_c.h
[5.087s] -- Installing: /home/mbsaloka/Desktop/Ichiro/shisen_app/shisen_interfaces/install/shisen_interfaces/include/shisen_interfaces/shisen_interfaces/msg/detail/camera_config__rosidl_typesupport_fastrtps_c.h
[5.088s] -- Installing: /home/mbsaloka/Desktop/Ichiro/shisen_app/shisen_interfaces/install/shisen_interfaces/include/shisen_interfaces/shisen_interfaces/msg/detail/capture_setting__rosidl_typesupport_fastrtps_c.h
[5.088s] -- Installing: /home/mbsaloka/Desktop/Ichiro/shisen_app/shisen_interfaces/install/shisen_interfaces/lib/libshisen_interfaces__rosidl_typesupport_fastrtps_c.so
[5.088s] -- Set runtime path of "/home/mbsaloka/Desktop/Ichiro/shisen_app/shisen_interfaces/install/shisen_interfaces/lib/libshisen_interfaces__rosidl_typesupport_fastrtps_c.so" to ""
[5.088s] -- Up-to-date: /home/mbsaloka/Desktop/Ichiro/shisen_app/shisen_interfaces/install/shisen_interfaces/include/shisen_interfaces/shisen_interfaces
[5.088s] -- Up-to-date: /home/mbsaloka/Desktop/Ichiro/shisen_app/shisen_interfaces/install/shisen_interfaces/include/shisen_interfaces/shisen_interfaces/srv
[5.088s] -- Up-to-date: /home/mbsaloka/Desktop/Ichiro/shisen_app/shisen_interfaces/install/shisen_interfaces/include/shisen_interfaces/shisen_interfaces/srv/detail
[5.088s] -- Installing: /home/mbsaloka/Desktop/Ichiro/shisen_app/shisen_interfaces/install/shisen_interfaces/include/shisen_interfaces/shisen_interfaces/srv/detail/configure_capture_setting__rosidl_typesupport_introspection_c.h
[5.088s] -- Installing: /home/mbsaloka/Desktop/Ichiro/shisen_app/shisen_interfaces/install/shisen_interfaces/include/shisen_interfaces/shisen_interfaces/srv/detail/configure_capture_setting__type_support.c
[5.088s] -- Up-to-date: /home/mbsaloka/Desktop/Ichiro/shisen_app/shisen_interfaces/install/shisen_interfaces/include/shisen_interfaces/shisen_interfaces/msg
[5.088s] -- Installing: /home/mbsaloka/Desktop/Ichiro/shisen_app/shisen_interfaces/install/shisen_interfaces/include/shisen_interfaces/shisen_interfaces/msg/rosidl_typesupport_introspection_c__visibility_control.h
[5.088s] -- Up-to-date: /home/mbsaloka/Desktop/Ichiro/shisen_app/shisen_interfaces/install/shisen_interfaces/include/shisen_interfaces/shisen_interfaces/msg/detail
[5.088s] -- Installing: /home/mbsaloka/Desktop/Ichiro/shisen_app/shisen_interfaces/install/shisen_interfaces/include/shisen_interfaces/shisen_interfaces/msg/detail/capture_setting__rosidl_typesupport_introspection_c.h
[5.088s] -- Installing: /home/mbsaloka/Desktop/Ichiro/shisen_app/shisen_interfaces/install/shisen_interfaces/include/shisen_interfaces/shisen_interfaces/msg/detail/capture_setting__type_support.c
[5.088s] -- Installing: /home/mbsaloka/Desktop/Ichiro/shisen_app/shisen_interfaces/install/shisen_interfaces/include/shisen_interfaces/shisen_interfaces/msg/detail/camera_config__type_support.c
[5.088s] -- Installing: /home/mbsaloka/Desktop/Ichiro/shisen_app/shisen_interfaces/install/shisen_interfaces/include/shisen_interfaces/shisen_interfaces/msg/detail/camera_config__rosidl_typesupport_introspection_c.h
[5.088s] -- Installing: /home/mbsaloka/Desktop/Ichiro/shisen_app/shisen_interfaces/install/shisen_interfaces/include/shisen_interfaces/shisen_interfaces/msg/detail/image__rosidl_typesupport_introspection_c.h
[5.088s] -- Installing: /home/mbsaloka/Desktop/Ichiro/shisen_app/shisen_interfaces/install/shisen_interfaces/include/shisen_interfaces/shisen_interfaces/msg/detail/image__type_support.c
[5.089s] -- Installing: /home/mbsaloka/Desktop/Ichiro/shisen_app/shisen_interfaces/install/shisen_interfaces/lib/libshisen_interfaces__rosidl_typesupport_introspection_c.so
[5.089s] -- Set runtime path of "/home/mbsaloka/Desktop/Ichiro/shisen_app/shisen_interfaces/install/shisen_interfaces/lib/libshisen_interfaces__rosidl_typesupport_introspection_c.so" to ""
[5.089s] -- Installing: /home/mbsaloka/Desktop/Ichiro/shisen_app/shisen_interfaces/install/shisen_interfaces/lib/libshisen_interfaces__rosidl_typesupport_c.so
[5.089s] -- Set runtime path of "/home/mbsaloka/Desktop/Ichiro/shisen_app/shisen_interfaces/install/shisen_interfaces/lib/libshisen_interfaces__rosidl_typesupport_c.so" to ""
[5.089s] -- Up-to-date: /home/mbsaloka/Desktop/Ichiro/shisen_app/shisen_interfaces/install/shisen_interfaces/include/shisen_interfaces/shisen_interfaces
[5.089s] -- Up-to-date: /home/mbsaloka/Desktop/Ichiro/shisen_app/shisen_interfaces/install/shisen_interfaces/include/shisen_interfaces/shisen_interfaces/srv
[5.089s] -- Installing: /home/mbsaloka/Desktop/Ichiro/shisen_app/shisen_interfaces/install/shisen_interfaces/include/shisen_interfaces/shisen_interfaces/srv/configure_capture_setting.hpp
[5.089s] -- Up-to-date: /home/mbsaloka/Desktop/Ichiro/shisen_app/shisen_interfaces/install/shisen_interfaces/include/shisen_interfaces/shisen_interfaces/srv/detail
[5.089s] -- Installing: /home/mbsaloka/Desktop/Ichiro/shisen_app/shisen_interfaces/install/shisen_interfaces/include/shisen_interfaces/shisen_interfaces/srv/detail/configure_capture_setting__struct.hpp
[5.089s] -- Installing: /home/mbsaloka/Desktop/Ichiro/shisen_app/shisen_interfaces/install/shisen_interfaces/include/shisen_interfaces/shisen_interfaces/srv/detail/configure_capture_setting__builder.hpp
[5.089s] -- Installing: /home/mbsaloka/Desktop/Ichiro/shisen_app/shisen_interfaces/install/shisen_interfaces/include/shisen_interfaces/shisen_interfaces/srv/detail/configure_capture_setting__traits.hpp
[5.089s] -- Up-to-date: /home/mbsaloka/Desktop/Ichiro/shisen_app/shisen_interfaces/install/shisen_interfaces/include/shisen_interfaces/shisen_interfaces/msg
[5.089s] -- Installing: /home/mbsaloka/Desktop/Ichiro/shisen_app/shisen_interfaces/install/shisen_interfaces/include/shisen_interfaces/shisen_interfaces/msg/image.hpp
[5.090s] -- Installing: /home/mbsaloka/Desktop/Ichiro/shisen_app/shisen_interfaces/install/shisen_interfaces/include/shisen_interfaces/shisen_interfaces/msg/camera_config.hpp
[5.090s] -- Installing: /home/mbsaloka/Desktop/Ichiro/shisen_app/shisen_interfaces/install/shisen_interfaces/include/shisen_interfaces/shisen_interfaces/msg/capture_setting.hpp
[5.090s] -- Up-to-date: /home/mbsaloka/Desktop/Ichiro/shisen_app/shisen_interfaces/install/shisen_interfaces/include/shisen_interfaces/shisen_interfaces/msg/detail
[5.090s] -- Installing: /home/mbsaloka/Desktop/Ichiro/shisen_app/shisen_interfaces/install/shisen_interfaces/include/shisen_interfaces/shisen_interfaces/msg/detail/image__builder.hpp
[5.090s] -- Installing: /home/mbsaloka/Desktop/Ichiro/shisen_app/shisen_interfaces/install/shisen_interfaces/include/shisen_interfaces/shisen_interfaces/msg/detail/camera_config__traits.hpp
[5.090s] -- Installing: /home/mbsaloka/Desktop/Ichiro/shisen_app/shisen_interfaces/install/shisen_interfaces/include/shisen_interfaces/shisen_interfaces/msg/detail/capture_setting__traits.hpp
[5.090s] -- Installing: /home/mbsaloka/Desktop/Ichiro/shisen_app/shisen_interfaces/install/shisen_interfaces/include/shisen_interfaces/shisen_interfaces/msg/detail/capture_setting__builder.hpp
[5.090s] -- Installing: /home/mbsaloka/Desktop/Ichiro/shisen_app/shisen_interfaces/install/shisen_interfaces/include/shisen_interfaces/shisen_interfaces/msg/detail/camera_config__builder.hpp
[5.090s] -- Installing: /home/mbsaloka/Desktop/Ichiro/shisen_app/shisen_interfaces/install/shisen_interfaces/include/shisen_interfaces/shisen_interfaces/msg/detail/image__traits.hpp
[5.090s] -- Installing: /home/mbsaloka/Desktop/Ichiro/shisen_app/shisen_interfaces/install/shisen_interfaces/include/shisen_interfaces/shisen_interfaces/msg/detail/camera_config__struct.hpp
[5.091s] -- Installing: /home/mbsaloka/Desktop/Ichiro/shisen_app/shisen_interfaces/install/shisen_interfaces/include/shisen_interfaces/shisen_interfaces/msg/detail/image__struct.hpp
[5.091s] -- Installing: /home/mbsaloka/Desktop/Ichiro/shisen_app/shisen_interfaces/install/shisen_interfaces/include/shisen_interfaces/shisen_interfaces/msg/detail/capture_setting__struct.hpp
[5.091s] -- Up-to-date: /home/mbsaloka/Desktop/Ichiro/shisen_app/shisen_interfaces/install/shisen_interfaces/include/shisen_interfaces/shisen_interfaces
[5.091s] -- Up-to-date: /home/mbsaloka/Desktop/Ichiro/shisen_app/shisen_interfaces/install/shisen_interfaces/include/shisen_interfaces/shisen_interfaces/srv
[5.091s] -- Up-to-date: /home/mbsaloka/Desktop/Ichiro/shisen_app/shisen_interfaces/install/shisen_interfaces/include/shisen_interfaces/shisen_interfaces/srv/detail
[5.091s] -- Installing: /home/mbsaloka/Desktop/Ichiro/shisen_app/shisen_interfaces/install/shisen_interfaces/include/shisen_interfaces/shisen_interfaces/srv/detail/dds_fastrtps
[5.091s] -- Installing: /home/mbsaloka/Desktop/Ichiro/shisen_app/shisen_interfaces/install/shisen_interfaces/include/shisen_interfaces/shisen_interfaces/srv/detail/configure_capture_setting__rosidl_typesupport_fastrtps_cpp.hpp
[5.091s] -- Up-to-date: /home/mbsaloka/Desktop/Ichiro/shisen_app/shisen_interfaces/install/shisen_interfaces/include/shisen_interfaces/shisen_interfaces/msg
[5.091s] -- Installing: /home/mbsaloka/Desktop/Ichiro/shisen_app/shisen_interfaces/install/shisen_interfaces/include/shisen_interfaces/shisen_interfaces/msg/rosidl_typesupport_fastrtps_cpp__visibility_control.h
[5.091s] -- Up-to-date: /home/mbsaloka/Desktop/Ichiro/shisen_app/shisen_interfaces/install/shisen_interfaces/include/shisen_interfaces/shisen_interfaces/msg/detail
[5.091s] -- Installing: /home/mbsaloka/Desktop/Ichiro/shisen_app/shisen_interfaces/install/shisen_interfaces/include/shisen_interfaces/shisen_interfaces/msg/detail/dds_fastrtps
[5.091s] -- Installing: /home/mbsaloka/Desktop/Ichiro/shisen_app/shisen_interfaces/install/shisen_interfaces/include/shisen_interfaces/shisen_interfaces/msg/detail/image__rosidl_typesupport_fastrtps_cpp.hpp
[5.091s] -- Installing: /home/mbsaloka/Desktop/Ichiro/shisen_app/shisen_interfaces/install/shisen_interfaces/include/shisen_interfaces/shisen_interfaces/msg/detail/camera_config__rosidl_typesupport_fastrtps_cpp.hpp
[5.091s] -- Installing: /home/mbsaloka/Desktop/Ichiro/shisen_app/shisen_interfaces/install/shisen_interfaces/include/shisen_interfaces/shisen_interfaces/msg/detail/capture_setting__rosidl_typesupport_fastrtps_cpp.hpp
[5.091s] -- Installing: /home/mbsaloka/Desktop/Ichiro/shisen_app/shisen_interfaces/install/shisen_interfaces/lib/libshisen_interfaces__rosidl_typesupport_fastrtps_cpp.so
[5.091s] -- Set runtime path of "/home/mbsaloka/Desktop/Ichiro/shisen_app/shisen_interfaces/install/shisen_interfaces/lib/libshisen_interfaces__rosidl_typesupport_fastrtps_cpp.so" to ""
[5.091s] -- Up-to-date: /home/mbsaloka/Desktop/Ichiro/shisen_app/shisen_interfaces/install/shisen_interfaces/include/shisen_interfaces/shisen_interfaces
[5.092s] -- Up-to-date: /home/mbsaloka/Desktop/Ichiro/shisen_app/shisen_interfaces/install/shisen_interfaces/include/shisen_interfaces/shisen_interfaces/srv
[5.092s] -- Up-to-date: /home/mbsaloka/Desktop/Ichiro/shisen_app/shisen_interfaces/install/shisen_interfaces/include/shisen_interfaces/shisen_interfaces/srv/detail
[5.092s] -- Installing: /home/mbsaloka/Desktop/Ichiro/shisen_app/shisen_interfaces/install/shisen_interfaces/include/shisen_interfaces/shisen_interfaces/srv/detail/configure_capture_setting__type_support.cpp
[5.092s] -- Installing: /home/mbsaloka/Desktop/Ichiro/shisen_app/shisen_interfaces/install/shisen_interfaces/include/shisen_interfaces/shisen_interfaces/srv/detail/configure_capture_setting__rosidl_typesupport_introspection_cpp.hpp
[5.092s] -- Up-to-date: /home/mbsaloka/Desktop/Ichiro/shisen_app/shisen_interfaces/install/shisen_interfaces/include/shisen_interfaces/shisen_interfaces/msg
[5.092s] -- Up-to-date: /home/mbsaloka/Desktop/Ichiro/shisen_app/shisen_interfaces/install/shisen_interfaces/include/shisen_interfaces/shisen_interfaces/msg/detail
[5.092s] -- Installing: /home/mbsaloka/Desktop/Ichiro/shisen_app/shisen_interfaces/install/shisen_interfaces/include/shisen_interfaces/shisen_interfaces/msg/detail/capture_setting__rosidl_typesupport_introspection_cpp.hpp
[5.092s] -- Installing: /home/mbsaloka/Desktop/Ichiro/shisen_app/shisen_interfaces/install/shisen_interfaces/include/shisen_interfaces/shisen_interfaces/msg/detail/image__type_support.cpp
[5.092s] -- Installing: /home/mbsaloka/Desktop/Ichiro/shisen_app/shisen_interfaces/install/shisen_interfaces/include/shisen_interfaces/shisen_interfaces/msg/detail/camera_config__type_support.cpp
[5.092s] -- Installing: /home/mbsaloka/Desktop/Ichiro/shisen_app/shisen_interfaces/install/shisen_interfaces/include/shisen_interfaces/shisen_interfaces/msg/detail/camera_config__rosidl_typesupport_introspection_cpp.hpp
[5.092s] -- Installing: /home/mbsaloka/Desktop/Ichiro/shisen_app/shisen_interfaces/install/shisen_interfaces/include/shisen_interfaces/shisen_interfaces/msg/detail/image__rosidl_typesupport_introspection_cpp.hpp
[5.092s] -- Installing: /home/mbsaloka/Desktop/Ichiro/shisen_app/shisen_interfaces/install/shisen_interfaces/include/shisen_interfaces/shisen_interfaces/msg/detail/capture_setting__type_support.cpp
[5.092s] -- Installing: /home/mbsaloka/Desktop/Ichiro/shisen_app/shisen_interfaces/install/shisen_interfaces/lib/libshisen_interfaces__rosidl_typesupport_introspection_cpp.so
[5.093s] -- Set runtime path of "/home/mbsaloka/Desktop/Ichiro/shisen_app/shisen_interfaces/install/shisen_interfaces/lib/libshisen_interfaces__rosidl_typesupport_introspection_cpp.so" to ""
[5.093s] -- Installing: /home/mbsaloka/Desktop/Ichiro/shisen_app/shisen_interfaces/install/shisen_interfaces/lib/libshisen_interfaces__rosidl_typesupport_cpp.so
[5.093s] -- Set runtime path of "/home/mbsaloka/Desktop/Ichiro/shisen_app/shisen_interfaces/install/shisen_interfaces/lib/libshisen_interfaces__rosidl_typesupport_cpp.so" to ""
[5.093s] -- Installing: /home/mbsaloka/Desktop/Ichiro/shisen_app/shisen_interfaces/install/shisen_interfaces/share/shisen_interfaces/environment/pythonpath.sh
[5.093s] -- Installing: /home/mbsaloka/Desktop/Ichiro/shisen_app/shisen_interfaces/install/shisen_interfaces/share/shisen_interfaces/environment/pythonpath.dsv
[5.093s] -- Installing: /home/mbsaloka/Desktop/Ichiro/shisen_app/shisen_interfaces/install/shisen_interfaces/lib/python3.10/site-packages/shisen_interfaces-0.2.0-py3.10.egg-info
[5.093s] -- Installing: /home/mbsaloka/Desktop/Ichiro/shisen_app/shisen_interfaces/install/shisen_interfaces/lib/python3.10/site-packages/shisen_interfaces-0.2.0-py3.10.egg-info/top_level.txt
[5.093s] -- Installing: /home/mbsaloka/Desktop/Ichiro/shisen_app/shisen_interfaces/install/shisen_interfaces/lib/python3.10/site-packages/shisen_interfaces-0.2.0-py3.10.egg-info/PKG-INFO
[5.093s] -- Installing: /home/mbsaloka/Desktop/Ichiro/shisen_app/shisen_interfaces/install/shisen_interfaces/lib/python3.10/site-packages/shisen_interfaces-0.2.0-py3.10.egg-info/dependency_links.txt
[5.094s] -- Installing: /home/mbsaloka/Desktop/Ichiro/shisen_app/shisen_interfaces/install/shisen_interfaces/lib/python3.10/site-packages/shisen_interfaces-0.2.0-py3.10.egg-info/SOURCES.txt
[5.094s] -- Installing: /home/mbsaloka/Desktop/Ichiro/shisen_app/shisen_interfaces/install/shisen_interfaces/lib/python3.10/site-packages/shisen_interfaces
[5.094s] -- Installing: /home/mbsaloka/Desktop/Ichiro/shisen_app/shisen_interfaces/install/shisen_interfaces/lib/python3.10/site-packages/shisen_interfaces/shisen_interfaces_s__rosidl_typesupport_fastrtps_c.cpython-310-x86_64-linux-gnu.so
[5.094s] -- Installing: /home/mbsaloka/Desktop/Ichiro/shisen_app/shisen_interfaces/install/shisen_interfaces/lib/python3.10/site-packages/shisen_interfaces/shisen_interfaces_s__rosidl_typesupport_c.cpython-310-x86_64-linux-gnu.so
[5.094s] -- Installing: /home/mbsaloka/Desktop/Ichiro/shisen_app/shisen_interfaces/install/shisen_interfaces/lib/python3.10/site-packages/shisen_interfaces/_shisen_interfaces_s.ep.rosidl_typesupport_fastrtps_c.c
[5.094s] -- Installing: /home/mbsaloka/Desktop/Ichiro/shisen_app/shisen_interfaces/install/shisen_interfaces/lib/python3.10/site-packages/shisen_interfaces/_shisen_interfaces_s.ep.rosidl_typesupport_introspection_c.c
[5.094s] -- Installing: /home/mbsaloka/Desktop/Ichiro/shisen_app/shisen_interfaces/install/shisen_interfaces/lib/python3.10/site-packages/shisen_interfaces/_shisen_interfaces_s.ep.rosidl_typesupport_c.c
[5.094s] -- Installing: /home/mbsaloka/Desktop/Ichiro/shisen_app/shisen_interfaces/install/shisen_interfaces/lib/python3.10/site-packages/shisen_interfaces/libshisen_interfaces__rosidl_generator_py.so
[5.094s] -- Installing: /home/mbsaloka/Desktop/Ichiro/shisen_app/shisen_interfaces/install/shisen_interfaces/lib/python3.10/site-packages/shisen_interfaces/srv
[5.094s] -- Installing: /home/mbsaloka/Desktop/Ichiro/shisen_app/shisen_interfaces/install/shisen_interfaces/lib/python3.10/site-packages/shisen_interfaces/srv/_configure_capture_setting.py
[5.094s] -- Installing: /home/mbsaloka/Desktop/Ichiro/shisen_app/shisen_interfaces/install/shisen_interfaces/lib/python3.10/site-packages/shisen_interfaces/srv/_configure_capture_setting_s.c
[5.094s] -- Installing: /home/mbsaloka/Desktop/Ichiro/shisen_app/shisen_interfaces/install/shisen_interfaces/lib/python3.10/site-packages/shisen_interfaces/srv/__init__.py
[5.094s] -- Installing: /home/mbsaloka/Desktop/Ichiro/shisen_app/shisen_interfaces/install/shisen_interfaces/lib/python3.10/site-packages/shisen_interfaces/__init__.py
[5.094s] -- Installing: /home/mbsaloka/Desktop/Ichiro/shisen_app/shisen_interfaces/install/shisen_interfaces/lib/python3.10/site-packages/shisen_interfaces/msg
[5.094s] -- Installing: /home/mbsaloka/Desktop/Ichiro/shisen_app/shisen_interfaces/install/shisen_interfaces/lib/python3.10/site-packages/shisen_interfaces/msg/_capture_setting_s.c
[5.095s] -- Installing: /home/mbsaloka/Desktop/Ichiro/shisen_app/shisen_interfaces/install/shisen_interfaces/lib/python3.10/site-packages/shisen_interfaces/msg/_camera_config_s.c
[5.095s] -- Installing: /home/mbsaloka/Desktop/Ichiro/shisen_app/shisen_interfaces/install/shisen_interfaces/lib/python3.10/site-packages/shisen_interfaces/msg/_image_s.c
[5.095s] -- Installing: /home/mbsaloka/Desktop/Ichiro/shisen_app/shisen_interfaces/install/shisen_interfaces/lib/python3.10/site-packages/shisen_interfaces/msg/_camera_config.py
[5.095s] -- Installing: /home/mbsaloka/Desktop/Ichiro/shisen_app/shisen_interfaces/install/shisen_interfaces/lib/python3.10/site-packages/shisen_interfaces/msg/_image.py
[5.095s] -- Installing: /home/mbsaloka/Desktop/Ichiro/shisen_app/shisen_interfaces/install/shisen_interfaces/lib/python3.10/site-packages/shisen_interfaces/msg/_capture_setting.py
[5.095s] -- Installing: /home/mbsaloka/Desktop/Ichiro/shisen_app/shisen_interfaces/install/shisen_interfaces/lib/python3.10/site-packages/shisen_interfaces/msg/__init__.py
[5.095s] -- Installing: /home/mbsaloka/Desktop/Ichiro/shisen_app/shisen_interfaces/install/shisen_interfaces/lib/python3.10/site-packages/shisen_interfaces/shisen_interfaces_s__rosidl_typesupport_introspection_c.cpython-310-x86_64-linux-gnu.so
[5.116s] Listing '/home/mbsaloka/Desktop/Ichiro/shisen_app/shisen_interfaces/install/shisen_interfaces/lib/python3.10/site-packages/shisen_interfaces'...
[5.116s] Compiling '/home/mbsaloka/Desktop/Ichiro/shisen_app/shisen_interfaces/install/shisen_interfaces/lib/python3.10/site-packages/shisen_interfaces/__init__.py'...
[5.116s] Listing '/home/mbsaloka/Desktop/Ichiro/shisen_app/shisen_interfaces/install/shisen_interfaces/lib/python3.10/site-packages/shisen_interfaces/msg'...
[5.116s] Compiling '/home/mbsaloka/Desktop/Ichiro/shisen_app/shisen_interfaces/install/shisen_interfaces/lib/python3.10/site-packages/shisen_interfaces/msg/__init__.py'...
[5.116s] Compiling '/home/mbsaloka/Desktop/Ichiro/shisen_app/shisen_interfaces/install/shisen_interfaces/lib/python3.10/site-packages/shisen_interfaces/msg/_camera_config.py'...
[5.116s] Compiling '/home/mbsaloka/Desktop/Ichiro/shisen_app/shisen_interfaces/install/shisen_interfaces/lib/python3.10/site-packages/shisen_interfaces/msg/_capture_setting.py'...
[5.116s] Compiling '/home/mbsaloka/Desktop/Ichiro/shisen_app/shisen_interfaces/install/shisen_interfaces/lib/python3.10/site-packages/shisen_interfaces/msg/_image.py'...
[5.116s] Listing '/home/mbsaloka/Desktop/Ichiro/shisen_app/shisen_interfaces/install/shisen_interfaces/lib/python3.10/site-packages/shisen_interfaces/srv'...
[5.116s] Compiling '/home/mbsaloka/Desktop/Ichiro/shisen_app/shisen_interfaces/install/shisen_interfaces/lib/python3.10/site-packages/shisen_interfaces/srv/__init__.py'...
[5.116s] Compiling '/home/mbsaloka/Desktop/Ichiro/shisen_app/shisen_interfaces/install/shisen_interfaces/lib/python3.10/site-packages/shisen_interfaces/srv/_configure_capture_setting.py'...
[5.119s] -- Installing: /home/mbsaloka/Desktop/Ichiro/shisen_app/shisen_interfaces/install/shisen_interfaces/lib/python3.10/site-packages/shisen_interfaces/shisen_interfaces_s__rosidl_typesupport_fastrtps_c.cpython-310-x86_64-linux-gnu.so
[5.119s] -- Set runtime path of "/home/mbsaloka/Desktop/Ichiro/shisen_app/shisen_interfaces/install/shisen_interfaces/lib/python3.10/site-packages/shisen_interfaces/shisen_interfaces_s__rosidl_typesupport_fastrtps_c.cpython-310-x86_64-linux-gnu.so" to ""
[5.119s] -- Installing: /home/mbsaloka/Desktop/Ichiro/shisen_app/shisen_interfaces/install/shisen_interfaces/lib/python3.10/site-packages/shisen_interfaces/shisen_interfaces_s__rosidl_typesupport_introspection_c.cpython-310-x86_64-linux-gnu.so
[5.119s] -- Set runtime path of "/home/mbsaloka/Desktop/Ichiro/shisen_app/shisen_interfaces/install/shisen_interfaces/lib/python3.10/site-packages/shisen_interfaces/shisen_interfaces_s__rosidl_typesupport_introspection_c.cpython-310-x86_64-linux-gnu.so" to ""
[5.119s] -- Installing: /home/mbsaloka/Desktop/Ichiro/shisen_app/shisen_interfaces/install/shisen_interfaces/lib/python3.10/site-packages/shisen_interfaces/shisen_interfaces_s__rosidl_typesupport_c.cpython-310-x86_64-linux-gnu.so
[5.119s] -- Set runtime path of "/home/mbsaloka/Desktop/Ichiro/shisen_app/shisen_interfaces/install/shisen_interfaces/lib/python3.10/site-packages/shisen_interfaces/shisen_interfaces_s__rosidl_typesupport_c.cpython-310-x86_64-linux-gnu.so" to ""
[5.119s] -- Installing: /home/mbsaloka/Desktop/Ichiro/shisen_app/shisen_interfaces/install/shisen_interfaces/lib/libshisen_interfaces__rosidl_generator_py.so
[5.119s] -- Set runtime path of "/home/mbsaloka/Desktop/Ichiro/shisen_app/shisen_interfaces/install/shisen_interfaces/lib/libshisen_interfaces__rosidl_generator_py.so" to ""
[5.119s] -- Installing: /home/mbsaloka/Desktop/Ichiro/shisen_app/shisen_interfaces/install/shisen_interfaces/share/shisen_interfaces/msg/CameraConfig.idl
[5.119s] -- Installing: /home/mbsaloka/Desktop/Ichiro/shisen_app/shisen_interfaces/install/shisen_interfaces/share/shisen_interfaces/msg/CaptureSetting.idl
[5.119s] -- Installing: /home/mbsaloka/Desktop/Ichiro/shisen_app/shisen_interfaces/install/shisen_interfaces/share/shisen_interfaces/msg/Image.idl
[5.119s] -- Installing: /home/mbsaloka/Desktop/Ichiro/shisen_app/shisen_interfaces/install/shisen_interfaces/share/shisen_interfaces/srv/ConfigureCaptureSetting.idl
[5.120s] -- Installing: /home/mbsaloka/Desktop/Ichiro/shisen_app/shisen_interfaces/install/shisen_interfaces/share/shisen_interfaces/msg/CameraConfig.msg
[5.120s] -- Installing: /home/mbsaloka/Desktop/Ichiro/shisen_app/shisen_interfaces/install/shisen_interfaces/share/shisen_interfaces/msg/CaptureSetting.msg
[5.120s] -- Installing: /home/mbsaloka/Desktop/Ichiro/shisen_app/shisen_interfaces/install/shisen_interfaces/share/shisen_interfaces/msg/Image.msg
[5.120s] -- Installing: /home/mbsaloka/Desktop/Ichiro/shisen_app/shisen_interfaces/install/shisen_interfaces/share/shisen_interfaces/srv/ConfigureCaptureSetting.srv
[5.120s] -- Installing: /home/mbsaloka/Desktop/Ichiro/shisen_app/shisen_interfaces/install/shisen_interfaces/share/shisen_interfaces/srv/ConfigureCaptureSetting_Request.msg
[5.120s] -- Installing: /home/mbsaloka/Desktop/Ichiro/shisen_app/shisen_interfaces/install/shisen_interfaces/share/shisen_interfaces/srv/ConfigureCaptureSetting_Response.msg
[5.120s] -- Up-to-date: /home/mbsaloka/Desktop/Ichiro/shisen_app/shisen_interfaces/install/shisen_interfaces/include/shisen_interfaces
[5.120s] -- Installing: /home/mbsaloka/Desktop/Ichiro/shisen_app/shisen_interfaces/install/shisen_interfaces/include/shisen_interfaces/shisen.grpc.pb.h
[5.121s] -- Installing: /home/mbsaloka/Desktop/Ichiro/shisen_app/shisen_interfaces/install/shisen_interfaces/include/shisen_interfaces/shisen.grpc.pb.cc
[5.121s] -- Installing: /home/mbsaloka/Desktop/Ichiro/shisen_app/shisen_interfaces/install/shisen_interfaces/include/shisen_interfaces/shisen.pb.cc
[5.121s] -- Installing: /home/mbsaloka/Desktop/Ichiro/shisen_app/shisen_interfaces/install/shisen_interfaces/include/shisen_interfaces/shisen.pb.h
[5.121s] -- Installing: /home/mbsaloka/Desktop/Ichiro/shisen_app/shisen_interfaces/install/shisen_interfaces/lib/libshisen_proto.so
[5.129s] -- Installing: /home/mbsaloka/Desktop/Ichiro/shisen_app/shisen_interfaces/install/shisen_interfaces/share/ament_index/resource_index/package_run_dependencies/shisen_interfaces
[5.129s] -- Installing: /home/mbsaloka/Desktop/Ichiro/shisen_app/shisen_interfaces/install/shisen_interfaces/share/ament_index/resource_index/parent_prefix_path/shisen_interfaces
[5.130s] -- Installing: /home/mbsaloka/Desktop/Ichiro/shisen_app/shisen_interfaces/install/shisen_interfaces/share/shisen_interfaces/environment/ament_prefix_path.sh
[5.130s] -- Installing: /home/mbsaloka/Desktop/Ichiro/shisen_app/shisen_interfaces/install/shisen_interfaces/share/shisen_interfaces/environment/ament_prefix_path.dsv
[5.130s] -- Installing: /home/mbsaloka/Desktop/Ichiro/shisen_app/shisen_interfaces/install/shisen_interfaces/share/shisen_interfaces/environment/path.sh
[5.131s] -- Installing: /home/mbsaloka/Desktop/Ichiro/shisen_app/shisen_interfaces/install/shisen_interfaces/share/shisen_interfaces/environment/path.dsv
[5.131s] -- Installing: /home/mbsaloka/Desktop/Ichiro/shisen_app/shisen_interfaces/install/shisen_interfaces/share/shisen_interfaces/local_setup.bash
[5.131s] -- Installing: /home/mbsaloka/Desktop/Ichiro/shisen_app/shisen_interfaces/install/shisen_interfaces/share/shisen_interfaces/local_setup.sh
[5.131s] -- Installing: /home/mbsaloka/Desktop/Ichiro/shisen_app/shisen_interfaces/install/shisen_interfaces/share/shisen_interfaces/local_setup.zsh
[5.131s] -- Installing: /home/mbsaloka/Desktop/Ichiro/shisen_app/shisen_interfaces/install/shisen_interfaces/share/shisen_interfaces/local_setup.dsv
[5.131s] -- Installing: /home/mbsaloka/Desktop/Ichiro/shisen_app/shisen_interfaces/install/shisen_interfaces/share/shisen_interfaces/package.dsv
[5.132s] -- Installing: /home/mbsaloka/Desktop/Ichiro/shisen_app/shisen_interfaces/install/shisen_interfaces/share/ament_index/resource_index/packages/shisen_interfaces
[5.132s] -- Installing: /home/mbsaloka/Desktop/Ichiro/shisen_app/shisen_interfaces/install/shisen_interfaces/share/shisen_interfaces/cmake/export_shisen_interfaces__rosidl_generator_cExport.cmake
[5.132s] -- Installing: /home/mbsaloka/Desktop/Ichiro/shisen_app/shisen_interfaces/install/shisen_interfaces/share/shisen_interfaces/cmake/export_shisen_interfaces__rosidl_generator_cExport-noconfig.cmake
[5.132s] -- Installing: /home/mbsaloka/Desktop/Ichiro/shisen_app/shisen_interfaces/install/shisen_interfaces/share/shisen_interfaces/cmake/export_shisen_interfaces__rosidl_typesupport_fastrtps_cExport.cmake
[5.133s] -- Installing: /home/mbsaloka/Desktop/Ichiro/shisen_app/shisen_interfaces/install/shisen_interfaces/share/shisen_interfaces/cmake/export_shisen_interfaces__rosidl_typesupport_fastrtps_cExport-noconfig.cmake
[5.133s] -- Installing: /home/mbsaloka/Desktop/Ichiro/shisen_app/shisen_interfaces/install/shisen_interfaces/share/shisen_interfaces/cmake/shisen_interfaces__rosidl_typesupport_introspection_cExport.cmake
[5.133s] -- Installing: /home/mbsaloka/Desktop/Ichiro/shisen_app/shisen_interfaces/install/shisen_interfaces/share/shisen_interfaces/cmake/shisen_interfaces__rosidl_typesupport_introspection_cExport-noconfig.cmake
[5.133s] -- Installing: /home/mbsaloka/Desktop/Ichiro/shisen_app/shisen_interfaces/install/shisen_interfaces/share/shisen_interfaces/cmake/shisen_interfaces__rosidl_typesupport_cExport.cmake
[5.133s] -- Installing: /home/mbsaloka/Desktop/Ichiro/shisen_app/shisen_interfaces/install/shisen_interfaces/share/shisen_interfaces/cmake/shisen_interfaces__rosidl_typesupport_cExport-noconfig.cmake
[5.134s] -- Installing: /home/mbsaloka/Desktop/Ichiro/shisen_app/shisen_interfaces/install/shisen_interfaces/share/shisen_interfaces/cmake/export_shisen_interfaces__rosidl_generator_cppExport.cmake
[5.134s] -- Installing: /home/mbsaloka/Desktop/Ichiro/shisen_app/shisen_interfaces/install/shisen_interfaces/share/shisen_interfaces/cmake/export_shisen_interfaces__rosidl_typesupport_fastrtps_cppExport.cmake
[5.134s] -- Installing: /home/mbsaloka/Desktop/Ichiro/shisen_app/shisen_interfaces/install/shisen_interfaces/share/shisen_interfaces/cmake/export_shisen_interfaces__rosidl_typesupport_fastrtps_cppExport-noconfig.cmake
[5.134s] -- Installing: /home/mbsaloka/Desktop/Ichiro/shisen_app/shisen_interfaces/install/shisen_interfaces/share/shisen_interfaces/cmake/shisen_interfaces__rosidl_typesupport_introspection_cppExport.cmake
[5.135s] -- Installing: /home/mbsaloka/Desktop/Ichiro/shisen_app/shisen_interfaces/install/shisen_interfaces/share/shisen_interfaces/cmake/shisen_interfaces__rosidl_typesupport_introspection_cppExport-noconfig.cmake
[5.135s] -- Installing: /home/mbsaloka/Desktop/Ichiro/shisen_app/shisen_interfaces/install/shisen_interfaces/share/shisen_interfaces/cmake/shisen_interfaces__rosidl_typesupport_cppExport.cmake
[5.135s] -- Installing: /home/mbsaloka/Desktop/Ichiro/shisen_app/shisen_interfaces/install/shisen_interfaces/share/shisen_interfaces/cmake/shisen_interfaces__rosidl_typesupport_cppExport-noconfig.cmake
[5.135s] -- Installing: /home/mbsaloka/Desktop/Ichiro/shisen_app/shisen_interfaces/install/shisen_interfaces/share/shisen_interfaces/cmake/export_shisen_interfaces__rosidl_generator_pyExport.cmake
[5.136s] -- Installing: /home/mbsaloka/Desktop/Ichiro/shisen_app/shisen_interfaces/install/shisen_interfaces/share/shisen_interfaces/cmake/export_shisen_interfaces__rosidl_generator_pyExport-noconfig.cmake
[5.136s] -- Installing: /home/mbsaloka/Desktop/Ichiro/shisen_app/shisen_interfaces/install/shisen_interfaces/share/shisen_interfaces/cmake/shisen_protoExport.cmake
[5.136s] -- Installing: /home/mbsaloka/Desktop/Ichiro/shisen_app/shisen_interfaces/install/shisen_interfaces/share/shisen_interfaces/cmake/shisen_protoExport-noconfig.cmake
[5.136s] -- Installing: /home/mbsaloka/Desktop/Ichiro/shisen_app/shisen_interfaces/install/shisen_interfaces/share/shisen_interfaces/cmake/rosidl_cmake-extras.cmake
[5.136s] -- Installing: /home/mbsaloka/Desktop/Ichiro/shisen_app/shisen_interfaces/install/shisen_interfaces/share/shisen_interfaces/cmake/ament_cmake_export_dependencies-extras.cmake
[5.136s] -- Installing: /home/mbsaloka/Desktop/Ichiro/shisen_app/shisen_interfaces/install/shisen_interfaces/share/shisen_interfaces/cmake/ament_cmake_export_include_directories-extras.cmake
[5.137s] -- Installing: /home/mbsaloka/Desktop/Ichiro/shisen_app/shisen_interfaces/install/shisen_interfaces/share/shisen_interfaces/cmake/ament_cmake_export_libraries-extras.cmake
[5.137s] -- Installing: /home/mbsaloka/Desktop/Ichiro/shisen_app/shisen_interfaces/install/shisen_interfaces/share/shisen_interfaces/cmake/ament_cmake_export_targets-extras.cmake
[5.137s] -- Installing: /home/mbsaloka/Desktop/Ichiro/shisen_app/shisen_interfaces/install/shisen_interfaces/share/shisen_interfaces/cmake/rosidl_cmake_export_typesupport_targets-extras.cmake
[5.137s] -- Installing: /home/mbsaloka/Desktop/Ichiro/shisen_app/shisen_interfaces/install/shisen_interfaces/share/shisen_interfaces/cmake/rosidl_cmake_export_typesupport_libraries-extras.cmake
[5.137s] -- Installing: /home/mbsaloka/Desktop/Ichiro/shisen_app/shisen_interfaces/install/shisen_interfaces/share/shisen_interfaces/cmake/shisen_interfacesConfig.cmake
[5.137s] -- Installing: /home/mbsaloka/Desktop/Ichiro/shisen_app/shisen_interfaces/install/shisen_interfaces/share/shisen_interfaces/cmake/shisen_interfacesConfig-version.cmake
[5.137s] -- Installing: /home/mbsaloka/Desktop/Ichiro/shisen_app/shisen_interfaces/install/shisen_interfaces/share/shisen_interfaces/package.xml
[5.140s] Invoked command in '/home/mbsaloka/Desktop/Ichiro/shisen_app/shisen_interfaces/build/shisen_interfaces' returned '0': CMAKE_PREFIX_PATH=/opt/ros/iron /usr/bin/cmake --install /home/mbsaloka/Desktop/Ichiro/shisen_app/shisen_interfaces/build/shisen_interfaces
